<?xml version="1.0" encoding="UTF-8"?>
<robot generator="Robot 4.1.1 (Python 3.7.5 on win32)" generated="20210927 10:22:18.952" rpa="true" schemaversion="2">
<suite id="s1" name="Tasks" source="c:\GitLocalRepo\RootRobocorp\course-level-two-certification\build-a-robot-level-two\tasks.robot">
<test id="s1-t1" name="Order robots from RobotSpareBin Industries Inc">
<kw name="Collect orders url from user">
<var>${orders_fileurl}</var>
<kw name="Add text input" library="RPA.Dialogs">
<arg>csvfileurl</arg>
<tag>input</tag>
<doc>Add a text input element</doc>
<status status="PASS" starttime="20210927 10:22:20.274" endtime="20210927 10:22:20.274"/>
</kw>
<kw name="Add text" library="RPA.Dialogs">
<arg>If yo don't know the url, use the link below this line:</arg>
<doc>Add a text paragraph element, for larger bodies of text</doc>
<status status="PASS" starttime="20210927 10:22:20.275" endtime="20210927 10:22:20.275"/>
</kw>
<kw name="Add link" library="RPA.Dialogs">
<arg>${ROBOT_ORDERS_FILE}</arg>
<doc>Add an external URL link element</doc>
<status status="PASS" starttime="20210927 10:22:20.275" endtime="20210927 10:22:20.275"/>
</kw>
<kw name="Run dialog" library="RPA.Dialogs">
<var>${response}</var>
<arg>title=Insert url</arg>
<arg>height=360</arg>
<tag>dialog</tag>
<doc>Create a dialog from all the defined elements and block
until the user has handled it.</doc>
<msg timestamp="20210927 10:22:20.276" level="INFO">Protecting keyword: RPA.Dialogs.Run dialog</msg>
<msg timestamp="20210927 10:22:26.740" level="INFO">Log level changed from NONE to INFO.</msg>
<status status="PASS" starttime="20210927 10:22:20.276" endtime="20210927 10:22:26.740"/>
</kw>
<msg timestamp="20210927 10:22:26.742" level="INFO">${orders_fileurl} = https://robotsparebinindustries.com/orders.csv</msg>
<status status="PASS" starttime="20210927 10:22:20.274" endtime="20210927 10:22:26.742"/>
</kw>
<kw name="Open the robot order website">
<kw name="Get Secret" library="RPA.Robocorp.Vault">
<var>${robots_order_site}</var>
<arg>website</arg>
<doc>Read a secret from the configured source, e.g. Robocorp Vault,
and return it as a ``Secret`` object.</doc>
<msg timestamp="20210927 10:22:26.743" level="INFO">Protecting keyword: RPA.Robocorp.Vault.Get Secret</msg>
<msg timestamp="20210927 10:22:26.744" level="INFO">Log level changed from NONE to INFO.</msg>
<status status="PASS" starttime="20210927 10:22:26.742" endtime="20210927 10:22:26.744"/>
</kw>
<kw name="Open Available Browser" library="RPA.Browser.Selenium">
<arg>${robots_order_site}[url]</arg>
<doc>Attempts to open a browser on the user's device from a set of
supported browsers. Automatically downloads a corresponding webdriver
if none is already installed.</doc>
<msg timestamp="20210927 10:22:26.746" level="INFO">Creating an instance of the Chrome WebDriver.</msg>
<msg timestamp="20210927 10:22:26.765" level="INFO">Created download root directory: C:\Users\JuanPabloMartinezOnt\AppData\Local\robocorp\webdrivers</msg>
<msg timestamp="20210927 10:22:26.765" level="INFO">Created symlink directory: C:\Users\JuanPabloMartinezOnt\AppData\Local\robocorp\webdrivers</msg>
<msg timestamp="20210927 10:22:26.765" level="INFO">Creating an instance of the Chrome WebDriver.</msg>
<msg timestamp="20210927 10:22:27.958" level="INFO">Created Chrome browser with arguments: --disable-dev-shm-usage --disable-web-security --allow-running-insecure-content --no-sandbox</msg>
<msg timestamp="20210927 10:22:27.958" level="INFO" html="true">&lt;p&gt;Attempted combinations:&lt;/p&gt;&lt;div class="doc"&gt;&lt;table&gt;&lt;tr&gt;&lt;th&gt;Browser&lt;/th&gt;&lt;th&gt;Download&lt;/th&gt;&lt;th&gt;Error&lt;/th&gt;&lt;/tr&gt;&lt;tr&gt;&lt;td&gt;Chrome&lt;/td&gt;&lt;td&gt;False&lt;/td&gt;&lt;td&gt;Message: 'chromedriver' executable needs to be in PATH. Please see https://sites.google.com/a/chromium.org/chromedriver/home
&lt;/td&gt;&lt;/tr&gt;&lt;tr&gt;&lt;td&gt;Chrome&lt;/td&gt;&lt;td&gt;True&lt;/td&gt;&lt;td&gt;&lt;/td&gt;&lt;/tr&gt;&lt;/table&gt;&lt;/div&gt;</msg>
<msg timestamp="20210927 10:22:27.958" level="INFO">Opening url 'https://robotsparebinindustries.com/#/robot-order'</msg>
<status status="PASS" starttime="20210927 10:22:26.745" endtime="20210927 10:22:29.300"/>
</kw>
<status status="PASS" starttime="20210927 10:22:26.742" endtime="20210927 10:22:29.300"/>
</kw>
<kw name="Get orders data">
<var>${orders}</var>
<arg>${orders_fileurl}</arg>
<kw name="Download" library="RPA.HTTP">
<arg>${orders_fileurl}</arg>
<arg>target_file=c:\\GitLocalRepo\\RootRobocorp\\course-level-two-certification\\build-a-robot-level-two${/}input${/}new_orders.csv</arg>
<arg>overwrite=True</arg>
<doc>An alias for the ``HTTP Get`` keyword.</doc>
<msg timestamp="20210927 10:22:29.302" level="INFO">Creating a new HTTP session</msg>
<msg timestamp="20210927 10:22:29.302" level="INFO">Creating Session using : alias=rpasession_alias.httpsrobotsparebinindustries.com, url=https://robotsparebinindustries.com, headers={},                     cookies={}, auth=None, timeout=None, proxies=None, verify=True,                     debug=0 </msg>
<msg timestamp="20210927 10:22:29.469" level="INFO">GET Request : url=https://robotsparebinindustries.com/orders.csv 
 path_url=/orders.csv 
 headers={'User-Agent': 'python-requests/2.26.0', 'Accept-Encoding': 'gzip, deflate', 'Accept': '*/*', 'Connection': 'keep-alive'} 
 body=None 
 </msg>
<msg timestamp="20210927 10:22:29.470" level="INFO">GET Response : url=https://robotsparebinindustries.com/orders.csv 
 status=200, reason=OK 
 headers={'Connection': 'keep-alive', 'Content-Length': '199', 'Server': 'GitHub.com', 'Content-Type': 'text/csv; charset=utf-8', 'x-origin-cache': 'HIT', 'Strict-Transport-Security': 'max-age=31556952', 'Last-Modified': 'Fri, 13 Aug 2021 11:27:04 GMT', 'Access-Control-Allow-Origin': '*', 'ETag': 'W/"61165708-19c"', 'expires': 'Mon, 27 Sep 2021 13:00:22 GMT', 'Cache-Control': 'max-age=600', 'Content-Encoding': 'gzip', 'x-proxy-cache': 'MISS', 'X-GitHub-Request-Id': 'AC7E:2883:78E0D1:854E1E:6151BE0E', 'Accept-Ranges': 'bytes', 'Date': 'Mon, 27 Sep 2021 13:22:25 GMT', 'Via': '1.1 varnish', 'Age': '215', 'X-Served-By': 'cache-cwb20524-CWB', 'X-Cache': 'HIT', 'X-Cache-Hits': '3', 'X-Timer': 'S1632748946.956713,VS0,VE0', 'Vary': 'Accept-Encoding', 'X-Fastly-Request-ID': '21fac19ca4700aea6c3c1d8ae9e0292d3a46d9a0'} 
 body=Order number,Head,Body,Legs,Address
1,1,2,3,Address 123
2,4,1,5,Address 456
3,6,2,3,Address 789
4,2,3,2,Address 1
5,3,5,1,Address 2
6,1,6,6,Address 3
7,5,1,5,Address 4
8,2,3,3,Address 5
9,3,2,2,Address 6
10,4,4,2,Address 7
11,6,6,1,Address 8
12,1,3,3,Address 9
13,1,5,4,Address A
14,3,1,5,Address B
15,3,2,6,Address C
16,6,3,6,Address D
17,5,4,1,Address E
18,2,5,1,Address F
19,4,6,2,Address G
20,1,1,5,Address H 
 </msg>
<status status="PASS" starttime="20210927 10:22:29.301" endtime="20210927 10:22:29.471"/>
</kw>
<kw name="Read table from CSV" library="RPA.Tables">
<var>${data}</var>
<arg>c:\\GitLocalRepo\\RootRobocorp\\course-level-two-certification\\build-a-robot-level-two${/}input${/}new_orders.csv</arg>
<doc>Read a CSV file as a table.</doc>
<msg timestamp="20210927 10:22:29.478" level="INFO">${data} = Table(columns=['Order number', 'Head', 'Body', 'Legs', 'Address'], rows=20)</msg>
<status status="PASS" starttime="20210927 10:22:29.472" endtime="20210927 10:22:29.478"/>
</kw>
<kw name="Log" library="BuiltIn">
<arg>Found columns: ${data.columns}</arg>
<doc>Logs the given message with the given level.</doc>
<msg timestamp="20210927 10:22:29.479" level="INFO">Found columns: ['Order number', 'Head', 'Body', 'Legs', 'Address']</msg>
<status status="PASS" starttime="20210927 10:22:29.479" endtime="20210927 10:22:29.480"/>
</kw>
<msg timestamp="20210927 10:22:29.480" level="INFO">${orders} = Table(columns=['Order number', 'Head', 'Body', 'Legs', 'Address'], rows=20)</msg>
<status status="PASS" starttime="20210927 10:22:29.300" endtime="20210927 10:22:29.480"/>
</kw>
<for flavor="IN">
<var>${row}</var>
<value>@{orders}</value>
<iter>
<var name="${row}">{'Order number': '1', 'Head': '1', 'Body': '2', 'Legs': '3', 'Address': 'Address 123'}</var>
<kw name="Close the annoying modal">
<kw name="Set Variable" library="BuiltIn">
<var>${button_danger}</var>
<arg>xpath://button[@class="btn btn-danger"]</arg>
<doc>Returns the given values which can then be assigned to a variables.</doc>
<msg timestamp="20210927 10:22:29.482" level="INFO">${button_danger} = xpath://button[@class="btn btn-danger"]</msg>
<status status="PASS" starttime="20210927 10:22:29.481" endtime="20210927 10:22:29.482"/>
</kw>
<kw name="Wait Until Keyword Succeeds" library="BuiltIn">
<arg>${GLOBAL_RETRY_AMOUNT}</arg>
<arg>${GLOBAL_RETRY_INTERVAL}</arg>
<arg>Wait Until Page Contains Element</arg>
<arg>${button_danger}</arg>
<doc>Runs the specified keyword and retries if it fails.</doc>
<kw name="Wait Until Page Contains Element" library="RPA.Browser.Selenium">
<arg>${button_danger}</arg>
<doc>Waits until the element ``locator`` appears on the current page.</doc>
<status status="PASS" starttime="20210927 10:22:29.482" endtime="20210927 10:22:29.495"/>
</kw>
<status status="PASS" starttime="20210927 10:22:29.482" endtime="20210927 10:22:29.495"/>
</kw>
<kw name="Click Button" library="RPA.Browser.Selenium">
<arg>${button_danger}</arg>
<doc>Clicks the button identified by ``locator``.</doc>
<msg timestamp="20210927 10:22:29.496" level="INFO">Clicking button 'xpath://button[@class="btn btn-danger"]'.</msg>
<status status="PASS" starttime="20210927 10:22:29.495" endtime="20210927 10:22:29.555"/>
</kw>
<status status="PASS" starttime="20210927 10:22:29.481" endtime="20210927 10:22:29.555"/>
</kw>
<kw name="Fill the form">
<arg>${row}</arg>
<kw name="Wait Until Keyword Succeeds" library="BuiltIn">
<arg>${GLOBAL_RETRY_AMOUNT}</arg>
<arg>${GLOBAL_RETRY_INTERVAL}</arg>
<arg>Wait Until Page Contains Element</arg>
<arg>id:address</arg>
<doc>Runs the specified keyword and retries if it fails.</doc>
<kw name="Wait Until Page Contains Element" library="RPA.Browser.Selenium">
<arg>id:address</arg>
<doc>Waits until the element ``locator`` appears on the current page.</doc>
<status status="PASS" starttime="20210927 10:22:29.557" endtime="20210927 10:22:29.568"/>
</kw>
<status status="PASS" starttime="20210927 10:22:29.556" endtime="20210927 10:22:29.568"/>
</kw>
<kw name="Select From List By Value" library="RPA.Browser.Selenium">
<arg>id:head</arg>
<arg>${row}[Head]</arg>
<doc>Selects options from selection list ``locator`` by ``values``.</doc>
<msg timestamp="20210927 10:22:29.569" level="INFO">Selecting options from selection list 'id:head' by value 1.</msg>
<status status="PASS" starttime="20210927 10:22:29.568" endtime="20210927 10:22:29.636"/>
</kw>
<kw name="Click Element" library="RPA.Browser.Selenium">
<arg>id:id-body-${row}[Body]</arg>
<doc>Click the element identified by ``locator``.</doc>
<msg timestamp="20210927 10:22:29.637" level="INFO">Clicking element 'id:id-body-2'.</msg>
<status status="PASS" starttime="20210927 10:22:29.637" endtime="20210927 10:22:29.684"/>
</kw>
<kw name="Set Variable" library="BuiltIn">
<var>${input_legs}</var>
<arg>xpath://input[contains(@id,'16')]</arg>
<doc>Returns the given values which can then be assigned to a variables.</doc>
<msg timestamp="20210927 10:22:29.685" level="INFO">${input_legs} = xpath://input[contains(@id,'16')]</msg>
<status status="PASS" starttime="20210927 10:22:29.684" endtime="20210927 10:22:29.685"/>
</kw>
<kw name="Input Text" library="RPA.Browser.Selenium">
<arg>${input_legs}</arg>
<arg>${row}[Legs]</arg>
<doc>Types the given ``text`` into the text field identified by ``locator``.</doc>
<msg timestamp="20210927 10:22:29.686" level="INFO">Typing text '3' into text field 'xpath://input[contains(@id,'16')]'.</msg>
<status status="PASS" starttime="20210927 10:22:29.685" endtime="20210927 10:22:29.770"/>
</kw>
<kw name="Input Text" library="RPA.Browser.Selenium">
<arg>id:address</arg>
<arg>${row}[Address]</arg>
<doc>Types the given ``text`` into the text field identified by ``locator``.</doc>
<msg timestamp="20210927 10:22:29.771" level="INFO">Typing text 'Address 123' into text field 'id:address'.</msg>
<status status="PASS" starttime="20210927 10:22:29.770" endtime="20210927 10:22:29.856"/>
</kw>
<status status="PASS" starttime="20210927 10:22:29.556" endtime="20210927 10:22:29.857"/>
</kw>
<kw name="Preview the robot">
<kw name="Wait Until Keyword Succeeds" library="BuiltIn">
<arg>${GLOBAL_RETRY_AMOUNT}</arg>
<arg>${GLOBAL_RETRY_INTERVAL}</arg>
<arg>Wait Until Page Contains Element</arg>
<arg>id:preview</arg>
<doc>Runs the specified keyword and retries if it fails.</doc>
<kw name="Wait Until Page Contains Element" library="RPA.Browser.Selenium">
<arg>id:preview</arg>
<doc>Waits until the element ``locator`` appears on the current page.</doc>
<status status="PASS" starttime="20210927 10:22:29.858" endtime="20210927 10:22:29.869"/>
</kw>
<status status="PASS" starttime="20210927 10:22:29.857" endtime="20210927 10:22:29.869"/>
</kw>
<kw name="Click Button" library="RPA.Browser.Selenium">
<arg>id:preview</arg>
<doc>Clicks the button identified by ``locator``.</doc>
<msg timestamp="20210927 10:22:29.870" level="INFO">Clicking button 'id:preview'.</msg>
<status status="PASS" starttime="20210927 10:22:29.869" endtime="20210927 10:22:29.936"/>
</kw>
<status status="PASS" starttime="20210927 10:22:29.857" endtime="20210927 10:22:29.936"/>
</kw>
<kw name="Take a screenshot of the robot">
<var>${screenshot}</var>
<arg>${row}[Order number]</arg>
<kw name="Wait Until Element Is Visible" library="RPA.Browser.Selenium">
<arg>id:robot-preview-image</arg>
<doc>Waits until the element ``locator`` is visible.</doc>
<status status="PASS" starttime="20210927 10:22:29.937" endtime="20210927 10:22:29.961"/>
</kw>
<kw name="Set Variable" library="BuiltIn">
<var>${img_head}</var>
<arg>xpath://img[contains(@alt,'Head')]</arg>
<doc>Returns the given values which can then be assigned to a variables.</doc>
<msg timestamp="20210927 10:22:29.962" level="INFO">${img_head} = xpath://img[contains(@alt,'Head')]</msg>
<status status="PASS" starttime="20210927 10:22:29.961" endtime="20210927 10:22:29.962"/>
</kw>
<kw name="Wait Until Element Is Visible" library="RPA.Browser.Selenium">
<arg>${img_head}</arg>
<doc>Waits until the element ``locator`` is visible.</doc>
<status status="PASS" starttime="20210927 10:22:29.962" endtime="20210927 10:22:29.988"/>
</kw>
<kw name="Set Variable" library="BuiltIn">
<var>${img_body}</var>
<arg>xpath://img[contains(@alt,'Body')]</arg>
<doc>Returns the given values which can then be assigned to a variables.</doc>
<msg timestamp="20210927 10:22:29.989" level="INFO">${img_body} = xpath://img[contains(@alt,'Body')]</msg>
<status status="PASS" starttime="20210927 10:22:29.988" endtime="20210927 10:22:29.989"/>
</kw>
<kw name="Wait Until Element Is Visible" library="RPA.Browser.Selenium">
<arg>${img_body}</arg>
<doc>Waits until the element ``locator`` is visible.</doc>
<status status="PASS" starttime="20210927 10:22:29.989" endtime="20210927 10:22:30.011"/>
</kw>
<kw name="Set Variable" library="BuiltIn">
<var>${img_legs}</var>
<arg>xpath://img[contains(@alt,'Legs')]</arg>
<doc>Returns the given values which can then be assigned to a variables.</doc>
<msg timestamp="20210927 10:22:30.012" level="INFO">${img_legs} = xpath://img[contains(@alt,'Legs')]</msg>
<status status="PASS" starttime="20210927 10:22:30.011" endtime="20210927 10:22:30.012"/>
</kw>
<kw name="Wait Until Element Is Visible" library="RPA.Browser.Selenium">
<arg>${img_legs}</arg>
<doc>Waits until the element ``locator`` is visible.</doc>
<status status="PASS" starttime="20210927 10:22:30.012" endtime="20210927 10:22:30.032"/>
</kw>
<kw name="Capture Element Screenshot" library="RPA.Browser.Selenium">
<arg>id:robot-preview-image</arg>
<arg>c:\\GitLocalRepo\\RootRobocorp\\course-level-two-certification\\build-a-robot-level-two${/}output${/}receipts${/}${order_number}.png</arg>
<doc>Captures a screenshot from the element identified by ``locator`` and embeds it into log file.</doc>
<msg timestamp="20210927 10:22:30.189" level="INFO" html="true">&lt;/td&gt;&lt;/tr&gt;&lt;tr&gt;&lt;td colspan="3"&gt;&lt;a href="build-a-robot-level-two/output/receipts/1.png"&gt;&lt;img src="build-a-robot-level-two/output/receipts/1.png" width="400px"&gt;&lt;/a&gt;</msg>
<status status="PASS" starttime="20210927 10:22:30.033" endtime="20210927 10:22:30.189"/>
</kw>
<msg timestamp="20210927 10:22:30.190" level="INFO">${screenshot} = c:\GitLocalRepo\RootRobocorp\course-level-two-certification\build-a-robot-level-two\output\receipts\1.png</msg>
<status status="PASS" starttime="20210927 10:22:29.936" endtime="20210927 10:22:30.190"/>
</kw>
<kw name="Submit the order">
<kw name="Wait Until Keyword Succeeds" library="BuiltIn">
<arg>${GLOBAL_RETRY_AMOUNT}</arg>
<arg>${GLOBAL_RETRY_INTERVAL}</arg>
<arg>Wait Until Page Contains Element</arg>
<arg>id:order</arg>
<doc>Runs the specified keyword and retries if it fails.</doc>
<kw name="Wait Until Page Contains Element" library="RPA.Browser.Selenium">
<arg>id:order</arg>
<doc>Waits until the element ``locator`` appears on the current page.</doc>
<status status="PASS" starttime="20210927 10:22:30.191" endtime="20210927 10:22:30.200"/>
</kw>
<status status="PASS" starttime="20210927 10:22:30.191" endtime="20210927 10:22:30.201"/>
</kw>
<for flavor="IN RANGE">
<var>${i}</var>
<value>5</value>
<iter>
<var name="${i}">0</var>
<kw name="Click Button" library="RPA.Browser.Selenium">
<arg>id:order</arg>
<doc>Clicks the button identified by ``locator``.</doc>
<msg timestamp="20210927 10:22:30.203" level="INFO">Clicking button 'id:order'.</msg>
<status status="PASS" starttime="20210927 10:22:30.202" endtime="20210927 10:22:30.258"/>
</kw>
<kw name="Does Page Contain" library="RPA.Browser.Selenium">
<var>${submit_Ok}</var>
<arg>Receipt</arg>
<doc>Does page contain expected text</doc>
<msg timestamp="20210927 10:22:30.290" level="INFO" html="true">Ran with keyword &lt;b&gt;Page Should Contain&lt;/b&gt; which returned error: &lt;i&gt;Page should have contained text 'Receipt' but did not.&lt;/i&gt;</msg>
<msg timestamp="20210927 10:22:30.290" level="INFO">${submit_Ok} = False</msg>
<status status="PASS" starttime="20210927 10:22:30.258" endtime="20210927 10:22:30.290"/>
</kw>
<kw name="Exit For Loop If" library="BuiltIn">
<arg>${submit_Ok}</arg>
<doc>Stops executing the enclosing for loop if the ``condition`` is true.</doc>
<status status="PASS" starttime="20210927 10:22:30.291" endtime="20210927 10:22:30.291"/>
</kw>
<status status="PASS" starttime="20210927 10:22:30.202" endtime="20210927 10:22:30.291"/>
</iter>
<iter>
<var name="${i}">1</var>
<kw name="Click Button" library="RPA.Browser.Selenium">
<arg>id:order</arg>
<doc>Clicks the button identified by ``locator``.</doc>
<msg timestamp="20210927 10:22:30.292" level="INFO">Clicking button 'id:order'.</msg>
<status status="PASS" starttime="20210927 10:22:30.291" endtime="20210927 10:22:30.340"/>
</kw>
<kw name="Does Page Contain" library="RPA.Browser.Selenium">
<var>${submit_Ok}</var>
<arg>Receipt</arg>
<doc>Does page contain expected text</doc>
<msg timestamp="20210927 10:22:30.364" level="INFO" html="true">Ran with keyword &lt;b&gt;Page Should Contain&lt;/b&gt; which returned error: &lt;i&gt;Page should have contained text 'Receipt' but did not.&lt;/i&gt;</msg>
<msg timestamp="20210927 10:22:30.364" level="INFO">${submit_Ok} = False</msg>
<status status="PASS" starttime="20210927 10:22:30.340" endtime="20210927 10:22:30.364"/>
</kw>
<kw name="Exit For Loop If" library="BuiltIn">
<arg>${submit_Ok}</arg>
<doc>Stops executing the enclosing for loop if the ``condition`` is true.</doc>
<status status="PASS" starttime="20210927 10:22:30.365" endtime="20210927 10:22:30.365"/>
</kw>
<status status="PASS" starttime="20210927 10:22:30.291" endtime="20210927 10:22:30.365"/>
</iter>
<iter>
<var name="${i}">2</var>
<kw name="Click Button" library="RPA.Browser.Selenium">
<arg>id:order</arg>
<doc>Clicks the button identified by ``locator``.</doc>
<msg timestamp="20210927 10:22:30.366" level="INFO">Clicking button 'id:order'.</msg>
<status status="PASS" starttime="20210927 10:22:30.365" endtime="20210927 10:22:30.417"/>
</kw>
<kw name="Does Page Contain" library="RPA.Browser.Selenium">
<var>${submit_Ok}</var>
<arg>Receipt</arg>
<doc>Does page contain expected text</doc>
<msg timestamp="20210927 10:22:30.428" level="INFO">Current page contains text 'Receipt'.</msg>
<msg timestamp="20210927 10:22:30.428" level="INFO">${submit_Ok} = True</msg>
<status status="PASS" starttime="20210927 10:22:30.418" endtime="20210927 10:22:30.428"/>
</kw>
<kw name="Exit For Loop If" library="BuiltIn">
<arg>${submit_Ok}</arg>
<doc>Stops executing the enclosing for loop if the ``condition`` is true.</doc>
<msg timestamp="20210927 10:22:30.429" level="INFO">Exiting for loop altogether.</msg>
<status status="PASS" starttime="20210927 10:22:30.429" endtime="20210927 10:22:30.430"/>
</kw>
<status status="PASS" starttime="20210927 10:22:30.365" endtime="20210927 10:22:30.430"/>
</iter>
<status status="PASS" starttime="20210927 10:22:30.201" endtime="20210927 10:22:30.430"/>
</for>
<status status="PASS" starttime="20210927 10:22:30.190" endtime="20210927 10:22:30.430"/>
</kw>
<kw name="Store the receipt as a PDF file">
<var>${pdf}</var>
<arg>${row}[Order number]</arg>
<kw name="Wait Until Element Is Visible" library="RPA.Browser.Selenium">
<arg>id:order-completion</arg>
<doc>Waits until the element ``locator`` is visible.</doc>
<status status="PASS" starttime="20210927 10:22:30.431" endtime="20210927 10:22:30.449"/>
</kw>
<kw name="Get Element Attribute" library="RPA.Browser.Selenium">
<var>${receipt}</var>
<arg>id:order-completion</arg>
<arg>outerHTML</arg>
<doc>Returns the value of ``attribute`` from the element ``locator``.</doc>
<msg timestamp="20210927 10:22:30.463" level="INFO">${receipt} = &lt;div id="order-completion"&gt;&lt;div id="receipt" class="alert alert-success" role="alert"&gt;&lt;h3&gt;Receipt&lt;/h3&gt;&lt;div&gt;2021-09-27T13:22:30.409Z&lt;/div&gt;&lt;p class="badge badge-success"&gt;RSB-ROBO-ORDER-B2CUB3BNH&lt;/p&gt;&lt;p&gt;A...</msg>
<status status="PASS" starttime="20210927 10:22:30.449" endtime="20210927 10:22:30.463"/>
</kw>
<kw name="Html To Pdf" library="RPA.PDF">
<arg>${receipt}</arg>
<arg>c:\\GitLocalRepo\\RootRobocorp\\course-level-two-certification\\build-a-robot-level-two${/}output${/}receipts${/}${order_number}.pdf</arg>
<doc>Generate a PDF file from HTML content.</doc>
<msg timestamp="20210927 10:22:30.464" level="INFO">Writing output to file C:\GitLocalRepo\RootRobocorp\course-level-two-certification\build-a-robot-level-two\output\receipts\1.pdf</msg>
<status status="PASS" starttime="20210927 10:22:30.463" endtime="20210927 10:22:30.468"/>
</kw>
<msg timestamp="20210927 10:22:30.468" level="INFO">${pdf} = c:\GitLocalRepo\RootRobocorp\course-level-two-certification\build-a-robot-level-two\output\receipts\1.pdf</msg>
<status status="PASS" starttime="20210927 10:22:30.430" endtime="20210927 10:22:30.468"/>
</kw>
<kw name="Embed the robot screenshot to the receipt PDF file">
<arg>${row}[Order number]</arg>
<arg>${pdf}</arg>
<arg>${screenshot}</arg>
<kw name="Create List" library="BuiltIn">
<var>${files}</var>
<arg>${order_pdf}</arg>
<arg>${order_screenshot}:align=center</arg>
<doc>Returns a list containing given items.</doc>
<msg timestamp="20210927 10:22:30.470" level="INFO">${files} = ['c:\\GitLocalRepo\\RootRobocorp\\course-level-two-certification\\build-a-robot-level-two\\output\\receipts\\1.pdf', 'c:\\GitLocalRepo\\RootRobocorp\\course-level-two-certification\\build-a-robot-leve...</msg>
<status status="PASS" starttime="20210927 10:22:30.469" endtime="20210927 10:22:30.470"/>
</kw>
<kw name="Add Files To Pdf" library="RPA.PDF">
<arg>${files}</arg>
<arg>c:\\GitLocalRepo\\RootRobocorp\\course-level-two-certification\\build-a-robot-level-two${/}output${/}receipts${/}order_a-${order_number}.pdf</arg>
<doc>Add images and/or pdfs to new PDF document</doc>
<msg timestamp="20210927 10:22:30.477" level="INFO">File c:\GitLocalRepo\RootRobocorp\course-level-two-certification\build-a-robot-level-two\output\receipts\1.pdf type: None</msg>
<msg timestamp="20210927 10:22:30.483" level="INFO">File c:\GitLocalRepo\RootRobocorp\course-level-two-certification\build-a-robot-level-two\output\receipts\1.png type: png</msg>
<msg timestamp="20210927 10:22:30.483" level="INFO">Image parameters: {'align': 'center'}</msg>
<status status="PASS" starttime="20210927 10:22:30.470" endtime="20210927 10:22:30.563"/>
</kw>
<kw name="Log" library="BuiltIn">
<arg>${files}</arg>
<doc>Logs the given message with the given level.</doc>
<msg timestamp="20210927 10:22:30.563" level="INFO">['c:\\GitLocalRepo\\RootRobocorp\\course-level-two-certification\\build-a-robot-level-two\\output\\receipts\\1.pdf', 'c:\\GitLocalRepo\\RootRobocorp\\course-level-two-certification\\build-a-robot-level-two\\output\\receipts\\1.png:align=center']</msg>
<status status="PASS" starttime="20210927 10:22:30.563" endtime="20210927 10:22:30.563"/>
</kw>
<kw name="Add Watermark Image To Pdf" library="RPA.PDF">
<arg>source_path=${order_pdf}</arg>
<arg>image_path=${order_screenshot}</arg>
<arg>output_path=c:\\GitLocalRepo\\RootRobocorp\\course-level-two-certification\\build-a-robot-level-two${/}output${/}receipts${/}order_w-${order_number}.pdf</arg>
<doc>Add image to PDF which can be new or existing PDF.</doc>
<status status="PASS" starttime="20210927 10:22:30.564" endtime="20210927 10:22:30.606"/>
</kw>
<kw name="Close Pdf" library="RPA.PDF">
<arg>${order_pdf}</arg>
<doc>Close PDF file descriptor for certain file.</doc>
<msg timestamp="20210927 10:22:30.607" level="INFO">Closing PDF document: c:\GitLocalRepo\RootRobocorp\course-level-two-certification\build-a-robot-level-two\output\receipts\1.pdf</msg>
<status status="PASS" starttime="20210927 10:22:30.607" endtime="20210927 10:22:30.607"/>
</kw>
<kw name="Remove File" library="RPA.FileSystem">
<arg>${order_pdf}</arg>
<doc>Removes the given file.</doc>
<status status="PASS" starttime="20210927 10:22:30.608" endtime="20210927 10:22:30.608"/>
</kw>
<kw name="Remove File" library="RPA.FileSystem">
<arg>${order_screenshot}</arg>
<doc>Removes the given file.</doc>
<status status="PASS" starttime="20210927 10:22:30.609" endtime="20210927 10:22:30.610"/>
</kw>
<status status="PASS" starttime="20210927 10:22:30.469" endtime="20210927 10:22:30.610"/>
</kw>
<kw name="Go to order another robot">
<kw name="Wait Until Keyword Succeeds" library="BuiltIn">
<arg>${GLOBAL_RETRY_AMOUNT}</arg>
<arg>${GLOBAL_RETRY_INTERVAL}</arg>
<arg>Wait Until Page Contains Element</arg>
<arg>id:order-another</arg>
<doc>Runs the specified keyword and retries if it fails.</doc>
<kw name="Wait Until Page Contains Element" library="RPA.Browser.Selenium">
<arg>id:order-another</arg>
<doc>Waits until the element ``locator`` appears on the current page.</doc>
<status status="PASS" starttime="20210927 10:22:30.611" endtime="20210927 10:22:30.623"/>
</kw>
<status status="PASS" starttime="20210927 10:22:30.611" endtime="20210927 10:22:30.624"/>
</kw>
<kw name="Click Button" library="RPA.Browser.Selenium">
<arg>id:order-another</arg>
<doc>Clicks the button identified by ``locator``.</doc>
<msg timestamp="20210927 10:22:30.624" level="INFO">Clicking button 'id:order-another'.</msg>
<status status="PASS" starttime="20210927 10:22:30.624" endtime="20210927 10:22:30.804"/>
</kw>
<status status="PASS" starttime="20210927 10:22:30.610" endtime="20210927 10:22:30.805"/>
</kw>
<status status="PASS" starttime="20210927 10:22:29.480" endtime="20210927 10:22:30.805"/>
</iter>
<iter>
<var name="${row}">{'Order number': '2', 'Head': '4', 'Body': '1', 'Legs': '5', 'Address': 'Address 456'}</var>
<kw name="Close the annoying modal">
<kw name="Set Variable" library="BuiltIn">
<var>${button_danger}</var>
<arg>xpath://button[@class="btn btn-danger"]</arg>
<doc>Returns the given values which can then be assigned to a variables.</doc>
<msg timestamp="20210927 10:22:30.807" level="INFO">${button_danger} = xpath://button[@class="btn btn-danger"]</msg>
<status status="PASS" starttime="20210927 10:22:30.806" endtime="20210927 10:22:30.807"/>
</kw>
<kw name="Wait Until Keyword Succeeds" library="BuiltIn">
<arg>${GLOBAL_RETRY_AMOUNT}</arg>
<arg>${GLOBAL_RETRY_INTERVAL}</arg>
<arg>Wait Until Page Contains Element</arg>
<arg>${button_danger}</arg>
<doc>Runs the specified keyword and retries if it fails.</doc>
<kw name="Wait Until Page Contains Element" library="RPA.Browser.Selenium">
<arg>${button_danger}</arg>
<doc>Waits until the element ``locator`` appears on the current page.</doc>
<status status="PASS" starttime="20210927 10:22:30.808" endtime="20210927 10:22:30.816"/>
</kw>
<status status="PASS" starttime="20210927 10:22:30.807" endtime="20210927 10:22:30.816"/>
</kw>
<kw name="Click Button" library="RPA.Browser.Selenium">
<arg>${button_danger}</arg>
<doc>Clicks the button identified by ``locator``.</doc>
<msg timestamp="20210927 10:22:30.817" level="INFO">Clicking button 'xpath://button[@class="btn btn-danger"]'.</msg>
<status status="PASS" starttime="20210927 10:22:30.816" endtime="20210927 10:22:30.873"/>
</kw>
<status status="PASS" starttime="20210927 10:22:30.806" endtime="20210927 10:22:30.873"/>
</kw>
<kw name="Fill the form">
<arg>${row}</arg>
<kw name="Wait Until Keyword Succeeds" library="BuiltIn">
<arg>${GLOBAL_RETRY_AMOUNT}</arg>
<arg>${GLOBAL_RETRY_INTERVAL}</arg>
<arg>Wait Until Page Contains Element</arg>
<arg>id:address</arg>
<doc>Runs the specified keyword and retries if it fails.</doc>
<kw name="Wait Until Page Contains Element" library="RPA.Browser.Selenium">
<arg>id:address</arg>
<doc>Waits until the element ``locator`` appears on the current page.</doc>
<status status="PASS" starttime="20210927 10:22:30.875" endtime="20210927 10:22:30.882"/>
</kw>
<status status="PASS" starttime="20210927 10:22:30.874" endtime="20210927 10:22:30.882"/>
</kw>
<kw name="Select From List By Value" library="RPA.Browser.Selenium">
<arg>id:head</arg>
<arg>${row}[Head]</arg>
<doc>Selects options from selection list ``locator`` by ``values``.</doc>
<msg timestamp="20210927 10:22:30.883" level="INFO">Selecting options from selection list 'id:head' by value 4.</msg>
<status status="PASS" starttime="20210927 10:22:30.882" endtime="20210927 10:22:30.942"/>
</kw>
<kw name="Click Element" library="RPA.Browser.Selenium">
<arg>id:id-body-${row}[Body]</arg>
<doc>Click the element identified by ``locator``.</doc>
<msg timestamp="20210927 10:22:30.943" level="INFO">Clicking element 'id:id-body-1'.</msg>
<status status="PASS" starttime="20210927 10:22:30.943" endtime="20210927 10:22:30.989"/>
</kw>
<kw name="Set Variable" library="BuiltIn">
<var>${input_legs}</var>
<arg>xpath://input[contains(@id,'16')]</arg>
<doc>Returns the given values which can then be assigned to a variables.</doc>
<msg timestamp="20210927 10:22:30.990" level="INFO">${input_legs} = xpath://input[contains(@id,'16')]</msg>
<status status="PASS" starttime="20210927 10:22:30.989" endtime="20210927 10:22:30.990"/>
</kw>
<kw name="Input Text" library="RPA.Browser.Selenium">
<arg>${input_legs}</arg>
<arg>${row}[Legs]</arg>
<doc>Types the given ``text`` into the text field identified by ``locator``.</doc>
<msg timestamp="20210927 10:22:30.990" level="INFO">Typing text '5' into text field 'xpath://input[contains(@id,'16')]'.</msg>
<status status="PASS" starttime="20210927 10:22:30.990" endtime="20210927 10:22:31.067"/>
</kw>
<kw name="Input Text" library="RPA.Browser.Selenium">
<arg>id:address</arg>
<arg>${row}[Address]</arg>
<doc>Types the given ``text`` into the text field identified by ``locator``.</doc>
<msg timestamp="20210927 10:22:31.068" level="INFO">Typing text 'Address 456' into text field 'id:address'.</msg>
<status status="PASS" starttime="20210927 10:22:31.067" endtime="20210927 10:22:31.152"/>
</kw>
<status status="PASS" starttime="20210927 10:22:30.874" endtime="20210927 10:22:31.153"/>
</kw>
<kw name="Preview the robot">
<kw name="Wait Until Keyword Succeeds" library="BuiltIn">
<arg>${GLOBAL_RETRY_AMOUNT}</arg>
<arg>${GLOBAL_RETRY_INTERVAL}</arg>
<arg>Wait Until Page Contains Element</arg>
<arg>id:preview</arg>
<doc>Runs the specified keyword and retries if it fails.</doc>
<kw name="Wait Until Page Contains Element" library="RPA.Browser.Selenium">
<arg>id:preview</arg>
<doc>Waits until the element ``locator`` appears on the current page.</doc>
<status status="PASS" starttime="20210927 10:22:31.154" endtime="20210927 10:22:31.161"/>
</kw>
<status status="PASS" starttime="20210927 10:22:31.154" endtime="20210927 10:22:31.161"/>
</kw>
<kw name="Click Button" library="RPA.Browser.Selenium">
<arg>id:preview</arg>
<doc>Clicks the button identified by ``locator``.</doc>
<msg timestamp="20210927 10:22:31.162" level="INFO">Clicking button 'id:preview'.</msg>
<status status="PASS" starttime="20210927 10:22:31.162" endtime="20210927 10:22:31.221"/>
</kw>
<status status="PASS" starttime="20210927 10:22:31.153" endtime="20210927 10:22:31.221"/>
</kw>
<kw name="Take a screenshot of the robot">
<var>${screenshot}</var>
<arg>${row}[Order number]</arg>
<kw name="Wait Until Element Is Visible" library="RPA.Browser.Selenium">
<arg>id:robot-preview-image</arg>
<doc>Waits until the element ``locator`` is visible.</doc>
<status status="PASS" starttime="20210927 10:22:31.222" endtime="20210927 10:22:31.241"/>
</kw>
<kw name="Set Variable" library="BuiltIn">
<var>${img_head}</var>
<arg>xpath://img[contains(@alt,'Head')]</arg>
<doc>Returns the given values which can then be assigned to a variables.</doc>
<msg timestamp="20210927 10:22:31.241" level="INFO">${img_head} = xpath://img[contains(@alt,'Head')]</msg>
<status status="PASS" starttime="20210927 10:22:31.241" endtime="20210927 10:22:31.242"/>
</kw>
<kw name="Wait Until Element Is Visible" library="RPA.Browser.Selenium">
<arg>${img_head}</arg>
<doc>Waits until the element ``locator`` is visible.</doc>
<status status="PASS" starttime="20210927 10:22:31.242" endtime="20210927 10:22:31.476"/>
</kw>
<kw name="Set Variable" library="BuiltIn">
<var>${img_body}</var>
<arg>xpath://img[contains(@alt,'Body')]</arg>
<doc>Returns the given values which can then be assigned to a variables.</doc>
<msg timestamp="20210927 10:22:31.477" level="INFO">${img_body} = xpath://img[contains(@alt,'Body')]</msg>
<status status="PASS" starttime="20210927 10:22:31.477" endtime="20210927 10:22:31.477"/>
</kw>
<kw name="Wait Until Element Is Visible" library="RPA.Browser.Selenium">
<arg>${img_body}</arg>
<doc>Waits until the element ``locator`` is visible.</doc>
<status status="PASS" starttime="20210927 10:22:31.477" endtime="20210927 10:22:31.494"/>
</kw>
<kw name="Set Variable" library="BuiltIn">
<var>${img_legs}</var>
<arg>xpath://img[contains(@alt,'Legs')]</arg>
<doc>Returns the given values which can then be assigned to a variables.</doc>
<msg timestamp="20210927 10:22:31.495" level="INFO">${img_legs} = xpath://img[contains(@alt,'Legs')]</msg>
<status status="PASS" starttime="20210927 10:22:31.494" endtime="20210927 10:22:31.495"/>
</kw>
<kw name="Wait Until Element Is Visible" library="RPA.Browser.Selenium">
<arg>${img_legs}</arg>
<doc>Waits until the element ``locator`` is visible.</doc>
<status status="PASS" starttime="20210927 10:22:31.495" endtime="20210927 10:22:31.511"/>
</kw>
<kw name="Capture Element Screenshot" library="RPA.Browser.Selenium">
<arg>id:robot-preview-image</arg>
<arg>c:\\GitLocalRepo\\RootRobocorp\\course-level-two-certification\\build-a-robot-level-two${/}output${/}receipts${/}${order_number}.png</arg>
<doc>Captures a screenshot from the element identified by ``locator`` and embeds it into log file.</doc>
<msg timestamp="20210927 10:22:31.621" level="INFO" html="true">&lt;/td&gt;&lt;/tr&gt;&lt;tr&gt;&lt;td colspan="3"&gt;&lt;a href="build-a-robot-level-two/output/receipts/2.png"&gt;&lt;img src="build-a-robot-level-two/output/receipts/2.png" width="400px"&gt;&lt;/a&gt;</msg>
<status status="PASS" starttime="20210927 10:22:31.511" endtime="20210927 10:22:31.621"/>
</kw>
<msg timestamp="20210927 10:22:31.621" level="INFO">${screenshot} = c:\GitLocalRepo\RootRobocorp\course-level-two-certification\build-a-robot-level-two\output\receipts\2.png</msg>
<status status="PASS" starttime="20210927 10:22:31.221" endtime="20210927 10:22:31.621"/>
</kw>
<kw name="Submit the order">
<kw name="Wait Until Keyword Succeeds" library="BuiltIn">
<arg>${GLOBAL_RETRY_AMOUNT}</arg>
<arg>${GLOBAL_RETRY_INTERVAL}</arg>
<arg>Wait Until Page Contains Element</arg>
<arg>id:order</arg>
<doc>Runs the specified keyword and retries if it fails.</doc>
<kw name="Wait Until Page Contains Element" library="RPA.Browser.Selenium">
<arg>id:order</arg>
<doc>Waits until the element ``locator`` appears on the current page.</doc>
<status status="PASS" starttime="20210927 10:22:31.623" endtime="20210927 10:22:31.631"/>
</kw>
<status status="PASS" starttime="20210927 10:22:31.622" endtime="20210927 10:22:31.631"/>
</kw>
<for flavor="IN RANGE">
<var>${i}</var>
<value>5</value>
<iter>
<var name="${i}">0</var>
<kw name="Click Button" library="RPA.Browser.Selenium">
<arg>id:order</arg>
<doc>Clicks the button identified by ``locator``.</doc>
<msg timestamp="20210927 10:22:31.632" level="INFO">Clicking button 'id:order'.</msg>
<status status="PASS" starttime="20210927 10:22:31.632" endtime="20210927 10:22:31.690"/>
</kw>
<kw name="Does Page Contain" library="RPA.Browser.Selenium">
<var>${submit_Ok}</var>
<arg>Receipt</arg>
<doc>Does page contain expected text</doc>
<msg timestamp="20210927 10:22:31.703" level="INFO">Current page contains text 'Receipt'.</msg>
<msg timestamp="20210927 10:22:31.703" level="INFO">${submit_Ok} = True</msg>
<status status="PASS" starttime="20210927 10:22:31.691" endtime="20210927 10:22:31.703"/>
</kw>
<kw name="Exit For Loop If" library="BuiltIn">
<arg>${submit_Ok}</arg>
<doc>Stops executing the enclosing for loop if the ``condition`` is true.</doc>
<msg timestamp="20210927 10:22:31.704" level="INFO">Exiting for loop altogether.</msg>
<status status="PASS" starttime="20210927 10:22:31.703" endtime="20210927 10:22:31.704"/>
</kw>
<status status="PASS" starttime="20210927 10:22:31.632" endtime="20210927 10:22:31.704"/>
</iter>
<status status="PASS" starttime="20210927 10:22:31.631" endtime="20210927 10:22:31.704"/>
</for>
<status status="PASS" starttime="20210927 10:22:31.622" endtime="20210927 10:22:31.704"/>
</kw>
<kw name="Store the receipt as a PDF file">
<var>${pdf}</var>
<arg>${row}[Order number]</arg>
<kw name="Wait Until Element Is Visible" library="RPA.Browser.Selenium">
<arg>id:order-completion</arg>
<doc>Waits until the element ``locator`` is visible.</doc>
<status status="PASS" starttime="20210927 10:22:31.705" endtime="20210927 10:22:31.723"/>
</kw>
<kw name="Get Element Attribute" library="RPA.Browser.Selenium">
<var>${receipt}</var>
<arg>id:order-completion</arg>
<arg>outerHTML</arg>
<doc>Returns the value of ``attribute`` from the element ``locator``.</doc>
<msg timestamp="20210927 10:22:31.737" level="INFO">${receipt} = &lt;div id="order-completion"&gt;&lt;div id="receipt" class="alert alert-success" role="alert"&gt;&lt;h3&gt;Receipt&lt;/h3&gt;&lt;div&gt;2021-09-27T13:22:31.683Z&lt;/div&gt;&lt;p class="badge badge-success"&gt;RSB-ROBO-ORDER-X3GGQK8VXJ&lt;/p&gt;&lt;p&gt;...</msg>
<status status="PASS" starttime="20210927 10:22:31.723" endtime="20210927 10:22:31.737"/>
</kw>
<kw name="Html To Pdf" library="RPA.PDF">
<arg>${receipt}</arg>
<arg>c:\\GitLocalRepo\\RootRobocorp\\course-level-two-certification\\build-a-robot-level-two${/}output${/}receipts${/}${order_number}.pdf</arg>
<doc>Generate a PDF file from HTML content.</doc>
<msg timestamp="20210927 10:22:31.739" level="INFO">Writing output to file C:\GitLocalRepo\RootRobocorp\course-level-two-certification\build-a-robot-level-two\output\receipts\2.pdf</msg>
<status status="PASS" starttime="20210927 10:22:31.737" endtime="20210927 10:22:31.742"/>
</kw>
<msg timestamp="20210927 10:22:31.742" level="INFO">${pdf} = c:\GitLocalRepo\RootRobocorp\course-level-two-certification\build-a-robot-level-two\output\receipts\2.pdf</msg>
<status status="PASS" starttime="20210927 10:22:31.704" endtime="20210927 10:22:31.742"/>
</kw>
<kw name="Embed the robot screenshot to the receipt PDF file">
<arg>${row}[Order number]</arg>
<arg>${pdf}</arg>
<arg>${screenshot}</arg>
<kw name="Create List" library="BuiltIn">
<var>${files}</var>
<arg>${order_pdf}</arg>
<arg>${order_screenshot}:align=center</arg>
<doc>Returns a list containing given items.</doc>
<msg timestamp="20210927 10:22:31.744" level="INFO">${files} = ['c:\\GitLocalRepo\\RootRobocorp\\course-level-two-certification\\build-a-robot-level-two\\output\\receipts\\2.pdf', 'c:\\GitLocalRepo\\RootRobocorp\\course-level-two-certification\\build-a-robot-leve...</msg>
<status status="PASS" starttime="20210927 10:22:31.743" endtime="20210927 10:22:31.744"/>
</kw>
<kw name="Add Files To Pdf" library="RPA.PDF">
<arg>${files}</arg>
<arg>c:\\GitLocalRepo\\RootRobocorp\\course-level-two-certification\\build-a-robot-level-two${/}output${/}receipts${/}order_a-${order_number}.pdf</arg>
<doc>Add images and/or pdfs to new PDF document</doc>
<msg timestamp="20210927 10:22:31.750" level="INFO">File c:\GitLocalRepo\RootRobocorp\course-level-two-certification\build-a-robot-level-two\output\receipts\2.pdf type: None</msg>
<msg timestamp="20210927 10:22:31.755" level="INFO">File c:\GitLocalRepo\RootRobocorp\course-level-two-certification\build-a-robot-level-two\output\receipts\2.png type: png</msg>
<msg timestamp="20210927 10:22:31.755" level="INFO">Image parameters: {'align': 'center'}</msg>
<status status="PASS" starttime="20210927 10:22:31.744" endtime="20210927 10:22:31.779"/>
</kw>
<kw name="Log" library="BuiltIn">
<arg>${files}</arg>
<doc>Logs the given message with the given level.</doc>
<msg timestamp="20210927 10:22:31.780" level="INFO">['c:\\GitLocalRepo\\RootRobocorp\\course-level-two-certification\\build-a-robot-level-two\\output\\receipts\\2.pdf', 'c:\\GitLocalRepo\\RootRobocorp\\course-level-two-certification\\build-a-robot-level-two\\output\\receipts\\2.png:align=center']</msg>
<status status="PASS" starttime="20210927 10:22:31.780" endtime="20210927 10:22:31.780"/>
</kw>
<kw name="Add Watermark Image To Pdf" library="RPA.PDF">
<arg>source_path=${order_pdf}</arg>
<arg>image_path=${order_screenshot}</arg>
<arg>output_path=c:\\GitLocalRepo\\RootRobocorp\\course-level-two-certification\\build-a-robot-level-two${/}output${/}receipts${/}order_w-${order_number}.pdf</arg>
<doc>Add image to PDF which can be new or existing PDF.</doc>
<status status="PASS" starttime="20210927 10:22:31.780" endtime="20210927 10:22:31.812"/>
</kw>
<kw name="Close Pdf" library="RPA.PDF">
<arg>${order_pdf}</arg>
<doc>Close PDF file descriptor for certain file.</doc>
<msg timestamp="20210927 10:22:31.813" level="INFO">Closing PDF document: c:\GitLocalRepo\RootRobocorp\course-level-two-certification\build-a-robot-level-two\output\receipts\2.pdf</msg>
<status status="PASS" starttime="20210927 10:22:31.813" endtime="20210927 10:22:31.813"/>
</kw>
<kw name="Remove File" library="RPA.FileSystem">
<arg>${order_pdf}</arg>
<doc>Removes the given file.</doc>
<status status="PASS" starttime="20210927 10:22:31.813" endtime="20210927 10:22:31.814"/>
</kw>
<kw name="Remove File" library="RPA.FileSystem">
<arg>${order_screenshot}</arg>
<doc>Removes the given file.</doc>
<status status="PASS" starttime="20210927 10:22:31.814" endtime="20210927 10:22:31.815"/>
</kw>
<status status="PASS" starttime="20210927 10:22:31.742" endtime="20210927 10:22:31.815"/>
</kw>
<kw name="Go to order another robot">
<kw name="Wait Until Keyword Succeeds" library="BuiltIn">
<arg>${GLOBAL_RETRY_AMOUNT}</arg>
<arg>${GLOBAL_RETRY_INTERVAL}</arg>
<arg>Wait Until Page Contains Element</arg>
<arg>id:order-another</arg>
<doc>Runs the specified keyword and retries if it fails.</doc>
<kw name="Wait Until Page Contains Element" library="RPA.Browser.Selenium">
<arg>id:order-another</arg>
<doc>Waits until the element ``locator`` appears on the current page.</doc>
<status status="PASS" starttime="20210927 10:22:31.816" endtime="20210927 10:22:31.824"/>
</kw>
<status status="PASS" starttime="20210927 10:22:31.816" endtime="20210927 10:22:31.824"/>
</kw>
<kw name="Click Button" library="RPA.Browser.Selenium">
<arg>id:order-another</arg>
<doc>Clicks the button identified by ``locator``.</doc>
<msg timestamp="20210927 10:22:31.825" level="INFO">Clicking button 'id:order-another'.</msg>
<status status="PASS" starttime="20210927 10:22:31.824" endtime="20210927 10:22:32.008"/>
</kw>
<status status="PASS" starttime="20210927 10:22:31.815" endtime="20210927 10:22:32.008"/>
</kw>
<status status="PASS" starttime="20210927 10:22:30.805" endtime="20210927 10:22:32.008"/>
</iter>
<iter>
<var name="${row}">{'Order number': '3', 'Head': '6', 'Body': '2', 'Legs': '3', 'Address': 'Address 789'}</var>
<kw name="Close the annoying modal">
<kw name="Set Variable" library="BuiltIn">
<var>${button_danger}</var>
<arg>xpath://button[@class="btn btn-danger"]</arg>
<doc>Returns the given values which can then be assigned to a variables.</doc>
<msg timestamp="20210927 10:22:32.010" level="INFO">${button_danger} = xpath://button[@class="btn btn-danger"]</msg>
<status status="PASS" starttime="20210927 10:22:32.009" endtime="20210927 10:22:32.010"/>
</kw>
<kw name="Wait Until Keyword Succeeds" library="BuiltIn">
<arg>${GLOBAL_RETRY_AMOUNT}</arg>
<arg>${GLOBAL_RETRY_INTERVAL}</arg>
<arg>Wait Until Page Contains Element</arg>
<arg>${button_danger}</arg>
<doc>Runs the specified keyword and retries if it fails.</doc>
<kw name="Wait Until Page Contains Element" library="RPA.Browser.Selenium">
<arg>${button_danger}</arg>
<doc>Waits until the element ``locator`` appears on the current page.</doc>
<status status="PASS" starttime="20210927 10:22:32.010" endtime="20210927 10:22:32.019"/>
</kw>
<status status="PASS" starttime="20210927 10:22:32.010" endtime="20210927 10:22:32.020"/>
</kw>
<kw name="Click Button" library="RPA.Browser.Selenium">
<arg>${button_danger}</arg>
<doc>Clicks the button identified by ``locator``.</doc>
<msg timestamp="20210927 10:22:32.020" level="INFO">Clicking button 'xpath://button[@class="btn btn-danger"]'.</msg>
<status status="PASS" starttime="20210927 10:22:32.020" endtime="20210927 10:22:32.077"/>
</kw>
<status status="PASS" starttime="20210927 10:22:32.009" endtime="20210927 10:22:32.077"/>
</kw>
<kw name="Fill the form">
<arg>${row}</arg>
<kw name="Wait Until Keyword Succeeds" library="BuiltIn">
<arg>${GLOBAL_RETRY_AMOUNT}</arg>
<arg>${GLOBAL_RETRY_INTERVAL}</arg>
<arg>Wait Until Page Contains Element</arg>
<arg>id:address</arg>
<doc>Runs the specified keyword and retries if it fails.</doc>
<kw name="Wait Until Page Contains Element" library="RPA.Browser.Selenium">
<arg>id:address</arg>
<doc>Waits until the element ``locator`` appears on the current page.</doc>
<status status="PASS" starttime="20210927 10:22:32.079" endtime="20210927 10:22:32.087"/>
</kw>
<status status="PASS" starttime="20210927 10:22:32.078" endtime="20210927 10:22:32.087"/>
</kw>
<kw name="Select From List By Value" library="RPA.Browser.Selenium">
<arg>id:head</arg>
<arg>${row}[Head]</arg>
<doc>Selects options from selection list ``locator`` by ``values``.</doc>
<msg timestamp="20210927 10:22:32.088" level="INFO">Selecting options from selection list 'id:head' by value 6.</msg>
<status status="PASS" starttime="20210927 10:22:32.088" endtime="20210927 10:22:32.180"/>
</kw>
<kw name="Click Element" library="RPA.Browser.Selenium">
<arg>id:id-body-${row}[Body]</arg>
<doc>Click the element identified by ``locator``.</doc>
<msg timestamp="20210927 10:22:32.181" level="INFO">Clicking element 'id:id-body-2'.</msg>
<status status="PASS" starttime="20210927 10:22:32.180" endtime="20210927 10:22:32.243"/>
</kw>
<kw name="Set Variable" library="BuiltIn">
<var>${input_legs}</var>
<arg>xpath://input[contains(@id,'16')]</arg>
<doc>Returns the given values which can then be assigned to a variables.</doc>
<msg timestamp="20210927 10:22:32.244" level="INFO">${input_legs} = xpath://input[contains(@id,'16')]</msg>
<status status="PASS" starttime="20210927 10:22:32.243" endtime="20210927 10:22:32.244"/>
</kw>
<kw name="Input Text" library="RPA.Browser.Selenium">
<arg>${input_legs}</arg>
<arg>${row}[Legs]</arg>
<doc>Types the given ``text`` into the text field identified by ``locator``.</doc>
<msg timestamp="20210927 10:22:32.244" level="INFO">Typing text '3' into text field 'xpath://input[contains(@id,'16')]'.</msg>
<status status="PASS" starttime="20210927 10:22:32.244" endtime="20210927 10:22:32.321"/>
</kw>
<kw name="Input Text" library="RPA.Browser.Selenium">
<arg>id:address</arg>
<arg>${row}[Address]</arg>
<doc>Types the given ``text`` into the text field identified by ``locator``.</doc>
<msg timestamp="20210927 10:22:32.322" level="INFO">Typing text 'Address 789' into text field 'id:address'.</msg>
<status status="PASS" starttime="20210927 10:22:32.322" endtime="20210927 10:22:32.404"/>
</kw>
<status status="PASS" starttime="20210927 10:22:32.077" endtime="20210927 10:22:32.404"/>
</kw>
<kw name="Preview the robot">
<kw name="Wait Until Keyword Succeeds" library="BuiltIn">
<arg>${GLOBAL_RETRY_AMOUNT}</arg>
<arg>${GLOBAL_RETRY_INTERVAL}</arg>
<arg>Wait Until Page Contains Element</arg>
<arg>id:preview</arg>
<doc>Runs the specified keyword and retries if it fails.</doc>
<kw name="Wait Until Page Contains Element" library="RPA.Browser.Selenium">
<arg>id:preview</arg>
<doc>Waits until the element ``locator`` appears on the current page.</doc>
<status status="PASS" starttime="20210927 10:22:32.406" endtime="20210927 10:22:32.413"/>
</kw>
<status status="PASS" starttime="20210927 10:22:32.405" endtime="20210927 10:22:32.413"/>
</kw>
<kw name="Click Button" library="RPA.Browser.Selenium">
<arg>id:preview</arg>
<doc>Clicks the button identified by ``locator``.</doc>
<msg timestamp="20210927 10:22:32.414" level="INFO">Clicking button 'id:preview'.</msg>
<status status="PASS" starttime="20210927 10:22:32.414" endtime="20210927 10:22:32.480"/>
</kw>
<status status="PASS" starttime="20210927 10:22:32.405" endtime="20210927 10:22:32.481"/>
</kw>
<kw name="Take a screenshot of the robot">
<var>${screenshot}</var>
<arg>${row}[Order number]</arg>
<kw name="Wait Until Element Is Visible" library="RPA.Browser.Selenium">
<arg>id:robot-preview-image</arg>
<doc>Waits until the element ``locator`` is visible.</doc>
<status status="PASS" starttime="20210927 10:22:32.482" endtime="20210927 10:22:32.498"/>
</kw>
<kw name="Set Variable" library="BuiltIn">
<var>${img_head}</var>
<arg>xpath://img[contains(@alt,'Head')]</arg>
<doc>Returns the given values which can then be assigned to a variables.</doc>
<msg timestamp="20210927 10:22:32.499" level="INFO">${img_head} = xpath://img[contains(@alt,'Head')]</msg>
<status status="PASS" starttime="20210927 10:22:32.498" endtime="20210927 10:22:32.499"/>
</kw>
<kw name="Wait Until Element Is Visible" library="RPA.Browser.Selenium">
<arg>${img_head}</arg>
<doc>Waits until the element ``locator`` is visible.</doc>
<status status="PASS" starttime="20210927 10:22:32.499" endtime="20210927 10:22:32.731"/>
</kw>
<kw name="Set Variable" library="BuiltIn">
<var>${img_body}</var>
<arg>xpath://img[contains(@alt,'Body')]</arg>
<doc>Returns the given values which can then be assigned to a variables.</doc>
<msg timestamp="20210927 10:22:32.732" level="INFO">${img_body} = xpath://img[contains(@alt,'Body')]</msg>
<status status="PASS" starttime="20210927 10:22:32.731" endtime="20210927 10:22:32.732"/>
</kw>
<kw name="Wait Until Element Is Visible" library="RPA.Browser.Selenium">
<arg>${img_body}</arg>
<doc>Waits until the element ``locator`` is visible.</doc>
<status status="PASS" starttime="20210927 10:22:32.732" endtime="20210927 10:22:32.749"/>
</kw>
<kw name="Set Variable" library="BuiltIn">
<var>${img_legs}</var>
<arg>xpath://img[contains(@alt,'Legs')]</arg>
<doc>Returns the given values which can then be assigned to a variables.</doc>
<msg timestamp="20210927 10:22:32.749" level="INFO">${img_legs} = xpath://img[contains(@alt,'Legs')]</msg>
<status status="PASS" starttime="20210927 10:22:32.749" endtime="20210927 10:22:32.749"/>
</kw>
<kw name="Wait Until Element Is Visible" library="RPA.Browser.Selenium">
<arg>${img_legs}</arg>
<doc>Waits until the element ``locator`` is visible.</doc>
<status status="PASS" starttime="20210927 10:22:32.749" endtime="20210927 10:22:32.765"/>
</kw>
<kw name="Capture Element Screenshot" library="RPA.Browser.Selenium">
<arg>id:robot-preview-image</arg>
<arg>c:\\GitLocalRepo\\RootRobocorp\\course-level-two-certification\\build-a-robot-level-two${/}output${/}receipts${/}${order_number}.png</arg>
<doc>Captures a screenshot from the element identified by ``locator`` and embeds it into log file.</doc>
<msg timestamp="20210927 10:22:32.886" level="INFO" html="true">&lt;/td&gt;&lt;/tr&gt;&lt;tr&gt;&lt;td colspan="3"&gt;&lt;a href="build-a-robot-level-two/output/receipts/3.png"&gt;&lt;img src="build-a-robot-level-two/output/receipts/3.png" width="400px"&gt;&lt;/a&gt;</msg>
<status status="PASS" starttime="20210927 10:22:32.766" endtime="20210927 10:22:32.886"/>
</kw>
<msg timestamp="20210927 10:22:32.887" level="INFO">${screenshot} = c:\GitLocalRepo\RootRobocorp\course-level-two-certification\build-a-robot-level-two\output\receipts\3.png</msg>
<status status="PASS" starttime="20210927 10:22:32.481" endtime="20210927 10:22:32.887"/>
</kw>
<kw name="Submit the order">
<kw name="Wait Until Keyword Succeeds" library="BuiltIn">
<arg>${GLOBAL_RETRY_AMOUNT}</arg>
<arg>${GLOBAL_RETRY_INTERVAL}</arg>
<arg>Wait Until Page Contains Element</arg>
<arg>id:order</arg>
<doc>Runs the specified keyword and retries if it fails.</doc>
<kw name="Wait Until Page Contains Element" library="RPA.Browser.Selenium">
<arg>id:order</arg>
<doc>Waits until the element ``locator`` appears on the current page.</doc>
<status status="PASS" starttime="20210927 10:22:32.888" endtime="20210927 10:22:32.895"/>
</kw>
<status status="PASS" starttime="20210927 10:22:32.888" endtime="20210927 10:22:32.895"/>
</kw>
<for flavor="IN RANGE">
<var>${i}</var>
<value>5</value>
<iter>
<var name="${i}">0</var>
<kw name="Click Button" library="RPA.Browser.Selenium">
<arg>id:order</arg>
<doc>Clicks the button identified by ``locator``.</doc>
<msg timestamp="20210927 10:22:32.896" level="INFO">Clicking button 'id:order'.</msg>
<status status="PASS" starttime="20210927 10:22:32.896" endtime="20210927 10:22:32.951"/>
</kw>
<kw name="Does Page Contain" library="RPA.Browser.Selenium">
<var>${submit_Ok}</var>
<arg>Receipt</arg>
<doc>Does page contain expected text</doc>
<msg timestamp="20210927 10:22:32.975" level="INFO" html="true">Ran with keyword &lt;b&gt;Page Should Contain&lt;/b&gt; which returned error: &lt;i&gt;Page should have contained text 'Receipt' but did not.&lt;/i&gt;</msg>
<msg timestamp="20210927 10:22:32.975" level="INFO">${submit_Ok} = False</msg>
<status status="PASS" starttime="20210927 10:22:32.951" endtime="20210927 10:22:32.975"/>
</kw>
<kw name="Exit For Loop If" library="BuiltIn">
<arg>${submit_Ok}</arg>
<doc>Stops executing the enclosing for loop if the ``condition`` is true.</doc>
<status status="PASS" starttime="20210927 10:22:32.976" endtime="20210927 10:22:32.976"/>
</kw>
<status status="PASS" starttime="20210927 10:22:32.896" endtime="20210927 10:22:32.976"/>
</iter>
<iter>
<var name="${i}">1</var>
<kw name="Click Button" library="RPA.Browser.Selenium">
<arg>id:order</arg>
<doc>Clicks the button identified by ``locator``.</doc>
<msg timestamp="20210927 10:22:32.977" level="INFO">Clicking button 'id:order'.</msg>
<status status="PASS" starttime="20210927 10:22:32.976" endtime="20210927 10:22:33.028"/>
</kw>
<kw name="Does Page Contain" library="RPA.Browser.Selenium">
<var>${submit_Ok}</var>
<arg>Receipt</arg>
<doc>Does page contain expected text</doc>
<msg timestamp="20210927 10:22:33.040" level="INFO">Current page contains text 'Receipt'.</msg>
<msg timestamp="20210927 10:22:33.040" level="INFO">${submit_Ok} = True</msg>
<status status="PASS" starttime="20210927 10:22:33.028" endtime="20210927 10:22:33.040"/>
</kw>
<kw name="Exit For Loop If" library="BuiltIn">
<arg>${submit_Ok}</arg>
<doc>Stops executing the enclosing for loop if the ``condition`` is true.</doc>
<msg timestamp="20210927 10:22:33.041" level="INFO">Exiting for loop altogether.</msg>
<status status="PASS" starttime="20210927 10:22:33.040" endtime="20210927 10:22:33.042"/>
</kw>
<status status="PASS" starttime="20210927 10:22:32.976" endtime="20210927 10:22:33.042"/>
</iter>
<status status="PASS" starttime="20210927 10:22:32.895" endtime="20210927 10:22:33.042"/>
</for>
<status status="PASS" starttime="20210927 10:22:32.887" endtime="20210927 10:22:33.043"/>
</kw>
<kw name="Store the receipt as a PDF file">
<var>${pdf}</var>
<arg>${row}[Order number]</arg>
<kw name="Wait Until Element Is Visible" library="RPA.Browser.Selenium">
<arg>id:order-completion</arg>
<doc>Waits until the element ``locator`` is visible.</doc>
<status status="PASS" starttime="20210927 10:22:33.043" endtime="20210927 10:22:33.061"/>
</kw>
<kw name="Get Element Attribute" library="RPA.Browser.Selenium">
<var>${receipt}</var>
<arg>id:order-completion</arg>
<arg>outerHTML</arg>
<doc>Returns the value of ``attribute`` from the element ``locator``.</doc>
<msg timestamp="20210927 10:22:33.075" level="INFO">${receipt} = &lt;div id="order-completion"&gt;&lt;div id="receipt" class="alert alert-success" role="alert"&gt;&lt;h3&gt;Receipt&lt;/h3&gt;&lt;div&gt;2021-09-27T13:22:33.021Z&lt;/div&gt;&lt;p class="badge badge-success"&gt;RSB-ROBO-ORDER-UEV4SERLP2&lt;/p&gt;&lt;p&gt;...</msg>
<status status="PASS" starttime="20210927 10:22:33.061" endtime="20210927 10:22:33.075"/>
</kw>
<kw name="Html To Pdf" library="RPA.PDF">
<arg>${receipt}</arg>
<arg>c:\\GitLocalRepo\\RootRobocorp\\course-level-two-certification\\build-a-robot-level-two${/}output${/}receipts${/}${order_number}.pdf</arg>
<doc>Generate a PDF file from HTML content.</doc>
<msg timestamp="20210927 10:22:33.076" level="INFO">Writing output to file C:\GitLocalRepo\RootRobocorp\course-level-two-certification\build-a-robot-level-two\output\receipts\3.pdf</msg>
<status status="PASS" starttime="20210927 10:22:33.075" endtime="20210927 10:22:33.079"/>
</kw>
<msg timestamp="20210927 10:22:33.079" level="INFO">${pdf} = c:\GitLocalRepo\RootRobocorp\course-level-two-certification\build-a-robot-level-two\output\receipts\3.pdf</msg>
<status status="PASS" starttime="20210927 10:22:33.043" endtime="20210927 10:22:33.079"/>
</kw>
<kw name="Embed the robot screenshot to the receipt PDF file">
<arg>${row}[Order number]</arg>
<arg>${pdf}</arg>
<arg>${screenshot}</arg>
<kw name="Create List" library="BuiltIn">
<var>${files}</var>
<arg>${order_pdf}</arg>
<arg>${order_screenshot}:align=center</arg>
<doc>Returns a list containing given items.</doc>
<msg timestamp="20210927 10:22:33.081" level="INFO">${files} = ['c:\\GitLocalRepo\\RootRobocorp\\course-level-two-certification\\build-a-robot-level-two\\output\\receipts\\3.pdf', 'c:\\GitLocalRepo\\RootRobocorp\\course-level-two-certification\\build-a-robot-leve...</msg>
<status status="PASS" starttime="20210927 10:22:33.080" endtime="20210927 10:22:33.081"/>
</kw>
<kw name="Add Files To Pdf" library="RPA.PDF">
<arg>${files}</arg>
<arg>c:\\GitLocalRepo\\RootRobocorp\\course-level-two-certification\\build-a-robot-level-two${/}output${/}receipts${/}order_a-${order_number}.pdf</arg>
<doc>Add images and/or pdfs to new PDF document</doc>
<msg timestamp="20210927 10:22:33.087" level="INFO">File c:\GitLocalRepo\RootRobocorp\course-level-two-certification\build-a-robot-level-two\output\receipts\3.pdf type: None</msg>
<msg timestamp="20210927 10:22:33.092" level="INFO">File c:\GitLocalRepo\RootRobocorp\course-level-two-certification\build-a-robot-level-two\output\receipts\3.png type: png</msg>
<msg timestamp="20210927 10:22:33.092" level="INFO">Image parameters: {'align': 'center'}</msg>
<status status="PASS" starttime="20210927 10:22:33.081" endtime="20210927 10:22:33.122"/>
</kw>
<kw name="Log" library="BuiltIn">
<arg>${files}</arg>
<doc>Logs the given message with the given level.</doc>
<msg timestamp="20210927 10:22:33.123" level="INFO">['c:\\GitLocalRepo\\RootRobocorp\\course-level-two-certification\\build-a-robot-level-two\\output\\receipts\\3.pdf', 'c:\\GitLocalRepo\\RootRobocorp\\course-level-two-certification\\build-a-robot-level-two\\output\\receipts\\3.png:align=center']</msg>
<status status="PASS" starttime="20210927 10:22:33.122" endtime="20210927 10:22:33.123"/>
</kw>
<kw name="Add Watermark Image To Pdf" library="RPA.PDF">
<arg>source_path=${order_pdf}</arg>
<arg>image_path=${order_screenshot}</arg>
<arg>output_path=c:\\GitLocalRepo\\RootRobocorp\\course-level-two-certification\\build-a-robot-level-two${/}output${/}receipts${/}order_w-${order_number}.pdf</arg>
<doc>Add image to PDF which can be new or existing PDF.</doc>
<status status="PASS" starttime="20210927 10:22:33.123" endtime="20210927 10:22:33.159"/>
</kw>
<kw name="Close Pdf" library="RPA.PDF">
<arg>${order_pdf}</arg>
<doc>Close PDF file descriptor for certain file.</doc>
<msg timestamp="20210927 10:22:33.160" level="INFO">Closing PDF document: c:\GitLocalRepo\RootRobocorp\course-level-two-certification\build-a-robot-level-two\output\receipts\3.pdf</msg>
<status status="PASS" starttime="20210927 10:22:33.159" endtime="20210927 10:22:33.160"/>
</kw>
<kw name="Remove File" library="RPA.FileSystem">
<arg>${order_pdf}</arg>
<doc>Removes the given file.</doc>
<status status="PASS" starttime="20210927 10:22:33.160" endtime="20210927 10:22:33.161"/>
</kw>
<kw name="Remove File" library="RPA.FileSystem">
<arg>${order_screenshot}</arg>
<doc>Removes the given file.</doc>
<status status="PASS" starttime="20210927 10:22:33.161" endtime="20210927 10:22:33.162"/>
</kw>
<status status="PASS" starttime="20210927 10:22:33.080" endtime="20210927 10:22:33.162"/>
</kw>
<kw name="Go to order another robot">
<kw name="Wait Until Keyword Succeeds" library="BuiltIn">
<arg>${GLOBAL_RETRY_AMOUNT}</arg>
<arg>${GLOBAL_RETRY_INTERVAL}</arg>
<arg>Wait Until Page Contains Element</arg>
<arg>id:order-another</arg>
<doc>Runs the specified keyword and retries if it fails.</doc>
<kw name="Wait Until Page Contains Element" library="RPA.Browser.Selenium">
<arg>id:order-another</arg>
<doc>Waits until the element ``locator`` appears on the current page.</doc>
<status status="PASS" starttime="20210927 10:22:33.163" endtime="20210927 10:22:33.171"/>
</kw>
<status status="PASS" starttime="20210927 10:22:33.163" endtime="20210927 10:22:33.171"/>
</kw>
<kw name="Click Button" library="RPA.Browser.Selenium">
<arg>id:order-another</arg>
<doc>Clicks the button identified by ``locator``.</doc>
<msg timestamp="20210927 10:22:33.171" level="INFO">Clicking button 'id:order-another'.</msg>
<status status="PASS" starttime="20210927 10:22:33.171" endtime="20210927 10:22:33.346"/>
</kw>
<status status="PASS" starttime="20210927 10:22:33.162" endtime="20210927 10:22:33.346"/>
</kw>
<status status="PASS" starttime="20210927 10:22:32.009" endtime="20210927 10:22:33.346"/>
</iter>
<iter>
<var name="${row}">{'Order number': '4', 'Head': '2', 'Body': '3', 'Legs': '2', 'Address': 'Address 1'}</var>
<kw name="Close the annoying modal">
<kw name="Set Variable" library="BuiltIn">
<var>${button_danger}</var>
<arg>xpath://button[@class="btn btn-danger"]</arg>
<doc>Returns the given values which can then be assigned to a variables.</doc>
<msg timestamp="20210927 10:22:33.348" level="INFO">${button_danger} = xpath://button[@class="btn btn-danger"]</msg>
<status status="PASS" starttime="20210927 10:22:33.348" endtime="20210927 10:22:33.348"/>
</kw>
<kw name="Wait Until Keyword Succeeds" library="BuiltIn">
<arg>${GLOBAL_RETRY_AMOUNT}</arg>
<arg>${GLOBAL_RETRY_INTERVAL}</arg>
<arg>Wait Until Page Contains Element</arg>
<arg>${button_danger}</arg>
<doc>Runs the specified keyword and retries if it fails.</doc>
<kw name="Wait Until Page Contains Element" library="RPA.Browser.Selenium">
<arg>${button_danger}</arg>
<doc>Waits until the element ``locator`` appears on the current page.</doc>
<status status="PASS" starttime="20210927 10:22:33.349" endtime="20210927 10:22:33.357"/>
</kw>
<status status="PASS" starttime="20210927 10:22:33.348" endtime="20210927 10:22:33.357"/>
</kw>
<kw name="Click Button" library="RPA.Browser.Selenium">
<arg>${button_danger}</arg>
<doc>Clicks the button identified by ``locator``.</doc>
<msg timestamp="20210927 10:22:33.358" level="INFO">Clicking button 'xpath://button[@class="btn btn-danger"]'.</msg>
<status status="PASS" starttime="20210927 10:22:33.358" endtime="20210927 10:22:33.414"/>
</kw>
<status status="PASS" starttime="20210927 10:22:33.347" endtime="20210927 10:22:33.415"/>
</kw>
<kw name="Fill the form">
<arg>${row}</arg>
<kw name="Wait Until Keyword Succeeds" library="BuiltIn">
<arg>${GLOBAL_RETRY_AMOUNT}</arg>
<arg>${GLOBAL_RETRY_INTERVAL}</arg>
<arg>Wait Until Page Contains Element</arg>
<arg>id:address</arg>
<doc>Runs the specified keyword and retries if it fails.</doc>
<kw name="Wait Until Page Contains Element" library="RPA.Browser.Selenium">
<arg>id:address</arg>
<doc>Waits until the element ``locator`` appears on the current page.</doc>
<status status="PASS" starttime="20210927 10:22:33.416" endtime="20210927 10:22:33.424"/>
</kw>
<status status="PASS" starttime="20210927 10:22:33.416" endtime="20210927 10:22:33.424"/>
</kw>
<kw name="Select From List By Value" library="RPA.Browser.Selenium">
<arg>id:head</arg>
<arg>${row}[Head]</arg>
<doc>Selects options from selection list ``locator`` by ``values``.</doc>
<msg timestamp="20210927 10:22:33.425" level="INFO">Selecting options from selection list 'id:head' by value 2.</msg>
<status status="PASS" starttime="20210927 10:22:33.425" endtime="20210927 10:22:33.489"/>
</kw>
<kw name="Click Element" library="RPA.Browser.Selenium">
<arg>id:id-body-${row}[Body]</arg>
<doc>Click the element identified by ``locator``.</doc>
<msg timestamp="20210927 10:22:33.490" level="INFO">Clicking element 'id:id-body-3'.</msg>
<status status="PASS" starttime="20210927 10:22:33.489" endtime="20210927 10:22:33.539"/>
</kw>
<kw name="Set Variable" library="BuiltIn">
<var>${input_legs}</var>
<arg>xpath://input[contains(@id,'16')]</arg>
<doc>Returns the given values which can then be assigned to a variables.</doc>
<msg timestamp="20210927 10:22:33.540" level="INFO">${input_legs} = xpath://input[contains(@id,'16')]</msg>
<status status="PASS" starttime="20210927 10:22:33.539" endtime="20210927 10:22:33.540"/>
</kw>
<kw name="Input Text" library="RPA.Browser.Selenium">
<arg>${input_legs}</arg>
<arg>${row}[Legs]</arg>
<doc>Types the given ``text`` into the text field identified by ``locator``.</doc>
<msg timestamp="20210927 10:22:33.541" level="INFO">Typing text '2' into text field 'xpath://input[contains(@id,'16')]'.</msg>
<status status="PASS" starttime="20210927 10:22:33.540" endtime="20210927 10:22:33.621"/>
</kw>
<kw name="Input Text" library="RPA.Browser.Selenium">
<arg>id:address</arg>
<arg>${row}[Address]</arg>
<doc>Types the given ``text`` into the text field identified by ``locator``.</doc>
<msg timestamp="20210927 10:22:33.622" level="INFO">Typing text 'Address 1' into text field 'id:address'.</msg>
<status status="PASS" starttime="20210927 10:22:33.621" endtime="20210927 10:22:33.701"/>
</kw>
<status status="PASS" starttime="20210927 10:22:33.415" endtime="20210927 10:22:33.701"/>
</kw>
<kw name="Preview the robot">
<kw name="Wait Until Keyword Succeeds" library="BuiltIn">
<arg>${GLOBAL_RETRY_AMOUNT}</arg>
<arg>${GLOBAL_RETRY_INTERVAL}</arg>
<arg>Wait Until Page Contains Element</arg>
<arg>id:preview</arg>
<doc>Runs the specified keyword and retries if it fails.</doc>
<kw name="Wait Until Page Contains Element" library="RPA.Browser.Selenium">
<arg>id:preview</arg>
<doc>Waits until the element ``locator`` appears on the current page.</doc>
<status status="PASS" starttime="20210927 10:22:33.703" endtime="20210927 10:22:33.709"/>
</kw>
<status status="PASS" starttime="20210927 10:22:33.702" endtime="20210927 10:22:33.710"/>
</kw>
<kw name="Click Button" library="RPA.Browser.Selenium">
<arg>id:preview</arg>
<doc>Clicks the button identified by ``locator``.</doc>
<msg timestamp="20210927 10:22:33.710" level="INFO">Clicking button 'id:preview'.</msg>
<status status="PASS" starttime="20210927 10:22:33.710" endtime="20210927 10:22:33.794"/>
</kw>
<status status="PASS" starttime="20210927 10:22:33.702" endtime="20210927 10:22:33.794"/>
</kw>
<kw name="Take a screenshot of the robot">
<var>${screenshot}</var>
<arg>${row}[Order number]</arg>
<kw name="Wait Until Element Is Visible" library="RPA.Browser.Selenium">
<arg>id:robot-preview-image</arg>
<doc>Waits until the element ``locator`` is visible.</doc>
<status status="PASS" starttime="20210927 10:22:33.796" endtime="20210927 10:22:33.824"/>
</kw>
<kw name="Set Variable" library="BuiltIn">
<var>${img_head}</var>
<arg>xpath://img[contains(@alt,'Head')]</arg>
<doc>Returns the given values which can then be assigned to a variables.</doc>
<msg timestamp="20210927 10:22:33.825" level="INFO">${img_head} = xpath://img[contains(@alt,'Head')]</msg>
<status status="PASS" starttime="20210927 10:22:33.825" endtime="20210927 10:22:33.825"/>
</kw>
<kw name="Wait Until Element Is Visible" library="RPA.Browser.Selenium">
<arg>${img_head}</arg>
<doc>Waits until the element ``locator`` is visible.</doc>
<status status="PASS" starttime="20210927 10:22:33.826" endtime="20210927 10:22:33.855"/>
</kw>
<kw name="Set Variable" library="BuiltIn">
<var>${img_body}</var>
<arg>xpath://img[contains(@alt,'Body')]</arg>
<doc>Returns the given values which can then be assigned to a variables.</doc>
<msg timestamp="20210927 10:22:33.857" level="INFO">${img_body} = xpath://img[contains(@alt,'Body')]</msg>
<status status="PASS" starttime="20210927 10:22:33.856" endtime="20210927 10:22:33.857"/>
</kw>
<kw name="Wait Until Element Is Visible" library="RPA.Browser.Selenium">
<arg>${img_body}</arg>
<doc>Waits until the element ``locator`` is visible.</doc>
<status status="PASS" starttime="20210927 10:22:33.857" endtime="20210927 10:22:33.888"/>
</kw>
<kw name="Set Variable" library="BuiltIn">
<var>${img_legs}</var>
<arg>xpath://img[contains(@alt,'Legs')]</arg>
<doc>Returns the given values which can then be assigned to a variables.</doc>
<msg timestamp="20210927 10:22:33.889" level="INFO">${img_legs} = xpath://img[contains(@alt,'Legs')]</msg>
<status status="PASS" starttime="20210927 10:22:33.888" endtime="20210927 10:22:33.889"/>
</kw>
<kw name="Wait Until Element Is Visible" library="RPA.Browser.Selenium">
<arg>${img_legs}</arg>
<doc>Waits until the element ``locator`` is visible.</doc>
<status status="PASS" starttime="20210927 10:22:33.890" endtime="20210927 10:22:33.916"/>
</kw>
<kw name="Capture Element Screenshot" library="RPA.Browser.Selenium">
<arg>id:robot-preview-image</arg>
<arg>c:\\GitLocalRepo\\RootRobocorp\\course-level-two-certification\\build-a-robot-level-two${/}output${/}receipts${/}${order_number}.png</arg>
<doc>Captures a screenshot from the element identified by ``locator`` and embeds it into log file.</doc>
<msg timestamp="20210927 10:22:34.074" level="INFO" html="true">&lt;/td&gt;&lt;/tr&gt;&lt;tr&gt;&lt;td colspan="3"&gt;&lt;a href="build-a-robot-level-two/output/receipts/4.png"&gt;&lt;img src="build-a-robot-level-two/output/receipts/4.png" width="400px"&gt;&lt;/a&gt;</msg>
<status status="PASS" starttime="20210927 10:22:33.917" endtime="20210927 10:22:34.074"/>
</kw>
<msg timestamp="20210927 10:22:34.075" level="INFO">${screenshot} = c:\GitLocalRepo\RootRobocorp\course-level-two-certification\build-a-robot-level-two\output\receipts\4.png</msg>
<status status="PASS" starttime="20210927 10:22:33.795" endtime="20210927 10:22:34.075"/>
</kw>
<kw name="Submit the order">
<kw name="Wait Until Keyword Succeeds" library="BuiltIn">
<arg>${GLOBAL_RETRY_AMOUNT}</arg>
<arg>${GLOBAL_RETRY_INTERVAL}</arg>
<arg>Wait Until Page Contains Element</arg>
<arg>id:order</arg>
<doc>Runs the specified keyword and retries if it fails.</doc>
<kw name="Wait Until Page Contains Element" library="RPA.Browser.Selenium">
<arg>id:order</arg>
<doc>Waits until the element ``locator`` appears on the current page.</doc>
<status status="PASS" starttime="20210927 10:22:34.076" endtime="20210927 10:22:34.084"/>
</kw>
<status status="PASS" starttime="20210927 10:22:34.075" endtime="20210927 10:22:34.084"/>
</kw>
<for flavor="IN RANGE">
<var>${i}</var>
<value>5</value>
<iter>
<var name="${i}">0</var>
<kw name="Click Button" library="RPA.Browser.Selenium">
<arg>id:order</arg>
<doc>Clicks the button identified by ``locator``.</doc>
<msg timestamp="20210927 10:22:34.085" level="INFO">Clicking button 'id:order'.</msg>
<status status="PASS" starttime="20210927 10:22:34.085" endtime="20210927 10:22:34.145"/>
</kw>
<kw name="Does Page Contain" library="RPA.Browser.Selenium">
<var>${submit_Ok}</var>
<arg>Receipt</arg>
<doc>Does page contain expected text</doc>
<msg timestamp="20210927 10:22:34.157" level="INFO">Current page contains text 'Receipt'.</msg>
<msg timestamp="20210927 10:22:34.157" level="INFO">${submit_Ok} = True</msg>
<status status="PASS" starttime="20210927 10:22:34.145" endtime="20210927 10:22:34.157"/>
</kw>
<kw name="Exit For Loop If" library="BuiltIn">
<arg>${submit_Ok}</arg>
<doc>Stops executing the enclosing for loop if the ``condition`` is true.</doc>
<msg timestamp="20210927 10:22:34.158" level="INFO">Exiting for loop altogether.</msg>
<status status="PASS" starttime="20210927 10:22:34.157" endtime="20210927 10:22:34.158"/>
</kw>
<status status="PASS" starttime="20210927 10:22:34.084" endtime="20210927 10:22:34.158"/>
</iter>
<status status="PASS" starttime="20210927 10:22:34.084" endtime="20210927 10:22:34.158"/>
</for>
<status status="PASS" starttime="20210927 10:22:34.075" endtime="20210927 10:22:34.158"/>
</kw>
<kw name="Store the receipt as a PDF file">
<var>${pdf}</var>
<arg>${row}[Order number]</arg>
<kw name="Wait Until Element Is Visible" library="RPA.Browser.Selenium">
<arg>id:order-completion</arg>
<doc>Waits until the element ``locator`` is visible.</doc>
<status status="PASS" starttime="20210927 10:22:34.159" endtime="20210927 10:22:34.176"/>
</kw>
<kw name="Get Element Attribute" library="RPA.Browser.Selenium">
<var>${receipt}</var>
<arg>id:order-completion</arg>
<arg>outerHTML</arg>
<doc>Returns the value of ``attribute`` from the element ``locator``.</doc>
<msg timestamp="20210927 10:22:34.190" level="INFO">${receipt} = &lt;div id="order-completion"&gt;&lt;div id="receipt" class="alert alert-success" role="alert"&gt;&lt;h3&gt;Receipt&lt;/h3&gt;&lt;div&gt;2021-09-27T13:22:34.138Z&lt;/div&gt;&lt;p class="badge badge-success"&gt;RSB-ROBO-ORDER-HNJ6LTFZF&lt;/p&gt;&lt;p&gt;A...</msg>
<status status="PASS" starttime="20210927 10:22:34.176" endtime="20210927 10:22:34.190"/>
</kw>
<kw name="Html To Pdf" library="RPA.PDF">
<arg>${receipt}</arg>
<arg>c:\\GitLocalRepo\\RootRobocorp\\course-level-two-certification\\build-a-robot-level-two${/}output${/}receipts${/}${order_number}.pdf</arg>
<doc>Generate a PDF file from HTML content.</doc>
<msg timestamp="20210927 10:22:34.191" level="INFO">Writing output to file C:\GitLocalRepo\RootRobocorp\course-level-two-certification\build-a-robot-level-two\output\receipts\4.pdf</msg>
<status status="PASS" starttime="20210927 10:22:34.190" endtime="20210927 10:22:34.194"/>
</kw>
<msg timestamp="20210927 10:22:34.194" level="INFO">${pdf} = c:\GitLocalRepo\RootRobocorp\course-level-two-certification\build-a-robot-level-two\output\receipts\4.pdf</msg>
<status status="PASS" starttime="20210927 10:22:34.158" endtime="20210927 10:22:34.195"/>
</kw>
<kw name="Embed the robot screenshot to the receipt PDF file">
<arg>${row}[Order number]</arg>
<arg>${pdf}</arg>
<arg>${screenshot}</arg>
<kw name="Create List" library="BuiltIn">
<var>${files}</var>
<arg>${order_pdf}</arg>
<arg>${order_screenshot}:align=center</arg>
<doc>Returns a list containing given items.</doc>
<msg timestamp="20210927 10:22:34.196" level="INFO">${files} = ['c:\\GitLocalRepo\\RootRobocorp\\course-level-two-certification\\build-a-robot-level-two\\output\\receipts\\4.pdf', 'c:\\GitLocalRepo\\RootRobocorp\\course-level-two-certification\\build-a-robot-leve...</msg>
<status status="PASS" starttime="20210927 10:22:34.195" endtime="20210927 10:22:34.196"/>
</kw>
<kw name="Add Files To Pdf" library="RPA.PDF">
<arg>${files}</arg>
<arg>c:\\GitLocalRepo\\RootRobocorp\\course-level-two-certification\\build-a-robot-level-two${/}output${/}receipts${/}order_a-${order_number}.pdf</arg>
<doc>Add images and/or pdfs to new PDF document</doc>
<msg timestamp="20210927 10:22:34.202" level="INFO">File c:\GitLocalRepo\RootRobocorp\course-level-two-certification\build-a-robot-level-two\output\receipts\4.pdf type: None</msg>
<msg timestamp="20210927 10:22:34.207" level="INFO">File c:\GitLocalRepo\RootRobocorp\course-level-two-certification\build-a-robot-level-two\output\receipts\4.png type: png</msg>
<msg timestamp="20210927 10:22:34.207" level="INFO">Image parameters: {'align': 'center'}</msg>
<status status="PASS" starttime="20210927 10:22:34.196" endtime="20210927 10:22:34.243"/>
</kw>
<kw name="Log" library="BuiltIn">
<arg>${files}</arg>
<doc>Logs the given message with the given level.</doc>
<msg timestamp="20210927 10:22:34.244" level="INFO">['c:\\GitLocalRepo\\RootRobocorp\\course-level-two-certification\\build-a-robot-level-two\\output\\receipts\\4.pdf', 'c:\\GitLocalRepo\\RootRobocorp\\course-level-two-certification\\build-a-robot-level-two\\output\\receipts\\4.png:align=center']</msg>
<status status="PASS" starttime="20210927 10:22:34.244" endtime="20210927 10:22:34.244"/>
</kw>
<kw name="Add Watermark Image To Pdf" library="RPA.PDF">
<arg>source_path=${order_pdf}</arg>
<arg>image_path=${order_screenshot}</arg>
<arg>output_path=c:\\GitLocalRepo\\RootRobocorp\\course-level-two-certification\\build-a-robot-level-two${/}output${/}receipts${/}order_w-${order_number}.pdf</arg>
<doc>Add image to PDF which can be new or existing PDF.</doc>
<status status="PASS" starttime="20210927 10:22:34.244" endtime="20210927 10:22:34.281"/>
</kw>
<kw name="Close Pdf" library="RPA.PDF">
<arg>${order_pdf}</arg>
<doc>Close PDF file descriptor for certain file.</doc>
<msg timestamp="20210927 10:22:34.282" level="INFO">Closing PDF document: c:\GitLocalRepo\RootRobocorp\course-level-two-certification\build-a-robot-level-two\output\receipts\4.pdf</msg>
<status status="PASS" starttime="20210927 10:22:34.282" endtime="20210927 10:22:34.282"/>
</kw>
<kw name="Remove File" library="RPA.FileSystem">
<arg>${order_pdf}</arg>
<doc>Removes the given file.</doc>
<status status="PASS" starttime="20210927 10:22:34.283" endtime="20210927 10:22:34.283"/>
</kw>
<kw name="Remove File" library="RPA.FileSystem">
<arg>${order_screenshot}</arg>
<doc>Removes the given file.</doc>
<status status="PASS" starttime="20210927 10:22:34.284" endtime="20210927 10:22:34.284"/>
</kw>
<status status="PASS" starttime="20210927 10:22:34.195" endtime="20210927 10:22:34.285"/>
</kw>
<kw name="Go to order another robot">
<kw name="Wait Until Keyword Succeeds" library="BuiltIn">
<arg>${GLOBAL_RETRY_AMOUNT}</arg>
<arg>${GLOBAL_RETRY_INTERVAL}</arg>
<arg>Wait Until Page Contains Element</arg>
<arg>id:order-another</arg>
<doc>Runs the specified keyword and retries if it fails.</doc>
<kw name="Wait Until Page Contains Element" library="RPA.Browser.Selenium">
<arg>id:order-another</arg>
<doc>Waits until the element ``locator`` appears on the current page.</doc>
<status status="PASS" starttime="20210927 10:22:34.286" endtime="20210927 10:22:34.294"/>
</kw>
<status status="PASS" starttime="20210927 10:22:34.285" endtime="20210927 10:22:34.294"/>
</kw>
[...]
<doc>Removes the given file.</doc>
<status status="PASS" starttime="20210927 10:22:51.433" endtime="20210927 10:22:51.434"/>
</kw>
<status status="PASS" starttime="20210927 10:22:51.359" endtime="20210927 10:22:51.435"/>
</kw>
<kw name="Go to order another robot">
<kw name="Wait Until Keyword Succeeds" library="BuiltIn">
<arg>${GLOBAL_RETRY_AMOUNT}</arg>
<arg>${GLOBAL_RETRY_INTERVAL}</arg>
<arg>Wait Until Page Contains Element</arg>
<arg>id:order-another</arg>
<doc>Runs the specified keyword and retries if it fails.</doc>
<kw name="Wait Until Page Contains Element" library="RPA.Browser.Selenium">
<arg>id:order-another</arg>
<doc>Waits until the element ``locator`` appears on the current page.</doc>
<status status="PASS" starttime="20210927 10:22:51.436" endtime="20210927 10:22:51.444"/>
</kw>
<status status="PASS" starttime="20210927 10:22:51.436" endtime="20210927 10:22:51.444"/>
</kw>
<kw name="Click Button" library="RPA.Browser.Selenium">
<arg>id:order-another</arg>
<doc>Clicks the button identified by ``locator``.</doc>
<msg timestamp="20210927 10:22:51.444" level="INFO">Clicking button 'id:order-another'.</msg>
<status status="PASS" starttime="20210927 10:22:51.444" endtime="20210927 10:22:51.610"/>
</kw>
<status status="PASS" starttime="20210927 10:22:51.435" endtime="20210927 10:22:51.610"/>
</kw>
<status status="PASS" starttime="20210927 10:22:50.556" endtime="20210927 10:22:51.611"/>
</iter>
<iter>
<var name="${row}">{'Order number': '20', 'Head': '1', 'Body': '1', 'Legs': '5', 'Address': 'Address H'}</var>
<kw name="Close the annoying modal">
<kw name="Set Variable" library="BuiltIn">
<var>${button_danger}</var>
<arg>xpath://button[@class="btn btn-danger"]</arg>
<doc>Returns the given values which can then be assigned to a variables.</doc>
<msg timestamp="20210927 10:22:51.613" level="INFO">${button_danger} = xpath://button[@class="btn btn-danger"]</msg>
<status status="PASS" starttime="20210927 10:22:51.612" endtime="20210927 10:22:51.613"/>
</kw>
<kw name="Wait Until Keyword Succeeds" library="BuiltIn">
<arg>${GLOBAL_RETRY_AMOUNT}</arg>
<arg>${GLOBAL_RETRY_INTERVAL}</arg>
<arg>Wait Until Page Contains Element</arg>
<arg>${button_danger}</arg>
<doc>Runs the specified keyword and retries if it fails.</doc>
<kw name="Wait Until Page Contains Element" library="RPA.Browser.Selenium">
<arg>${button_danger}</arg>
<doc>Waits until the element ``locator`` appears on the current page.</doc>
<status status="PASS" starttime="20210927 10:22:51.614" endtime="20210927 10:22:51.623"/>
</kw>
<status status="PASS" starttime="20210927 10:22:51.614" endtime="20210927 10:22:51.623"/>
</kw>
<kw name="Click Button" library="RPA.Browser.Selenium">
<arg>${button_danger}</arg>
<doc>Clicks the button identified by ``locator``.</doc>
<msg timestamp="20210927 10:22:51.624" level="INFO">Clicking button 'xpath://button[@class="btn btn-danger"]'.</msg>
<status status="PASS" starttime="20210927 10:22:51.623" endtime="20210927 10:22:51.682"/>
</kw>
<status status="PASS" starttime="20210927 10:22:51.612" endtime="20210927 10:22:51.682"/>
</kw>
<kw name="Fill the form">
<arg>${row}</arg>
<kw name="Wait Until Keyword Succeeds" library="BuiltIn">
<arg>${GLOBAL_RETRY_AMOUNT}</arg>
<arg>${GLOBAL_RETRY_INTERVAL}</arg>
<arg>Wait Until Page Contains Element</arg>
<arg>id:address</arg>
<doc>Runs the specified keyword and retries if it fails.</doc>
<kw name="Wait Until Page Contains Element" library="RPA.Browser.Selenium">
<arg>id:address</arg>
<doc>Waits until the element ``locator`` appears on the current page.</doc>
<status status="PASS" starttime="20210927 10:22:51.683" endtime="20210927 10:22:51.691"/>
</kw>
<status status="PASS" starttime="20210927 10:22:51.683" endtime="20210927 10:22:51.691"/>
</kw>
<kw name="Select From List By Value" library="RPA.Browser.Selenium">
<arg>id:head</arg>
<arg>${row}[Head]</arg>
<doc>Selects options from selection list ``locator`` by ``values``.</doc>
<msg timestamp="20210927 10:22:51.692" level="INFO">Selecting options from selection list 'id:head' by value 1.</msg>
<status status="PASS" starttime="20210927 10:22:51.691" endtime="20210927 10:22:51.757"/>
</kw>
<kw name="Click Element" library="RPA.Browser.Selenium">
<arg>id:id-body-${row}[Body]</arg>
<doc>Click the element identified by ``locator``.</doc>
<msg timestamp="20210927 10:22:51.758" level="INFO">Clicking element 'id:id-body-1'.</msg>
<status status="PASS" starttime="20210927 10:22:51.757" endtime="20210927 10:22:51.814"/>
</kw>
<kw name="Set Variable" library="BuiltIn">
<var>${input_legs}</var>
<arg>xpath://input[contains(@id,'16')]</arg>
<doc>Returns the given values which can then be assigned to a variables.</doc>
<msg timestamp="20210927 10:22:51.815" level="INFO">${input_legs} = xpath://input[contains(@id,'16')]</msg>
<status status="PASS" starttime="20210927 10:22:51.815" endtime="20210927 10:22:51.815"/>
</kw>
<kw name="Input Text" library="RPA.Browser.Selenium">
<arg>${input_legs}</arg>
<arg>${row}[Legs]</arg>
<doc>Types the given ``text`` into the text field identified by ``locator``.</doc>
<msg timestamp="20210927 10:22:51.816" level="INFO">Typing text '5' into text field 'xpath://input[contains(@id,'16')]'.</msg>
<status status="PASS" starttime="20210927 10:22:51.815" endtime="20210927 10:22:51.892"/>
</kw>
<kw name="Input Text" library="RPA.Browser.Selenium">
<arg>id:address</arg>
<arg>${row}[Address]</arg>
<doc>Types the given ``text`` into the text field identified by ``locator``.</doc>
<msg timestamp="20210927 10:22:51.892" level="INFO">Typing text 'Address H' into text field 'id:address'.</msg>
<status status="PASS" starttime="20210927 10:22:51.892" endtime="20210927 10:22:51.974"/>
</kw>
<status status="PASS" starttime="20210927 10:22:51.682" endtime="20210927 10:22:51.975"/>
</kw>
<kw name="Preview the robot">
<kw name="Wait Until Keyword Succeeds" library="BuiltIn">
<arg>${GLOBAL_RETRY_AMOUNT}</arg>
<arg>${GLOBAL_RETRY_INTERVAL}</arg>
<arg>Wait Until Page Contains Element</arg>
<arg>id:preview</arg>
<doc>Runs the specified keyword and retries if it fails.</doc>
<kw name="Wait Until Page Contains Element" library="RPA.Browser.Selenium">
<arg>id:preview</arg>
<doc>Waits until the element ``locator`` appears on the current page.</doc>
<status status="PASS" starttime="20210927 10:22:51.977" endtime="20210927 10:22:51.986"/>
</kw>
<status status="PASS" starttime="20210927 10:22:51.976" endtime="20210927 10:22:51.986"/>
</kw>
<kw name="Click Button" library="RPA.Browser.Selenium">
<arg>id:preview</arg>
<doc>Clicks the button identified by ``locator``.</doc>
<msg timestamp="20210927 10:22:51.987" level="INFO">Clicking button 'id:preview'.</msg>
<status status="PASS" starttime="20210927 10:22:51.986" endtime="20210927 10:22:52.047"/>
</kw>
<status status="PASS" starttime="20210927 10:22:51.975" endtime="20210927 10:22:52.048"/>
</kw>
<kw name="Take a screenshot of the robot">
<var>${screenshot}</var>
<arg>${row}[Order number]</arg>
<kw name="Wait Until Element Is Visible" library="RPA.Browser.Selenium">
<arg>id:robot-preview-image</arg>
<doc>Waits until the element ``locator`` is visible.</doc>
<status status="PASS" starttime="20210927 10:22:52.049" endtime="20210927 10:22:52.065"/>
</kw>
<kw name="Set Variable" library="BuiltIn">
<var>${img_head}</var>
<arg>xpath://img[contains(@alt,'Head')]</arg>
<doc>Returns the given values which can then be assigned to a variables.</doc>
<msg timestamp="20210927 10:22:52.066" level="INFO">${img_head} = xpath://img[contains(@alt,'Head')]</msg>
<status status="PASS" starttime="20210927 10:22:52.066" endtime="20210927 10:22:52.066"/>
</kw>
<kw name="Wait Until Element Is Visible" library="RPA.Browser.Selenium">
<arg>${img_head}</arg>
<doc>Waits until the element ``locator`` is visible.</doc>
<status status="PASS" starttime="20210927 10:22:52.066" endtime="20210927 10:22:52.084"/>
</kw>
<kw name="Set Variable" library="BuiltIn">
<var>${img_body}</var>
<arg>xpath://img[contains(@alt,'Body')]</arg>
<doc>Returns the given values which can then be assigned to a variables.</doc>
<msg timestamp="20210927 10:22:52.085" level="INFO">${img_body} = xpath://img[contains(@alt,'Body')]</msg>
<status status="PASS" starttime="20210927 10:22:52.085" endtime="20210927 10:22:52.086"/>
</kw>
<kw name="Wait Until Element Is Visible" library="RPA.Browser.Selenium">
<arg>${img_body}</arg>
<doc>Waits until the element ``locator`` is visible.</doc>
<status status="PASS" starttime="20210927 10:22:52.086" endtime="20210927 10:22:52.103"/>
</kw>
<kw name="Set Variable" library="BuiltIn">
<var>${img_legs}</var>
<arg>xpath://img[contains(@alt,'Legs')]</arg>
<doc>Returns the given values which can then be assigned to a variables.</doc>
<msg timestamp="20210927 10:22:52.104" level="INFO">${img_legs} = xpath://img[contains(@alt,'Legs')]</msg>
<status status="PASS" starttime="20210927 10:22:52.103" endtime="20210927 10:22:52.104"/>
</kw>
<kw name="Wait Until Element Is Visible" library="RPA.Browser.Selenium">
<arg>${img_legs}</arg>
<doc>Waits until the element ``locator`` is visible.</doc>
<status status="PASS" starttime="20210927 10:22:52.104" endtime="20210927 10:22:52.119"/>
</kw>
<kw name="Capture Element Screenshot" library="RPA.Browser.Selenium">
<arg>id:robot-preview-image</arg>
<arg>c:\\GitLocalRepo\\RootRobocorp\\course-level-two-certification\\build-a-robot-level-two${/}output${/}receipts${/}${order_number}.png</arg>
<doc>Captures a screenshot from the element identified by ``locator`` and embeds it into log file.</doc>
<msg timestamp="20210927 10:22:52.232" level="INFO" html="true">&lt;/td&gt;&lt;/tr&gt;&lt;tr&gt;&lt;td colspan="3"&gt;&lt;a href="build-a-robot-level-two/output/receipts/20.png"&gt;&lt;img src="build-a-robot-level-two/output/receipts/20.png" width="400px"&gt;&lt;/a&gt;</msg>
<status status="PASS" starttime="20210927 10:22:52.120" endtime="20210927 10:22:52.232"/>
</kw>
<msg timestamp="20210927 10:22:52.232" level="INFO">${screenshot} = c:\GitLocalRepo\RootRobocorp\course-level-two-certification\build-a-robot-level-two\output\receipts\20.png</msg>
<status status="PASS" starttime="20210927 10:22:52.048" endtime="20210927 10:22:52.232"/>
</kw>
<kw name="Submit the order">
<kw name="Wait Until Keyword Succeeds" library="BuiltIn">
<arg>${GLOBAL_RETRY_AMOUNT}</arg>
<arg>${GLOBAL_RETRY_INTERVAL}</arg>
<arg>Wait Until Page Contains Element</arg>
<arg>id:order</arg>
<doc>Runs the specified keyword and retries if it fails.</doc>
<kw name="Wait Until Page Contains Element" library="RPA.Browser.Selenium">
<arg>id:order</arg>
<doc>Waits until the element ``locator`` appears on the current page.</doc>
<status status="PASS" starttime="20210927 10:22:52.234" endtime="20210927 10:22:52.241"/>
</kw>
<status status="PASS" starttime="20210927 10:22:52.233" endtime="20210927 10:22:52.241"/>
</kw>
<for flavor="IN RANGE">
<var>${i}</var>
<value>5</value>
<iter>
<var name="${i}">0</var>
<kw name="Click Button" library="RPA.Browser.Selenium">
<arg>id:order</arg>
<doc>Clicks the button identified by ``locator``.</doc>
<msg timestamp="20210927 10:22:52.242" level="INFO">Clicking button 'id:order'.</msg>
<status status="PASS" starttime="20210927 10:22:52.242" endtime="20210927 10:22:52.306"/>
</kw>
<kw name="Does Page Contain" library="RPA.Browser.Selenium">
<var>${submit_Ok}</var>
<arg>Receipt</arg>
<doc>Does page contain expected text</doc>
<msg timestamp="20210927 10:22:52.319" level="INFO">Current page contains text 'Receipt'.</msg>
<msg timestamp="20210927 10:22:52.320" level="INFO">${submit_Ok} = True</msg>
<status status="PASS" starttime="20210927 10:22:52.306" endtime="20210927 10:22:52.320"/>
</kw>
<kw name="Exit For Loop If" library="BuiltIn">
<arg>${submit_Ok}</arg>
<doc>Stops executing the enclosing for loop if the ``condition`` is true.</doc>
<msg timestamp="20210927 10:22:52.321" level="INFO">Exiting for loop altogether.</msg>
<status status="PASS" starttime="20210927 10:22:52.320" endtime="20210927 10:22:52.321"/>
</kw>
<status status="PASS" starttime="20210927 10:22:52.242" endtime="20210927 10:22:52.321"/>
</iter>
<status status="PASS" starttime="20210927 10:22:52.242" endtime="20210927 10:22:52.321"/>
</for>
<status status="PASS" starttime="20210927 10:22:52.233" endtime="20210927 10:22:52.322"/>
</kw>
<kw name="Store the receipt as a PDF file">
<var>${pdf}</var>
<arg>${row}[Order number]</arg>
<kw name="Wait Until Element Is Visible" library="RPA.Browser.Selenium">
<arg>id:order-completion</arg>
<doc>Waits until the element ``locator`` is visible.</doc>
<status status="PASS" starttime="20210927 10:22:52.323" endtime="20210927 10:22:52.339"/>
</kw>
<kw name="Get Element Attribute" library="RPA.Browser.Selenium">
<var>${receipt}</var>
<arg>id:order-completion</arg>
<arg>outerHTML</arg>
<doc>Returns the value of ``attribute`` from the element ``locator``.</doc>
<msg timestamp="20210927 10:22:52.352" level="INFO">${receipt} = &lt;div id="order-completion"&gt;&lt;div id="receipt" class="alert alert-success" role="alert"&gt;&lt;h3&gt;Receipt&lt;/h3&gt;&lt;div&gt;2021-09-27T13:22:52.295Z&lt;/div&gt;&lt;p class="badge badge-success"&gt;RSB-ROBO-ORDER-ATT40ZE3O&lt;/p&gt;&lt;p&gt;A...</msg>
<status status="PASS" starttime="20210927 10:22:52.339" endtime="20210927 10:22:52.353"/>
</kw>
<kw name="Html To Pdf" library="RPA.PDF">
<arg>${receipt}</arg>
<arg>c:\\GitLocalRepo\\RootRobocorp\\course-level-two-certification\\build-a-robot-level-two${/}output${/}receipts${/}${order_number}.pdf</arg>
<doc>Generate a PDF file from HTML content.</doc>
<msg timestamp="20210927 10:22:52.354" level="INFO">Writing output to file C:\GitLocalRepo\RootRobocorp\course-level-two-certification\build-a-robot-level-two\output\receipts\20.pdf</msg>
<status status="PASS" starttime="20210927 10:22:52.353" endtime="20210927 10:22:52.358"/>
</kw>
<msg timestamp="20210927 10:22:52.359" level="INFO">${pdf} = c:\GitLocalRepo\RootRobocorp\course-level-two-certification\build-a-robot-level-two\output\receipts\20.pdf</msg>
<status status="PASS" starttime="20210927 10:22:52.322" endtime="20210927 10:22:52.359"/>
</kw>
<kw name="Embed the robot screenshot to the receipt PDF file">
<arg>${row}[Order number]</arg>
<arg>${pdf}</arg>
<arg>${screenshot}</arg>
<kw name="Create List" library="BuiltIn">
<var>${files}</var>
<arg>${order_pdf}</arg>
<arg>${order_screenshot}:align=center</arg>
<doc>Returns a list containing given items.</doc>
<msg timestamp="20210927 10:22:52.361" level="INFO">${files} = ['c:\\GitLocalRepo\\RootRobocorp\\course-level-two-certification\\build-a-robot-level-two\\output\\receipts\\20.pdf', 'c:\\GitLocalRepo\\RootRobocorp\\course-level-two-certification\\build-a-robot-lev...</msg>
<status status="PASS" starttime="20210927 10:22:52.360" endtime="20210927 10:22:52.361"/>
</kw>
<kw name="Add Files To Pdf" library="RPA.PDF">
<arg>${files}</arg>
<arg>c:\\GitLocalRepo\\RootRobocorp\\course-level-two-certification\\build-a-robot-level-two${/}output${/}receipts${/}order_a-${order_number}.pdf</arg>
<doc>Add images and/or pdfs to new PDF document</doc>
<msg timestamp="20210927 10:22:52.368" level="INFO">File c:\GitLocalRepo\RootRobocorp\course-level-two-certification\build-a-robot-level-two\output\receipts\20.pdf type: None</msg>
<msg timestamp="20210927 10:22:52.374" level="INFO">File c:\GitLocalRepo\RootRobocorp\course-level-two-certification\build-a-robot-level-two\output\receipts\20.png type: png</msg>
<msg timestamp="20210927 10:22:52.374" level="INFO">Image parameters: {'align': 'center'}</msg>
<status status="PASS" starttime="20210927 10:22:52.361" endtime="20210927 10:22:52.402"/>
</kw>
<kw name="Log" library="BuiltIn">
<arg>${files}</arg>
<doc>Logs the given message with the given level.</doc>
<msg timestamp="20210927 10:22:52.403" level="INFO">['c:\\GitLocalRepo\\RootRobocorp\\course-level-two-certification\\build-a-robot-level-two\\output\\receipts\\20.pdf', 'c:\\GitLocalRepo\\RootRobocorp\\course-level-two-certification\\build-a-robot-level-two\\output\\receipts\\20.png:align=center']</msg>
<status status="PASS" starttime="20210927 10:22:52.403" endtime="20210927 10:22:52.404"/>
</kw>
<kw name="Add Watermark Image To Pdf" library="RPA.PDF">
<arg>source_path=${order_pdf}</arg>
<arg>image_path=${order_screenshot}</arg>
<arg>output_path=c:\\GitLocalRepo\\RootRobocorp\\course-level-two-certification\\build-a-robot-level-two${/}output${/}receipts${/}order_w-${order_number}.pdf</arg>
<doc>Add image to PDF which can be new or existing PDF.</doc>
<status status="PASS" starttime="20210927 10:22:52.404" endtime="20210927 10:22:52.443"/>
</kw>
<kw name="Close Pdf" library="RPA.PDF">
<arg>${order_pdf}</arg>
<doc>Close PDF file descriptor for certain file.</doc>
<msg timestamp="20210927 10:22:52.444" level="INFO">Closing PDF document: c:\GitLocalRepo\RootRobocorp\course-level-two-certification\build-a-robot-level-two\output\receipts\20.pdf</msg>
<status status="PASS" starttime="20210927 10:22:52.443" endtime="20210927 10:22:52.444"/>
</kw>
<kw name="Remove File" library="RPA.FileSystem">
<arg>${order_pdf}</arg>
<doc>Removes the given file.</doc>
<status status="PASS" starttime="20210927 10:22:52.444" endtime="20210927 10:22:52.445"/>
</kw>
<kw name="Remove File" library="RPA.FileSystem">
<arg>${order_screenshot}</arg>
<doc>Removes the given file.</doc>
<status status="PASS" starttime="20210927 10:22:52.446" endtime="20210927 10:22:52.446"/>
</kw>
<status status="PASS" starttime="20210927 10:22:52.359" endtime="20210927 10:22:52.447"/>
</kw>
<kw name="Go to order another robot">
<kw name="Wait Until Keyword Succeeds" library="BuiltIn">
<arg>${GLOBAL_RETRY_AMOUNT}</arg>
<arg>${GLOBAL_RETRY_INTERVAL}</arg>
<arg>Wait Until Page Contains Element</arg>
<arg>id:order-another</arg>
<doc>Runs the specified keyword and retries if it fails.</doc>
<kw name="Wait Until Page Contains Element" library="RPA.Browser.Selenium">
<arg>id:order-another</arg>
<doc>Waits until the element ``locator`` appears on the current page.</doc>
<status status="PASS" starttime="20210927 10:22:52.448" endtime="20210927 10:22:52.454"/>
</kw>
<status status="PASS" starttime="20210927 10:22:52.447" endtime="20210927 10:22:52.455"/>
</kw>
<kw name="Click Button" library="RPA.Browser.Selenium">
<arg>id:order-another</arg>
<doc>Clicks the button identified by ``locator``.</doc>
<msg timestamp="20210927 10:22:52.455" level="INFO">Clicking button 'id:order-another'.</msg>
<status status="PASS" starttime="20210927 10:22:52.455" endtime="20210927 10:22:52.616"/>
</kw>
<status status="PASS" starttime="20210927 10:22:52.447" endtime="20210927 10:22:52.617"/>
</kw>
<status status="PASS" starttime="20210927 10:22:51.611" endtime="20210927 10:22:52.617"/>
</iter>
<status status="PASS" starttime="20210927 10:22:29.480" endtime="20210927 10:22:52.617"/>
</for>
<kw name="Create a ZIP file of the receipts">
<kw name="Archive Folder With Zip" library="RPA.Archive">
<arg>c:\\GitLocalRepo\\RootRobocorp\\course-level-two-certification\\build-a-robot-level-two${/}output${/}receipts${/}</arg>
<arg>c:\\GitLocalRepo\\RootRobocorp\\course-level-two-certification\\build-a-robot-level-two${/}output${/}receipts.zip</arg>
<doc>Create a zip archive of a folder</doc>
<status status="PASS" starttime="20210927 10:22:52.619" endtime="20210927 10:22:52.877"/>
</kw>
<status status="PASS" starttime="20210927 10:22:52.618" endtime="20210927 10:22:52.877"/>
</kw>
<status status="PASS" starttime="20210927 10:22:20.273" endtime="20210927 10:22:52.877"/>
</test>
<doc>Orders robots from RobotSpareBin Industries Inc.
Saves the order HTML receipt as a PDF file.
Saves the screenshot of the ordered robot.
Embeds the screenshot of the robot to the PDF receipt.
Creates ZIP archive of the receipts and the images.</doc>
<status status="PASS" starttime="20210927 10:22:18.954" endtime="20210927 10:22:52.878"/>
</suite>
<statistics>
<total>
<stat pass="1" fail="0" skip="0">All Tasks</stat>
</total>
<tag>
</tag>
<suite>
<stat pass="1" fail="0" skip="0" id="s1" name="Tasks">Tasks</stat>
</suite>
</statistics>
<errors>
</errors>
</robot>
