<?xml version="1.0" encoding="UTF-8"?>
<robot generator="Robot 4.1.1 (Python 3.7.5 on win32)" generated="20210923 20:31:39.983" rpa="true" schemaversion="2">
<suite id="s1" name="Tasks" source="c:\GitLocalRepo\RootRobocorp\course-level-two-certification\build-a-robot-level-two\tasks.robot">
<test id="s1-t1" name="Order robots from RobotSpareBin Industries Inc">
<kw name="Collect orders file from user">
<var>${orders_fileupload}</var>
<kw name="Add heading" library="RPA.Dialogs">
<arg>Upload Orders File</arg>
<doc>Add a centered heading text element</doc>
<status status="PASS" starttime="20210923 20:31:41.425" endtime="20210923 20:31:41.425"/>
</kw>
<kw name="Add file input" library="RPA.Dialogs">
<arg>label=Upload the file with orders data</arg>
<arg>name=fileupload</arg>
<arg>destination=c:\\GitLocalRepo\\RootRobocorp\\course-level-two-certification\\build-a-robot-level-two${/}input</arg>
<tag>input</tag>
<doc>Add a file input element</doc>
<status status="PASS" starttime="20210923 20:31:41.425" endtime="20210923 20:31:41.426"/>
</kw>
<kw name="Run dialog" library="RPA.Dialogs">
<var>${response}</var>
<tag>dialog</tag>
<doc>Create a dialog from all the defined elements and block
until the user has handled it.</doc>
<msg timestamp="20210923 20:31:41.426" level="INFO">Protecting keyword: RPA.Dialogs.Run dialog</msg>
<msg timestamp="20210923 20:31:55.290" level="INFO">Log level changed from NONE to INFO.</msg>
<status status="PASS" starttime="20210923 20:31:41.426" endtime="20210923 20:31:55.290"/>
</kw>
<msg timestamp="20210923 20:31:55.291" level="INFO">${orders_fileupload} = c:\GitLocalRepo\RootRobocorp\course-level-two-certification\build-a-robot-level-two\input\orders.csv</msg>
<status status="PASS" starttime="20210923 20:31:41.424" endtime="20210923 20:31:55.292"/>
</kw>
<kw name="Log" library="BuiltIn">
<arg>${orders_fileupload}</arg>
<doc>Logs the given message with the given level.</doc>
<msg timestamp="20210923 20:31:55.293" level="INFO">c:\GitLocalRepo\RootRobocorp\course-level-two-certification\build-a-robot-level-two\input\orders.csv</msg>
<status status="PASS" starttime="20210923 20:31:55.292" endtime="20210923 20:31:55.293"/>
</kw>
<kw name="Open the robot order website">
<kw name="Get Secret" library="RPA.Robocorp.Vault">
<var>${robots_order_site}</var>
<arg>website</arg>
<doc>Read a secret from the configured source, e.g. Robocorp Vault,
and return it as a ``Secret`` object.</doc>
<msg timestamp="20210923 20:31:55.294" level="INFO">Protecting keyword: RPA.Robocorp.Vault.Get Secret</msg>
<msg timestamp="20210923 20:31:55.295" level="INFO">Log level changed from NONE to INFO.</msg>
<status status="PASS" starttime="20210923 20:31:55.294" endtime="20210923 20:31:55.295"/>
</kw>
<kw name="Open Available Browser" library="RPA.Browser.Selenium">
<arg>${robots_order_site}[url]</arg>
<doc>Attempts to open a browser on the user's device from a set of
supported browsers. Automatically downloads a corresponding webdriver
if none is already installed.</doc>
<msg timestamp="20210923 20:31:55.296" level="INFO">Creating an instance of the Chrome WebDriver.</msg>
<msg timestamp="20210923 20:31:55.313" level="INFO">Created download root directory: C:\Users\JuanPabloMartinezOnt\AppData\Local\robocorp\webdrivers</msg>
<msg timestamp="20210923 20:31:55.313" level="INFO">Created symlink directory: C:\Users\JuanPabloMartinezOnt\AppData\Local\robocorp\webdrivers</msg>
<msg timestamp="20210923 20:31:55.314" level="INFO">Creating an instance of the Chrome WebDriver.</msg>
<msg timestamp="20210923 20:31:56.538" level="INFO">Created Chrome browser with arguments: --disable-dev-shm-usage --disable-web-security --allow-running-insecure-content --no-sandbox</msg>
<msg timestamp="20210923 20:31:56.538" level="INFO" html="true">&lt;p&gt;Attempted combinations:&lt;/p&gt;&lt;div class="doc"&gt;&lt;table&gt;&lt;tr&gt;&lt;th&gt;Browser&lt;/th&gt;&lt;th&gt;Download&lt;/th&gt;&lt;th&gt;Error&lt;/th&gt;&lt;/tr&gt;&lt;tr&gt;&lt;td&gt;Chrome&lt;/td&gt;&lt;td&gt;False&lt;/td&gt;&lt;td&gt;Message: 'chromedriver' executable needs to be in PATH. Please see https://sites.google.com/a/chromium.org/chromedriver/home
&lt;/td&gt;&lt;/tr&gt;&lt;tr&gt;&lt;td&gt;Chrome&lt;/td&gt;&lt;td&gt;True&lt;/td&gt;&lt;td&gt;&lt;/td&gt;&lt;/tr&gt;&lt;/table&gt;&lt;/div&gt;</msg>
<msg timestamp="20210923 20:31:56.539" level="INFO">Opening url 'https://robotsparebinindustries.com/#/robot-order'</msg>
<status status="PASS" starttime="20210923 20:31:55.296" endtime="20210923 20:31:59.262"/>
</kw>
<status status="PASS" starttime="20210923 20:31:55.293" endtime="20210923 20:31:59.263"/>
</kw>
<kw name="Get orders data">
<var>${orders}</var>
<arg>${orders_fileupload}</arg>
<kw name="Read table from CSV" library="RPA.Tables">
<var>${data}</var>
<arg>${datafile}</arg>
<doc>Read a CSV file as a table.</doc>
<msg timestamp="20210923 20:31:59.275" level="INFO">${data} = Table(columns=['Order number', 'Head', 'Body', 'Legs', 'Address'], rows=20)</msg>
<status status="PASS" starttime="20210923 20:31:59.264" endtime="20210923 20:31:59.275"/>
</kw>
<kw name="Log" library="BuiltIn">
<arg>Found columns: ${data.columns}</arg>
<doc>Logs the given message with the given level.</doc>
<msg timestamp="20210923 20:31:59.276" level="INFO">Found columns: ['Order number', 'Head', 'Body', 'Legs', 'Address']</msg>
<status status="PASS" starttime="20210923 20:31:59.275" endtime="20210923 20:31:59.276"/>
</kw>
<msg timestamp="20210923 20:31:59.276" level="INFO">${orders} = Table(columns=['Order number', 'Head', 'Body', 'Legs', 'Address'], rows=20)</msg>
<status status="PASS" starttime="20210923 20:31:59.263" endtime="20210923 20:31:59.276"/>
</kw>
<for flavor="IN">
<var>${row}</var>
<value>@{orders}</value>
<iter>
<var name="${row}">{'Order number': '1', 'Head': '1', 'Body': '2', 'Legs': '3', 'Address': 'Address 123'}</var>
<kw name="Close the annoying modal">
<kw name="Set Variable" library="BuiltIn">
<var>${button_danger}</var>
<arg>xpath://button[@class="btn btn-danger"]</arg>
<doc>Returns the given values which can then be assigned to a variables.</doc>
<msg timestamp="20210923 20:31:59.279" level="INFO">${button_danger} = xpath://button[@class="btn btn-danger"]</msg>
<status status="PASS" starttime="20210923 20:31:59.278" endtime="20210923 20:31:59.279"/>
</kw>
<kw name="Wait Until Keyword Succeeds" library="BuiltIn">
<arg>${GLOBAL_RETRY_AMOUNT}</arg>
<arg>${GLOBAL_RETRY_INTERVAL}</arg>
<arg>Wait Until Page Contains Element</arg>
<arg>${button_danger}</arg>
<doc>Runs the specified keyword and retries if it fails.</doc>
<kw name="Wait Until Page Contains Element" library="RPA.Browser.Selenium">
<arg>${button_danger}</arg>
<doc>Waits until the element ``locator`` appears on the current page.</doc>
<status status="PASS" starttime="20210923 20:31:59.280" endtime="20210923 20:31:59.299"/>
</kw>
<status status="PASS" starttime="20210923 20:31:59.279" endtime="20210923 20:31:59.299"/>
</kw>
<kw name="Click Button" library="RPA.Browser.Selenium">
<arg>${button_danger}</arg>
<doc>Clicks the button identified by ``locator``.</doc>
<msg timestamp="20210923 20:31:59.300" level="INFO">Clicking button 'xpath://button[@class="btn btn-danger"]'.</msg>
<status status="PASS" starttime="20210923 20:31:59.300" endtime="20210923 20:31:59.425"/>
</kw>
<status status="PASS" starttime="20210923 20:31:59.278" endtime="20210923 20:31:59.426"/>
</kw>
<kw name="Fill the form">
<arg>${row}</arg>
<kw name="Wait Until Keyword Succeeds" library="BuiltIn">
<arg>${GLOBAL_RETRY_AMOUNT}</arg>
<arg>${GLOBAL_RETRY_INTERVAL}</arg>
<arg>Wait Until Page Contains Element</arg>
<arg>id:address</arg>
<doc>Runs the specified keyword and retries if it fails.</doc>
<kw name="Wait Until Page Contains Element" library="RPA.Browser.Selenium">
<arg>id:address</arg>
<doc>Waits until the element ``locator`` appears on the current page.</doc>
<status status="PASS" starttime="20210923 20:31:59.429" endtime="20210923 20:31:59.455"/>
</kw>
<status status="PASS" starttime="20210923 20:31:59.428" endtime="20210923 20:31:59.455"/>
</kw>
<kw name="Select From List By Value" library="RPA.Browser.Selenium">
<arg>id:head</arg>
<arg>${row}[Head]</arg>
<doc>Selects options from selection list ``locator`` by ``values``.</doc>
<msg timestamp="20210923 20:31:59.457" level="INFO">Selecting options from selection list 'id:head' by value 1.</msg>
<status status="PASS" starttime="20210923 20:31:59.456" endtime="20210923 20:31:59.615"/>
</kw>
<kw name="Click Element" library="RPA.Browser.Selenium">
<arg>id:id-body-${row}[Body]</arg>
<doc>Click the element identified by ``locator``.</doc>
<msg timestamp="20210923 20:31:59.617" level="INFO">Clicking element 'id:id-body-2'.</msg>
<status status="PASS" starttime="20210923 20:31:59.616" endtime="20210923 20:31:59.773"/>
</kw>
<kw name="Set Variable" library="BuiltIn">
<var>${select_legs}</var>
<arg>xpath://input[contains(@id,'16')]</arg>
<doc>Returns the given values which can then be assigned to a variables.</doc>
<msg timestamp="20210923 20:31:59.774" level="INFO">${select_legs} = xpath://input[contains(@id,'16')]</msg>
<status status="PASS" starttime="20210923 20:31:59.774" endtime="20210923 20:31:59.774"/>
</kw>
<kw name="Input Text" library="RPA.Browser.Selenium">
<arg>${select_legs}</arg>
<arg>${row}[Legs]</arg>
<doc>Types the given ``text`` into the text field identified by ``locator``.</doc>
<msg timestamp="20210923 20:31:59.776" level="INFO">Typing text '3' into text field 'xpath://input[contains(@id,'16')]'.</msg>
<status status="PASS" starttime="20210923 20:31:59.775" endtime="20210923 20:31:59.883"/>
</kw>
<kw name="Input Text" library="RPA.Browser.Selenium">
<arg>id:address</arg>
<arg>${row}[Address]</arg>
<doc>Types the given ``text`` into the text field identified by ``locator``.</doc>
<msg timestamp="20210923 20:31:59.883" level="INFO">Typing text 'Address 123' into text field 'id:address'.</msg>
<status status="PASS" starttime="20210923 20:31:59.883" endtime="20210923 20:31:59.983"/>
</kw>
<status status="PASS" starttime="20210923 20:31:59.427" endtime="20210923 20:31:59.984"/>
</kw>
<kw name="Preview the robot">
<kw name="Wait Until Keyword Succeeds" library="BuiltIn">
<arg>${GLOBAL_RETRY_AMOUNT}</arg>
<arg>${GLOBAL_RETRY_INTERVAL}</arg>
<arg>Wait Until Page Contains Element</arg>
<arg>id:preview</arg>
<doc>Runs the specified keyword and retries if it fails.</doc>
<kw name="Wait Until Page Contains Element" library="RPA.Browser.Selenium">
<arg>id:preview</arg>
<doc>Waits until the element ``locator`` appears on the current page.</doc>
<status status="PASS" starttime="20210923 20:31:59.985" endtime="20210923 20:32:00.001"/>
</kw>
<status status="PASS" starttime="20210923 20:31:59.985" endtime="20210923 20:32:00.002"/>
</kw>
<kw name="Click Button" library="RPA.Browser.Selenium">
<arg>id:preview</arg>
<doc>Clicks the button identified by ``locator``.</doc>
<msg timestamp="20210923 20:32:00.003" level="INFO">Clicking button 'id:preview'.</msg>
<status status="PASS" starttime="20210923 20:32:00.002" endtime="20210923 20:32:00.100"/>
</kw>
<status status="PASS" starttime="20210923 20:31:59.984" endtime="20210923 20:32:00.100"/>
</kw>
<kw name="Submit the order">
<kw name="Wait Until Keyword Succeeds" library="BuiltIn">
<arg>${GLOBAL_RETRY_AMOUNT}</arg>
<arg>${GLOBAL_RETRY_INTERVAL}</arg>
<arg>Wait Until Page Contains Element</arg>
<arg>id:order</arg>
<doc>Runs the specified keyword and retries if it fails.</doc>
<kw name="Wait Until Page Contains Element" library="RPA.Browser.Selenium">
<arg>id:order</arg>
<doc>Waits until the element ``locator`` appears on the current page.</doc>
<status status="PASS" starttime="20210923 20:32:00.102" endtime="20210923 20:32:00.119"/>
</kw>
<status status="PASS" starttime="20210923 20:32:00.102" endtime="20210923 20:32:00.119"/>
</kw>
<for flavor="IN RANGE">
<var>${i}</var>
<value>5</value>
<iter>
<var name="${i}">0</var>
<kw name="Click Button" library="RPA.Browser.Selenium">
<arg>id:order</arg>
<doc>Clicks the button identified by ``locator``.</doc>
<msg timestamp="20210923 20:32:00.121" level="INFO">Clicking button 'id:order'.</msg>
<status status="PASS" starttime="20210923 20:32:00.120" endtime="20210923 20:32:00.213"/>
</kw>
<kw name="Does Page Contain" library="RPA.Browser.Selenium">
<var>${submit_failed}</var>
<arg>Receipt</arg>
<doc>Does page contain expected text</doc>
<msg timestamp="20210923 20:32:00.265" level="INFO" html="true">Ran with keyword &lt;b&gt;Page Should Contain&lt;/b&gt; which returned error: &lt;i&gt;Page should have contained text 'Receipt' but did not.&lt;/i&gt;</msg>
<msg timestamp="20210923 20:32:00.265" level="INFO">${submit_failed} = False</msg>
<status status="PASS" starttime="20210923 20:32:00.214" endtime="20210923 20:32:00.265"/>
</kw>
<kw name="Log" library="BuiltIn">
<arg>${submit_failed}</arg>
<doc>Logs the given message with the given level.</doc>
<msg timestamp="20210923 20:32:00.267" level="INFO">False</msg>
<status status="PASS" starttime="20210923 20:32:00.266" endtime="20210923 20:32:00.267"/>
</kw>
<kw name="Exit For Loop If" library="BuiltIn">
<arg>${submit_failed}</arg>
<doc>Stops executing the enclosing for loop if the ``condition`` is true.</doc>
<status status="PASS" starttime="20210923 20:32:00.268" endtime="20210923 20:32:00.269"/>
</kw>
<status status="PASS" starttime="20210923 20:32:00.120" endtime="20210923 20:32:00.269"/>
</iter>
<iter>
<var name="${i}">1</var>
<kw name="Click Button" library="RPA.Browser.Selenium">
<arg>id:order</arg>
<doc>Clicks the button identified by ``locator``.</doc>
<msg timestamp="20210923 20:32:00.270" level="INFO">Clicking button 'id:order'.</msg>
<status status="PASS" starttime="20210923 20:32:00.270" endtime="20210923 20:32:00.332"/>
</kw>
<kw name="Does Page Contain" library="RPA.Browser.Selenium">
<var>${submit_failed}</var>
<arg>Receipt</arg>
<doc>Does page contain expected text</doc>
<msg timestamp="20210923 20:32:00.360" level="INFO" html="true">Ran with keyword &lt;b&gt;Page Should Contain&lt;/b&gt; which returned error: &lt;i&gt;Page should have contained text 'Receipt' but did not.&lt;/i&gt;</msg>
<msg timestamp="20210923 20:32:00.361" level="INFO">${submit_failed} = False</msg>
<status status="PASS" starttime="20210923 20:32:00.333" endtime="20210923 20:32:00.361"/>
</kw>
<kw name="Log" library="BuiltIn">
<arg>${submit_failed}</arg>
<doc>Logs the given message with the given level.</doc>
<msg timestamp="20210923 20:32:00.362" level="INFO">False</msg>
<status status="PASS" starttime="20210923 20:32:00.361" endtime="20210923 20:32:00.362"/>
</kw>
<kw name="Exit For Loop If" library="BuiltIn">
<arg>${submit_failed}</arg>
<doc>Stops executing the enclosing for loop if the ``condition`` is true.</doc>
<status status="PASS" starttime="20210923 20:32:00.363" endtime="20210923 20:32:00.363"/>
</kw>
<status status="PASS" starttime="20210923 20:32:00.269" endtime="20210923 20:32:00.363"/>
</iter>
<iter>
<var name="${i}">2</var>
<kw name="Click Button" library="RPA.Browser.Selenium">
<arg>id:order</arg>
<doc>Clicks the button identified by ``locator``.</doc>
<msg timestamp="20210923 20:32:00.365" level="INFO">Clicking button 'id:order'.</msg>
<status status="PASS" starttime="20210923 20:32:00.364" endtime="20210923 20:32:00.440"/>
</kw>
<kw name="Does Page Contain" library="RPA.Browser.Selenium">
<var>${submit_failed}</var>
<arg>Receipt</arg>
<doc>Does page contain expected text</doc>
<msg timestamp="20210923 20:32:00.457" level="INFO">Current page contains text 'Receipt'.</msg>
<msg timestamp="20210923 20:32:00.457" level="INFO">${submit_failed} = True</msg>
<status status="PASS" starttime="20210923 20:32:00.441" endtime="20210923 20:32:00.457"/>
</kw>
<kw name="Log" library="BuiltIn">
<arg>${submit_failed}</arg>
<doc>Logs the given message with the given level.</doc>
<msg timestamp="20210923 20:32:00.459" level="INFO">True</msg>
<status status="PASS" starttime="20210923 20:32:00.458" endtime="20210923 20:32:00.459"/>
</kw>
<kw name="Exit For Loop If" library="BuiltIn">
<arg>${submit_failed}</arg>
<doc>Stops executing the enclosing for loop if the ``condition`` is true.</doc>
<msg timestamp="20210923 20:32:00.460" level="INFO">Exiting for loop altogether.</msg>
<status status="PASS" starttime="20210923 20:32:00.459" endtime="20210923 20:32:00.461"/>
</kw>
<status status="PASS" starttime="20210923 20:32:00.364" endtime="20210923 20:32:00.462"/>
</iter>
<status status="PASS" starttime="20210923 20:32:00.119" endtime="20210923 20:32:00.462"/>
</for>
<status status="PASS" starttime="20210923 20:32:00.101" endtime="20210923 20:32:00.463"/>
</kw>
<kw name="Store the receipt as a PDF file">
<var>${pdf}</var>
<arg>${row}[Order number]</arg>
<kw name="Wait Until Element Is Visible" library="RPA.Browser.Selenium">
<arg>id:order-completion</arg>
<doc>Waits until the element ``locator`` is visible.</doc>
<status status="PASS" starttime="20210923 20:32:00.464" endtime="20210923 20:32:00.506"/>
</kw>
<kw name="Get Element Attribute" library="RPA.Browser.Selenium">
<var>${receipt}</var>
<arg>id:order-completion</arg>
<arg>outerHTML</arg>
<doc>Returns the value of ``attribute`` from the element ``locator``.</doc>
<msg timestamp="20210923 20:32:00.536" level="INFO">${receipt} = &lt;div id="order-completion"&gt;&lt;div id="receipt" class="alert alert-success" role="alert"&gt;&lt;h3&gt;Receipt&lt;/h3&gt;&lt;div&gt;2021-09-23T23:32:00.427Z&lt;/div&gt;&lt;p class="badge badge-success"&gt;RSB-ROBO-ORDER-Q87YLEYAQ&lt;/p&gt;&lt;p&gt;A...</msg>
<status status="PASS" starttime="20210923 20:32:00.506" endtime="20210923 20:32:00.536"/>
</kw>
<kw name="Html To Pdf" library="RPA.PDF">
<arg>${receipt}</arg>
<arg>c:\\GitLocalRepo\\RootRobocorp\\course-level-two-certification\\build-a-robot-level-two${/}output${/}receipts${/}${order_number}.pdf</arg>
<doc>Generate a PDF file from HTML content.</doc>
<msg timestamp="20210923 20:32:00.539" level="INFO">Writing output to file C:\GitLocalRepo\RootRobocorp\course-level-two-certification\build-a-robot-level-two\output\receipts\1.pdf</msg>
<status status="PASS" starttime="20210923 20:32:00.536" endtime="20210923 20:32:00.547"/>
</kw>
<msg timestamp="20210923 20:32:00.548" level="INFO">${pdf} = c:\GitLocalRepo\RootRobocorp\course-level-two-certification\build-a-robot-level-two\output\receipts\1.pdf</msg>
<status status="PASS" starttime="20210923 20:32:00.463" endtime="20210923 20:32:00.549"/>
</kw>
<kw name="Take a screenshot of the robot">
<var>${screenshot}</var>
<arg>${row}[Order number]</arg>
<kw name="Capture Element Screenshot" library="RPA.Browser.Selenium">
<arg>id:robot-preview-image</arg>
<arg>c:\\GitLocalRepo\\RootRobocorp\\course-level-two-certification\\build-a-robot-level-two${/}output${/}receipts${/}${order_number}.png</arg>
<doc>Captures a screenshot from the element identified by ``locator`` and embeds it into log file.</doc>
<msg timestamp="20210923 20:32:00.828" level="INFO" html="true">&lt;/td&gt;&lt;/tr&gt;&lt;tr&gt;&lt;td colspan="3"&gt;&lt;a href="output/receipts/1.png"&gt;&lt;img src="output/receipts/1.png" width="400px"&gt;&lt;/a&gt;</msg>
<status status="PASS" starttime="20210923 20:32:00.551" endtime="20210923 20:32:00.828"/>
</kw>
<msg timestamp="20210923 20:32:00.829" level="INFO">${screenshot} = c:\GitLocalRepo\RootRobocorp\course-level-two-certification\build-a-robot-level-two\output\receipts\1.png</msg>
<status status="PASS" starttime="20210923 20:32:00.549" endtime="20210923 20:32:00.829"/>
</kw>
<kw name="Embed the robot screenshot to the receipt PDF file">
<arg>${row}[Order number]</arg>
<arg>${pdf}</arg>
<arg>${screenshot}</arg>
<kw name="Add Watermark Image To Pdf" library="RPA.PDF">
<arg>source_path=${order_pdf}</arg>
<arg>image_path=${order_screenshot}</arg>
<arg>output_path=c:\\GitLocalRepo\\RootRobocorp\\course-level-two-certification\\build-a-robot-level-two${/}output${/}receipts${/}order-${order_number}.pdf</arg>
<doc>Add image to PDF which can be new or existing PDF.</doc>
<status status="PASS" starttime="20210923 20:32:00.831" endtime="20210923 20:32:01.190"/>
</kw>
<kw name="Close Pdf" library="RPA.PDF">
<arg>${order_pdf}</arg>
<doc>Close PDF file descriptor for certain file.</doc>
<msg timestamp="20210923 20:32:01.192" level="INFO">Closing PDF document: c:\GitLocalRepo\RootRobocorp\course-level-two-certification\build-a-robot-level-two\output\receipts\1.pdf</msg>
<status status="PASS" starttime="20210923 20:32:01.191" endtime="20210923 20:32:01.192"/>
</kw>
<kw name="Remove File" library="RPA.FileSystem">
<arg>${order_pdf}</arg>
<doc>Removes the given file.</doc>
<status status="PASS" starttime="20210923 20:32:01.193" endtime="20210923 20:32:01.195"/>
</kw>
<kw name="Remove File" library="RPA.FileSystem">
<arg>${order_screenshot}</arg>
<doc>Removes the given file.</doc>
<status status="PASS" starttime="20210923 20:32:01.197" endtime="20210923 20:32:01.199"/>
</kw>
<status status="PASS" starttime="20210923 20:32:00.829" endtime="20210923 20:32:01.200"/>
</kw>
<kw name="Go to order another robot">
<kw name="Wait Until Keyword Succeeds" library="BuiltIn">
<arg>5x</arg>
<arg>1s</arg>
<arg>Wait Until Page Contains Element</arg>
<arg>id:order-another</arg>
<doc>Runs the specified keyword and retries if it fails.</doc>
<kw name="Wait Until Page Contains Element" library="RPA.Browser.Selenium">
<arg>id:order-another</arg>
<doc>Waits until the element ``locator`` appears on the current page.</doc>
<status status="PASS" starttime="20210923 20:32:01.204" endtime="20210923 20:32:01.222"/>
</kw>
<status status="PASS" starttime="20210923 20:32:01.202" endtime="20210923 20:32:01.222"/>
</kw>
<kw name="Click Button" library="RPA.Browser.Selenium">
<arg>id:order-another</arg>
<doc>Clicks the button identified by ``locator``.</doc>
<msg timestamp="20210923 20:32:01.224" level="INFO">Clicking button 'id:order-another'.</msg>
<status status="PASS" starttime="20210923 20:32:01.223" endtime="20210923 20:32:01.491"/>
</kw>
<status status="PASS" starttime="20210923 20:32:01.201" endtime="20210923 20:32:01.491"/>
</kw>
<status status="PASS" starttime="20210923 20:31:59.277" endtime="20210923 20:32:01.491"/>
</iter>
<iter>
<var name="${row}">{'Order number': '2', 'Head': '4', 'Body': '1', 'Legs': '5', 'Address': 'Address 456'}</var>
<kw name="Close the annoying modal">
<kw name="Set Variable" library="BuiltIn">
<var>${button_danger}</var>
<arg>xpath://button[@class="btn btn-danger"]</arg>
<doc>Returns the given values which can then be assigned to a variables.</doc>
<msg timestamp="20210923 20:32:01.493" level="INFO">${button_danger} = xpath://button[@class="btn btn-danger"]</msg>
<status status="PASS" starttime="20210923 20:32:01.493" endtime="20210923 20:32:01.493"/>
</kw>
<kw name="Wait Until Keyword Succeeds" library="BuiltIn">
<arg>${GLOBAL_RETRY_AMOUNT}</arg>
<arg>${GLOBAL_RETRY_INTERVAL}</arg>
<arg>Wait Until Page Contains Element</arg>
<arg>${button_danger}</arg>
<doc>Runs the specified keyword and retries if it fails.</doc>
<kw name="Wait Until Page Contains Element" library="RPA.Browser.Selenium">
<arg>${button_danger}</arg>
<doc>Waits until the element ``locator`` appears on the current page.</doc>
<status status="PASS" starttime="20210923 20:32:01.495" endtime="20210923 20:32:01.504"/>
</kw>
<status status="PASS" starttime="20210923 20:32:01.494" endtime="20210923 20:32:01.505"/>
</kw>
<kw name="Click Button" library="RPA.Browser.Selenium">
<arg>${button_danger}</arg>
<doc>Clicks the button identified by ``locator``.</doc>
<msg timestamp="20210923 20:32:01.506" level="INFO">Clicking button 'xpath://button[@class="btn btn-danger"]'.</msg>
<status status="PASS" starttime="20210923 20:32:01.505" endtime="20210923 20:32:01.570"/>
</kw>
<status status="PASS" starttime="20210923 20:32:01.492" endtime="20210923 20:32:01.571"/>
</kw>
<kw name="Fill the form">
<arg>${row}</arg>
<kw name="Wait Until Keyword Succeeds" library="BuiltIn">
<arg>${GLOBAL_RETRY_AMOUNT}</arg>
<arg>${GLOBAL_RETRY_INTERVAL}</arg>
<arg>Wait Until Page Contains Element</arg>
<arg>id:address</arg>
<doc>Runs the specified keyword and retries if it fails.</doc>
<kw name="Wait Until Page Contains Element" library="RPA.Browser.Selenium">
<arg>id:address</arg>
<doc>Waits until the element ``locator`` appears on the current page.</doc>
<status status="PASS" starttime="20210923 20:32:01.573" endtime="20210923 20:32:01.583"/>
</kw>
<status status="PASS" starttime="20210923 20:32:01.572" endtime="20210923 20:32:01.583"/>
</kw>
<kw name="Select From List By Value" library="RPA.Browser.Selenium">
<arg>id:head</arg>
<arg>${row}[Head]</arg>
<doc>Selects options from selection list ``locator`` by ``values``.</doc>
<msg timestamp="20210923 20:32:01.585" level="INFO">Selecting options from selection list 'id:head' by value 4.</msg>
<status status="PASS" starttime="20210923 20:32:01.584" endtime="20210923 20:32:01.667"/>
</kw>
<kw name="Click Element" library="RPA.Browser.Selenium">
<arg>id:id-body-${row}[Body]</arg>
<doc>Click the element identified by ``locator``.</doc>
<msg timestamp="20210923 20:32:01.667" level="INFO">Clicking element 'id:id-body-1'.</msg>
<status status="PASS" starttime="20210923 20:32:01.667" endtime="20210923 20:32:01.729"/>
</kw>
<kw name="Set Variable" library="BuiltIn">
<var>${select_legs}</var>
<arg>xpath://input[contains(@id,'16')]</arg>
<doc>Returns the given values which can then be assigned to a variables.</doc>
<msg timestamp="20210923 20:32:01.730" level="INFO">${select_legs} = xpath://input[contains(@id,'16')]</msg>
<status status="PASS" starttime="20210923 20:32:01.730" endtime="20210923 20:32:01.730"/>
</kw>
<kw name="Input Text" library="RPA.Browser.Selenium">
<arg>${select_legs}</arg>
<arg>${row}[Legs]</arg>
<doc>Types the given ``text`` into the text field identified by ``locator``.</doc>
<msg timestamp="20210923 20:32:01.731" level="INFO">Typing text '5' into text field 'xpath://input[contains(@id,'16')]'.</msg>
<status status="PASS" starttime="20210923 20:32:01.730" endtime="20210923 20:32:01.823"/>
</kw>
<kw name="Input Text" library="RPA.Browser.Selenium">
<arg>id:address</arg>
<arg>${row}[Address]</arg>
<doc>Types the given ``text`` into the text field identified by ``locator``.</doc>
<msg timestamp="20210923 20:32:01.825" level="INFO">Typing text 'Address 456' into text field 'id:address'.</msg>
<status status="PASS" starttime="20210923 20:32:01.824" endtime="20210923 20:32:01.932"/>
</kw>
<status status="PASS" starttime="20210923 20:32:01.571" endtime="20210923 20:32:01.932"/>
</kw>
<kw name="Preview the robot">
<kw name="Wait Until Keyword Succeeds" library="BuiltIn">
<arg>${GLOBAL_RETRY_AMOUNT}</arg>
<arg>${GLOBAL_RETRY_INTERVAL}</arg>
<arg>Wait Until Page Contains Element</arg>
<arg>id:preview</arg>
<doc>Runs the specified keyword and retries if it fails.</doc>
<kw name="Wait Until Page Contains Element" library="RPA.Browser.Selenium">
<arg>id:preview</arg>
<doc>Waits until the element ``locator`` appears on the current page.</doc>
<status status="PASS" starttime="20210923 20:32:01.933" endtime="20210923 20:32:01.943"/>
</kw>
<status status="PASS" starttime="20210923 20:32:01.933" endtime="20210923 20:32:01.943"/>
</kw>
<kw name="Click Button" library="RPA.Browser.Selenium">
<arg>id:preview</arg>
<doc>Clicks the button identified by ``locator``.</doc>
<msg timestamp="20210923 20:32:01.945" level="INFO">Clicking button 'id:preview'.</msg>
<status status="PASS" starttime="20210923 20:32:01.944" endtime="20210923 20:32:02.020"/>
</kw>
<status status="PASS" starttime="20210923 20:32:01.932" endtime="20210923 20:32:02.021"/>
</kw>
<kw name="Submit the order">
<kw name="Wait Until Keyword Succeeds" library="BuiltIn">
<arg>${GLOBAL_RETRY_AMOUNT}</arg>
<arg>${GLOBAL_RETRY_INTERVAL}</arg>
<arg>Wait Until Page Contains Element</arg>
<arg>id:order</arg>
<doc>Runs the specified keyword and retries if it fails.</doc>
<kw name="Wait Until Page Contains Element" library="RPA.Browser.Selenium">
<arg>id:order</arg>
<doc>Waits until the element ``locator`` appears on the current page.</doc>
<status status="PASS" starttime="20210923 20:32:02.024" endtime="20210923 20:32:02.034"/>
</kw>
<status status="PASS" starttime="20210923 20:32:02.022" endtime="20210923 20:32:02.034"/>
</kw>
<for flavor="IN RANGE">
<var>${i}</var>
<value>5</value>
<iter>
<var name="${i}">0</var>
<kw name="Click Button" library="RPA.Browser.Selenium">
<arg>id:order</arg>
<doc>Clicks the button identified by ``locator``.</doc>
<msg timestamp="20210923 20:32:02.035" level="INFO">Clicking button 'id:order'.</msg>
<status status="PASS" starttime="20210923 20:32:02.035" endtime="20210923 20:32:02.121"/>
</kw>
<kw name="Does Page Contain" library="RPA.Browser.Selenium">
<var>${submit_failed}</var>
<arg>Receipt</arg>
<doc>Does page contain expected text</doc>
<msg timestamp="20210923 20:32:02.135" level="INFO">Current page contains text 'Receipt'.</msg>
<msg timestamp="20210923 20:32:02.135" level="INFO">${submit_failed} = True</msg>
<status status="PASS" starttime="20210923 20:32:02.121" endtime="20210923 20:32:02.135"/>
</kw>
<kw name="Log" library="BuiltIn">
<arg>${submit_failed}</arg>
<doc>Logs the given message with the given level.</doc>
<msg timestamp="20210923 20:32:02.136" level="INFO">True</msg>
<status status="PASS" starttime="20210923 20:32:02.136" endtime="20210923 20:32:02.136"/>
</kw>
<kw name="Exit For Loop If" library="BuiltIn">
<arg>${submit_failed}</arg>
<doc>Stops executing the enclosing for loop if the ``condition`` is true.</doc>
<msg timestamp="20210923 20:32:02.137" level="INFO">Exiting for loop altogether.</msg>
<status status="PASS" starttime="20210923 20:32:02.136" endtime="20210923 20:32:02.137"/>
</kw>
<status status="PASS" starttime="20210923 20:32:02.034" endtime="20210923 20:32:02.137"/>
</iter>
<status status="PASS" starttime="20210923 20:32:02.034" endtime="20210923 20:32:02.137"/>
</for>
<status status="PASS" starttime="20210923 20:32:02.021" endtime="20210923 20:32:02.137"/>
</kw>
<kw name="Store the receipt as a PDF file">
<var>${pdf}</var>
<arg>${row}[Order number]</arg>
<kw name="Wait Until Element Is Visible" library="RPA.Browser.Selenium">
<arg>id:order-completion</arg>
<doc>Waits until the element ``locator`` is visible.</doc>
<status status="PASS" starttime="20210923 20:32:02.138" endtime="20210923 20:32:02.164"/>
</kw>
<kw name="Get Element Attribute" library="RPA.Browser.Selenium">
<var>${receipt}</var>
<arg>id:order-completion</arg>
<arg>outerHTML</arg>
<doc>Returns the value of ``attribute`` from the element ``locator``.</doc>
<msg timestamp="20210923 20:32:02.180" level="INFO">${receipt} = &lt;div id="order-completion"&gt;&lt;div id="receipt" class="alert alert-success" role="alert"&gt;&lt;h3&gt;Receipt&lt;/h3&gt;&lt;div&gt;2021-09-23T23:32:02.114Z&lt;/div&gt;&lt;p class="badge badge-success"&gt;RSB-ROBO-ORDER-Y8UPS4IN2O&lt;/p&gt;&lt;p&gt;...</msg>
<status status="PASS" starttime="20210923 20:32:02.164" endtime="20210923 20:32:02.180"/>
</kw>
<kw name="Html To Pdf" library="RPA.PDF">
<arg>${receipt}</arg>
<arg>c:\\GitLocalRepo\\RootRobocorp\\course-level-two-certification\\build-a-robot-level-two${/}output${/}receipts${/}${order_number}.pdf</arg>
<doc>Generate a PDF file from HTML content.</doc>
<msg timestamp="20210923 20:32:02.182" level="INFO">Writing output to file C:\GitLocalRepo\RootRobocorp\course-level-two-certification\build-a-robot-level-two\output\receipts\2.pdf</msg>
<status status="PASS" starttime="20210923 20:32:02.181" endtime="20210923 20:32:02.184"/>
</kw>
<msg timestamp="20210923 20:32:02.185" level="INFO">${pdf} = c:\GitLocalRepo\RootRobocorp\course-level-two-certification\build-a-robot-level-two\output\receipts\2.pdf</msg>
<status status="PASS" starttime="20210923 20:32:02.138" endtime="20210923 20:32:02.185"/>
</kw>
<kw name="Take a screenshot of the robot">
<var>${screenshot}</var>
<arg>${row}[Order number]</arg>
<kw name="Capture Element Screenshot" library="RPA.Browser.Selenium">
<arg>id:robot-preview-image</arg>
<arg>c:\\GitLocalRepo\\RootRobocorp\\course-level-two-certification\\build-a-robot-level-two${/}output${/}receipts${/}${order_number}.png</arg>
<doc>Captures a screenshot from the element identified by ``locator`` and embeds it into log file.</doc>
<msg timestamp="20210923 20:32:02.327" level="INFO" html="true">&lt;/td&gt;&lt;/tr&gt;&lt;tr&gt;&lt;td colspan="3"&gt;&lt;a href="output/receipts/2.png"&gt;&lt;img src="output/receipts/2.png" width="400px"&gt;&lt;/a&gt;</msg>
<status status="PASS" starttime="20210923 20:32:02.186" endtime="20210923 20:32:02.327"/>
</kw>
<msg timestamp="20210923 20:32:02.328" level="INFO">${screenshot} = c:\GitLocalRepo\RootRobocorp\course-level-two-certification\build-a-robot-level-two\output\receipts\2.png</msg>
<status status="PASS" starttime="20210923 20:32:02.186" endtime="20210923 20:32:02.328"/>
</kw>
<kw name="Embed the robot screenshot to the receipt PDF file">
<arg>${row}[Order number]</arg>
<arg>${pdf}</arg>
<arg>${screenshot}</arg>
<kw name="Add Watermark Image To Pdf" library="RPA.PDF">
<arg>source_path=${order_pdf}</arg>
<arg>image_path=${order_screenshot}</arg>
<arg>output_path=c:\\GitLocalRepo\\RootRobocorp\\course-level-two-certification\\build-a-robot-level-two${/}output${/}receipts${/}order-${order_number}.pdf</arg>
<doc>Add image to PDF which can be new or existing PDF.</doc>
<status status="PASS" starttime="20210923 20:32:02.329" endtime="20210923 20:32:02.390"/>
</kw>
<kw name="Close Pdf" library="RPA.PDF">
<arg>${order_pdf}</arg>
<doc>Close PDF file descriptor for certain file.</doc>
<msg timestamp="20210923 20:32:02.391" level="INFO">Closing PDF document: c:\GitLocalRepo\RootRobocorp\course-level-two-certification\build-a-robot-level-two\output\receipts\2.pdf</msg>
<status status="PASS" starttime="20210923 20:32:02.391" endtime="20210923 20:32:02.392"/>
</kw>
<kw name="Remove File" library="RPA.FileSystem">
<arg>${order_pdf}</arg>
<doc>Removes the given file.</doc>
<status status="PASS" starttime="20210923 20:32:02.392" endtime="20210923 20:32:02.393"/>
</kw>
<kw name="Remove File" library="RPA.FileSystem">
<arg>${order_screenshot}</arg>
<doc>Removes the given file.</doc>
<status status="PASS" starttime="20210923 20:32:02.393" endtime="20210923 20:32:02.394"/>
</kw>
<status status="PASS" starttime="20210923 20:32:02.328" endtime="20210923 20:32:02.395"/>
</kw>
<kw name="Go to order another robot">
<kw name="Wait Until Keyword Succeeds" library="BuiltIn">
<arg>5x</arg>
<arg>1s</arg>
<arg>Wait Until Page Contains Element</arg>
<arg>id:order-another</arg>
<doc>Runs the specified keyword and retries if it fails.</doc>
<kw name="Wait Until Page Contains Element" library="RPA.Browser.Selenium">
<arg>id:order-another</arg>
<doc>Waits until the element ``locator`` appears on the current page.</doc>
<status status="PASS" starttime="20210923 20:32:02.396" endtime="20210923 20:32:02.404"/>
</kw>
<status status="PASS" starttime="20210923 20:32:02.396" endtime="20210923 20:32:02.404"/>
</kw>
<kw name="Click Button" library="RPA.Browser.Selenium">
<arg>id:order-another</arg>
<doc>Clicks the button identified by ``locator``.</doc>
<msg timestamp="20210923 20:32:02.404" level="INFO">Clicking button 'id:order-another'.</msg>
<status status="PASS" starttime="20210923 20:32:02.404" endtime="20210923 20:32:02.609"/>
</kw>
<status status="PASS" starttime="20210923 20:32:02.395" endtime="20210923 20:32:02.610"/>
</kw>
<status status="PASS" starttime="20210923 20:32:01.492" endtime="20210923 20:32:02.610"/>
</iter>
<iter>
<var name="${row}">{'Order number': '3', 'Head': '6', 'Body': '2', 'Legs': '3', 'Address': 'Address 789'}</var>
<kw name="Close the annoying modal">
<kw name="Set Variable" library="BuiltIn">
<var>${button_danger}</var>
<arg>xpath://button[@class="btn btn-danger"]</arg>
<doc>Returns the given values which can then be assigned to a variables.</doc>
<msg timestamp="20210923 20:32:02.613" level="INFO">${button_danger} = xpath://button[@class="btn btn-danger"]</msg>
<status status="PASS" starttime="20210923 20:32:02.612" endtime="20210923 20:32:02.613"/>
</kw>
<kw name="Wait Until Keyword Succeeds" library="BuiltIn">
<arg>${GLOBAL_RETRY_AMOUNT}</arg>
<arg>${GLOBAL_RETRY_INTERVAL}</arg>
<arg>Wait Until Page Contains Element</arg>
<arg>${button_danger}</arg>
<doc>Runs the specified keyword and retries if it fails.</doc>
<kw name="Wait Until Page Contains Element" library="RPA.Browser.Selenium">
<arg>${button_danger}</arg>
<doc>Waits until the element ``locator`` appears on the current page.</doc>
<status status="PASS" starttime="20210923 20:32:02.614" endtime="20210923 20:32:02.624"/>
</kw>
<status status="PASS" starttime="20210923 20:32:02.613" endtime="20210923 20:32:02.624"/>
</kw>
<kw name="Click Button" library="RPA.Browser.Selenium">
<arg>${button_danger}</arg>
<doc>Clicks the button identified by ``locator``.</doc>
<msg timestamp="20210923 20:32:02.625" level="INFO">Clicking button 'xpath://button[@class="btn btn-danger"]'.</msg>
<status status="PASS" starttime="20210923 20:32:02.625" endtime="20210923 20:32:02.726"/>
</kw>
<status status="PASS" starttime="20210923 20:32:02.611" endtime="20210923 20:32:02.726"/>
</kw>
<kw name="Fill the form">
<arg>${row}</arg>
<kw name="Wait Until Keyword Succeeds" library="BuiltIn">
<arg>${GLOBAL_RETRY_AMOUNT}</arg>
<arg>${GLOBAL_RETRY_INTERVAL}</arg>
<arg>Wait Until Page Contains Element</arg>
<arg>id:address</arg>
<doc>Runs the specified keyword and retries if it fails.</doc>
<kw name="Wait Until Page Contains Element" library="RPA.Browser.Selenium">
<arg>id:address</arg>
<doc>Waits until the element ``locator`` appears on the current page.</doc>
<status status="PASS" starttime="20210923 20:32:02.728" endtime="20210923 20:32:02.738"/>
</kw>
<status status="PASS" starttime="20210923 20:32:02.727" endtime="20210923 20:32:02.738"/>
</kw>
<kw name="Select From List By Value" library="RPA.Browser.Selenium">
<arg>id:head</arg>
<arg>${row}[Head]</arg>
<doc>Selects options from selection list ``locator`` by ``values``.</doc>
<msg timestamp="20210923 20:32:02.739" level="INFO">Selecting options from selection list 'id:head' by value 6.</msg>
<status status="PASS" starttime="20210923 20:32:02.739" endtime="20210923 20:32:02.805"/>
</kw>
<kw name="Click Element" library="RPA.Browser.Selenium">
<arg>id:id-body-${row}[Body]</arg>
<doc>Click the element identified by ``locator``.</doc>
<msg timestamp="20210923 20:32:02.806" level="INFO">Clicking element 'id:id-body-2'.</msg>
<status status="PASS" starttime="20210923 20:32:02.805" endtime="20210923 20:32:02.849"/>
</kw>
<kw name="Set Variable" library="BuiltIn">
<var>${select_legs}</var>
<arg>xpath://input[contains(@id,'16')]</arg>
<doc>Returns the given values which can then be assigned to a variables.</doc>
<msg timestamp="20210923 20:32:02.850" level="INFO">${select_legs} = xpath://input[contains(@id,'16')]</msg>
<status status="PASS" starttime="20210923 20:32:02.850" endtime="20210923 20:32:02.850"/>
</kw>
<kw name="Input Text" library="RPA.Browser.Selenium">
<arg>${select_legs}</arg>
<arg>${row}[Legs]</arg>
<doc>Types the given ``text`` into the text field identified by ``locator``.</doc>
<msg timestamp="20210923 20:32:02.851" level="INFO">Typing text '3' into text field 'xpath://input[contains(@id,'16')]'.</msg>
<status status="PASS" starttime="20210923 20:32:02.850" endtime="20210923 20:32:02.937"/>
</kw>
<kw name="Input Text" library="RPA.Browser.Selenium">
<arg>id:address</arg>
<arg>${row}[Address]</arg>
<doc>Types the given ``text`` into the text field identified by ``locator``.</doc>
<msg timestamp="20210923 20:32:02.937" level="INFO">Typing text 'Address 789' into text field 'id:address'.</msg>
<status status="PASS" starttime="20210923 20:32:02.937" endtime="20210923 20:32:03.035"/>
</kw>
<status status="PASS" starttime="20210923 20:32:02.726" endtime="20210923 20:32:03.036"/>
</kw>
<kw name="Preview the robot">
<kw name="Wait Until Keyword Succeeds" library="BuiltIn">
<arg>${GLOBAL_RETRY_AMOUNT}</arg>
<arg>${GLOBAL_RETRY_INTERVAL}</arg>
<arg>Wait Until Page Contains Element</arg>
<arg>id:preview</arg>
<doc>Runs the specified keyword and retries if it fails.</doc>
<kw name="Wait Until Page Contains Element" library="RPA.Browser.Selenium">
<arg>id:preview</arg>
<doc>Waits until the element ``locator`` appears on the current page.</doc>
<status status="PASS" starttime="20210923 20:32:03.037" endtime="20210923 20:32:03.045"/>
</kw>
<status status="PASS" starttime="20210923 20:32:03.036" endtime="20210923 20:32:03.046"/>
</kw>
<kw name="Click Button" library="RPA.Browser.Selenium">
<arg>id:preview</arg>
<doc>Clicks the button identified by ``locator``.</doc>
<msg timestamp="20210923 20:32:03.046" level="INFO">Clicking button 'id:preview'.</msg>
<status status="PASS" starttime="20210923 20:32:03.046" endtime="20210923 20:32:03.119"/>
</kw>
<status status="PASS" starttime="20210923 20:32:03.036" endtime="20210923 20:32:03.119"/>
</kw>
<kw name="Submit the order">
<kw name="Wait Until Keyword Succeeds" library="BuiltIn">
<arg>${GLOBAL_RETRY_AMOUNT}</arg>
<arg>${GLOBAL_RETRY_INTERVAL}</arg>
<arg>Wait Until Page Contains Element</arg>
<arg>id:order</arg>
<doc>Runs the specified keyword and retries if it fails.</doc>
<kw name="Wait Until Page Contains Element" library="RPA.Browser.Selenium">
<arg>id:order</arg>
<doc>Waits until the element ``locator`` appears on the current page.</doc>
<status status="PASS" starttime="20210923 20:32:03.120" endtime="20210923 20:32:03.130"/>
</kw>
<status status="PASS" starttime="20210923 20:32:03.120" endtime="20210923 20:32:03.130"/>
</kw>
<for flavor="IN RANGE">
<var>${i}</var>
<value>5</value>
<iter>
<var name="${i}">0</var>
<kw name="Click Button" library="RPA.Browser.Selenium">
<arg>id:order</arg>
<doc>Clicks the button identified by ``locator``.</doc>
<msg timestamp="20210923 20:32:03.131" level="INFO">Clicking button 'id:order'.</msg>
<status status="PASS" starttime="20210923 20:32:03.131" endtime="20210923 20:32:03.202"/>
</kw>
<kw name="Does Page Contain" library="RPA.Browser.Selenium">
<var>${submit_failed}</var>
<arg>Receipt</arg>
<doc>Does page contain expected text</doc>
<msg timestamp="20210923 20:32:03.215" level="INFO">Current page contains text 'Receipt'.</msg>
<msg timestamp="20210923 20:32:03.216" level="INFO">${submit_failed} = True</msg>
<status status="PASS" starttime="20210923 20:32:03.202" endtime="20210923 20:32:03.216"/>
</kw>
<kw name="Log" library="BuiltIn">
<arg>${submit_failed}</arg>
<doc>Logs the given message with the given level.</doc>
<msg timestamp="20210923 20:32:03.216" level="INFO">True</msg>
<status status="PASS" starttime="20210923 20:32:03.216" endtime="20210923 20:32:03.217"/>
</kw>
<kw name="Exit For Loop If" library="BuiltIn">
<arg>${submit_failed}</arg>
<doc>Stops executing the enclosing for loop if the ``condition`` is true.</doc>
<msg timestamp="20210923 20:32:03.217" level="INFO">Exiting for loop altogether.</msg>
<status status="PASS" starttime="20210923 20:32:03.217" endtime="20210923 20:32:03.218"/>
</kw>
<status status="PASS" starttime="20210923 20:32:03.131" endtime="20210923 20:32:03.218"/>
</iter>
<status status="PASS" starttime="20210923 20:32:03.130" endtime="20210923 20:32:03.218"/>
</for>
<status status="PASS" starttime="20210923 20:32:03.119" endtime="20210923 20:32:03.218"/>
</kw>
<kw name="Store the receipt as a PDF file">
<var>${pdf}</var>
<arg>${row}[Order number]</arg>
<kw name="Wait Until Element Is Visible" library="RPA.Browser.Selenium">
<arg>id:order-completion</arg>
<doc>Waits until the element ``locator`` is visible.</doc>
<status status="PASS" starttime="20210923 20:32:03.219" endtime="20210923 20:32:03.237"/>
</kw>
<kw name="Get Element Attribute" library="RPA.Browser.Selenium">
<var>${receipt}</var>
<arg>id:order-completion</arg>
<arg>outerHTML</arg>
<doc>Returns the value of ``attribute`` from the element ``locator``.</doc>
<msg timestamp="20210923 20:32:03.260" level="INFO">${receipt} = &lt;div id="order-completion"&gt;&lt;div id="receipt" class="alert alert-success" role="alert"&gt;&lt;h3&gt;Receipt&lt;/h3&gt;&lt;div&gt;2021-09-23T23:32:03.194Z&lt;/div&gt;&lt;p class="badge badge-success"&gt;RSB-ROBO-ORDER-1BV2EGYQ1&lt;/p&gt;&lt;p&gt;A...</msg>
<status status="PASS" starttime="20210923 20:32:03.238" endtime="20210923 20:32:03.260"/>
</kw>
<kw name="Html To Pdf" library="RPA.PDF">
<arg>${receipt}</arg>
<arg>c:\\GitLocalRepo\\RootRobocorp\\course-level-two-certification\\build-a-robot-level-two${/}output${/}receipts${/}${order_number}.pdf</arg>
<doc>Generate a PDF file from HTML content.</doc>
<msg timestamp="20210923 20:32:03.262" level="INFO">Writing output to file C:\GitLocalRepo\RootRobocorp\course-level-two-certification\build-a-robot-level-two\output\receipts\3.pdf</msg>
<status status="PASS" starttime="20210923 20:32:03.260" endtime="20210923 20:32:03.265"/>
</kw>
<msg timestamp="20210923 20:32:03.266" level="INFO">${pdf} = c:\GitLocalRepo\RootRobocorp\course-level-two-certification\build-a-robot-level-two\output\receipts\3.pdf</msg>
<status status="PASS" starttime="20210923 20:32:03.219" endtime="20210923 20:32:03.266"/>
</kw>
<kw name="Take a screenshot of the robot">
<var>${screenshot}</var>
<arg>${row}[Order number]</arg>
<kw name="Capture Element Screenshot" library="RPA.Browser.Selenium">
<arg>id:robot-preview-image</arg>
<arg>c:\\GitLocalRepo\\RootRobocorp\\course-level-two-certification\\build-a-robot-level-two${/}output${/}receipts${/}${order_number}.png</arg>
<doc>Captures a screenshot from the element identified by ``locator`` and embeds it into log file.</doc>
<msg timestamp="20210923 20:32:03.406" level="INFO" html="true">&lt;/td&gt;&lt;/tr&gt;&lt;tr&gt;&lt;td colspan="3"&gt;&lt;a href="output/receipts/3.png"&gt;&lt;img src="output/receipts/3.png" width="400px"&gt;&lt;/a&gt;</msg>
<status status="PASS" starttime="20210923 20:32:03.266" endtime="20210923 20:32:03.406"/>
</kw>
<msg timestamp="20210923 20:32:03.407" level="INFO">${screenshot} = c:\GitLocalRepo\RootRobocorp\course-level-two-certification\build-a-robot-level-two\output\receipts\3.png</msg>
<status status="PASS" starttime="20210923 20:32:03.266" endtime="20210923 20:32:03.407"/>
</kw>
<kw name="Embed the robot screenshot to the receipt PDF file">
<arg>${row}[Order number]</arg>
<arg>${pdf}</arg>
<arg>${screenshot}</arg>
<kw name="Add Watermark Image To Pdf" library="RPA.PDF">
<arg>source_path=${order_pdf}</arg>
<arg>image_path=${order_screenshot}</arg>
<arg>output_path=c:\\GitLocalRepo\\RootRobocorp\\course-level-two-certification\\build-a-robot-level-two${/}output${/}receipts${/}order-${order_number}.pdf</arg>
<doc>Add image to PDF which can be new or existing PDF.</doc>
<status status="PASS" starttime="20210923 20:32:03.408" endtime="20210923 20:32:03.481"/>
</kw>
<kw name="Close Pdf" library="RPA.PDF">
<arg>${order_pdf}</arg>
<doc>Close PDF file descriptor for certain file.</doc>
<msg timestamp="20210923 20:32:03.482" level="INFO">Closing PDF document: c:\GitLocalRepo\RootRobocorp\course-level-two-certification\build-a-robot-level-two\output\receipts\3.pdf</msg>
<status status="PASS" starttime="20210923 20:32:03.482" endtime="20210923 20:32:03.483"/>
</kw>
<kw name="Remove File" library="RPA.FileSystem">
<arg>${order_pdf}</arg>
<doc>Removes the given file.</doc>
<status status="PASS" starttime="20210923 20:32:03.483" endtime="20210923 20:32:03.484"/>
</kw>
<kw name="Remove File" library="RPA.FileSystem">
<arg>${order_screenshot}</arg>
<doc>Removes the given file.</doc>
<status status="PASS" starttime="20210923 20:32:03.484" endtime="20210923 20:32:03.485"/>
</kw>
<status status="PASS" starttime="20210923 20:32:03.407" endtime="20210923 20:32:03.485"/>
</kw>
<kw name="Go to order another robot">
<kw name="Wait Until Keyword Succeeds" library="BuiltIn">
<arg>5x</arg>
<arg>1s</arg>
<arg>Wait Until Page Contains Element</arg>
<arg>id:order-another</arg>
<doc>Runs the specified keyword and retries if it fails.</doc>
<kw name="Wait Until Page Contains Element" library="RPA.Browser.Selenium">
<arg>id:order-another</arg>
<doc>Waits until the element ``locator`` appears on the current page.</doc>
<status status="PASS" starttime="20210923 20:32:03.486" endtime="20210923 20:32:03.495"/>
</kw>
<status status="PASS" starttime="20210923 20:32:03.486" endtime="20210923 20:32:03.495"/>
</kw>
<kw name="Click Button" library="RPA.Browser.Selenium">
<arg>id:order-another</arg>
<doc>Clicks the button identified by ``locator``.</doc>
<msg timestamp="20210923 20:32:03.496" level="INFO">Clicking button 'id:order-another'.</msg>
<status status="PASS" starttime="20210923 20:32:03.495" endtime="20210923 20:32:03.687"/>
</kw>
<status status="PASS" starttime="20210923 20:32:03.485" endtime="20210923 20:32:03.688"/>
</kw>
<status status="PASS" starttime="20210923 20:32:02.611" endtime="20210923 20:32:03.688"/>
</iter>
<iter>
<var name="${row}">{'Order number': '4', 'Head': '2', 'Body': '3', 'Legs': '2', 'Address': 'Address 1'}</var>
<kw name="Close the annoying modal">
<kw name="Set Variable" library="BuiltIn">
<var>${button_danger}</var>
<arg>xpath://button[@class="btn btn-danger"]</arg>
<doc>Returns the given values which can then be assigned to a variables.</doc>
<msg timestamp="20210923 20:32:03.691" level="INFO">${button_danger} = xpath://button[@class="btn btn-danger"]</msg>
<status status="PASS" starttime="20210923 20:32:03.690" endtime="20210923 20:32:03.691"/>
</kw>
<kw name="Wait Until Keyword Succeeds" library="BuiltIn">
<arg>${GLOBAL_RETRY_AMOUNT}</arg>
<arg>${GLOBAL_RETRY_INTERVAL}</arg>
<arg>Wait Until Page Contains Element</arg>
<arg>${button_danger}</arg>
<doc>Runs the specified keyword and retries if it fails.</doc>
<kw name="Wait Until Page Contains Element" library="RPA.Browser.Selenium">
<arg>${button_danger}</arg>
<doc>Waits until the element ``locator`` appears on the current page.</doc>
<status status="PASS" starttime="20210923 20:32:03.693" endtime="20210923 20:32:03.703"/>
</kw>
<status status="PASS" starttime="20210923 20:32:03.692" endtime="20210923 20:32:03.703"/>
</kw>
<kw name="Click Button" library="RPA.Browser.Selenium">
<arg>${button_danger}</arg>
<doc>Clicks the button identified by ``locator``.</doc>
<msg timestamp="20210923 20:32:03.704" level="INFO">Clicking button 'xpath://button[@class="btn btn-danger"]'.</msg>
<status status="PASS" starttime="20210923 20:32:03.703" endtime="20210923 20:32:03.776"/>
</kw>
<status status="PASS" starttime="20210923 20:32:03.689" endtime="20210923 20:32:03.776"/>
</kw>
<kw name="Fill the form">
<arg>${row}</arg>
<kw name="Wait Until Keyword Succeeds" library="BuiltIn">
<arg>${GLOBAL_RETRY_AMOUNT}</arg>
<arg>${GLOBAL_RETRY_INTERVAL}</arg>
<arg>Wait Until Page Contains Element</arg>
<arg>id:address</arg>
<doc>Runs the specified keyword and retries if it fails.</doc>
<kw name="Wait Until Page Contains Element" library="RPA.Browser.Selenium">
<arg>id:address</arg>
<doc>Waits until the element ``locator`` appears on the current page.</doc>
<status status="PASS" starttime="20210923 20:32:03.778" endtime="20210923 20:32:03.786"/>
</kw>
<status status="PASS" starttime="20210923 20:32:03.777" endtime="20210923 20:32:03.787"/>
</kw>
<kw name="Select From List By Value" library="RPA.Browser.Selenium">
<arg>id:head</arg>
<arg>${row}[Head]</arg>
<doc>Selects options from selection list ``locator`` by ``values``.</doc>
<msg timestamp="20210923 20:32:03.788" level="INFO">Selecting options from selection list 'id:head' by value 2.</msg>
<status status="PASS" starttime="20210923 20:32:03.787" endtime="20210923 20:32:03.872"/>
</kw>
<kw name="Click Element" library="RPA.Browser.Selenium">
<arg>id:id-body-${row}[Body]</arg>
<doc>Click the element identified by ``locator``.</doc>
<msg timestamp="20210923 20:32:03.874" level="INFO">Clicking element 'id:id-body-3'.</msg>
<status status="PASS" starttime="20210923 20:32:03.873" endtime="20210923 20:32:03.934"/>
</kw>
<kw name="Set Variable" library="BuiltIn">
<var>${select_legs}</var>
<arg>xpath://input[contains(@id,'16')]</arg>
<doc>Returns the given values which can then be assigned to a variables.</doc>
<msg timestamp="20210923 20:32:03.935" level="INFO">${select_legs} = xpath://input[contains(@id,'16')]</msg>
<status status="PASS" starttime="20210923 20:32:03.934" endtime="20210923 20:32:03.935"/>
</kw>
<kw name="Input Text" library="RPA.Browser.Selenium">
<arg>${select_legs}</arg>
<arg>${row}[Legs]</arg>
<doc>Types the given ``text`` into the text field identified by ``locator``.</doc>
<msg timestamp="20210923 20:32:03.935" level="INFO">Typing text '2' into text field 'xpath://input[contains(@id,'16')]'.</msg>
<status status="PASS" starttime="20210923 20:32:03.935" endtime="20210923 20:32:04.029"/>
</kw>
<kw name="Input Text" library="RPA.Browser.Selenium">
<arg>id:address</arg>
<arg>${row}[Address]</arg>
<doc>Types the given ``text`` into the text field identified by ``locator``.</doc>
<msg timestamp="20210923 20:32:04.030" level="INFO">Typing text 'Address 1' into text field 'id:address'.</msg>
<status status="PASS" starttime="20210923 20:32:04.030" endtime="20210923 20:32:04.135"/>
</kw>
<status status="PASS" starttime="20210923 20:32:03.776" endtime="20210923 20:32:04.135"/>
</kw>
<kw name="Preview the robot">
<kw name="Wait Until Keyword Succeeds" library="BuiltIn">
<arg>${GLOBAL_RETRY_AMOUNT}</arg>
<arg>${GLOBAL_RETRY_INTERVAL}</arg>
<arg>Wait Until Page Contains Element</arg>
<arg>id:preview</arg>
<doc>Runs the specified keyword and retries if it fails.</doc>
<kw name="Wait Until Page Contains Element" library="RPA.Browser.Selenium">
<arg>id:preview</arg>
<doc>Waits until the element ``locator`` appears on the current page.</doc>
<status status="PASS" starttime="20210923 20:32:04.136" endtime="20210923 20:32:04.144"/>
</kw>
<status status="PASS" starttime="20210923 20:32:04.136" endtime="20210923 20:32:04.145"/>
</kw>
<kw name="Click Button" library="RPA.Browser.Selenium">
<arg>id:preview</arg>
<doc>Clicks the button identified by ``locator``.</doc>
<msg timestamp="20210923 20:32:04.145" level="INFO">Clicking button 'id:preview'.</msg>
<status status="PASS" starttime="20210923 20:32:04.145" endtime="20210923 20:32:04.218"/>
</kw>
<status status="PASS" starttime="20210923 20:32:04.135" endtime="20210923 20:32:04.218"/>
</kw>
<kw name="Submit the order">
<kw name="Wait Until Keyword Succeeds" library="BuiltIn">
<arg>${GLOBAL_RETRY_AMOUNT}</arg>
<arg>${GLOBAL_RETRY_INTERVAL}</arg>
<arg>Wait Until Page Contains Element</arg>
<arg>id:order</arg>
<doc>Runs the specified keyword and retries if it fails.</doc>
<kw name="Wait Until Page Contains Element" library="RPA.Browser.Selenium">
<arg>id:order</arg>
<doc>Waits until the element ``locator`` appears on the current page.</doc>
<status status="PASS" starttime="20210923 20:32:04.220" endtime="20210923 20:32:04.229"/>
</kw>
<status status="PASS" starttime="20210923 20:32:04.219" endtime="20210923 20:32:04.229"/>
</kw>
<for flavor="IN RANGE">
<var>${i}</var>
<value>5</value>
<iter>
<var name="${i}">0</var>
<kw name="Click Button" library="RPA.Browser.Selenium">
<arg>id:order</arg>
<doc>Clicks the button identified by ``locator``.</doc>
<msg timestamp="20210923 20:32:04.230" level="INFO">Clicking button 'id:order'.</msg>
<status status="PASS" starttime="20210923 20:32:04.230" endtime="20210923 20:32:04.301"/>
</kw>
<kw name="Does Page Contain" library="RPA.Browser.Selenium">
<var>${submit_failed}</var>
<arg>Receipt</arg>
<doc>Does page contain expected text</doc>
<msg timestamp="20210923 20:32:04.315" level="INFO">Current page contains text 'Receipt'.</msg>
<msg timestamp="20210923 20:32:04.315" level="INFO">${submit_failed} = True</msg>
<status status="PASS" starttime="20210923 20:32:04.301" endtime="20210923 20:32:04.316"/>
</kw>
<kw name="Log" library="BuiltIn">
<arg>${submit_failed}</arg>
<doc>Logs the given message with the given level.</doc>
<msg timestamp="20210923 20:32:04.316" level="INFO">True</msg>
<status status="PASS" starttime="20210923 20:32:04.316" endtime="20210923 20:32:04.317"/>
</kw>
<kw name="Exit For Loop If" library="BuiltIn">
<arg>${submit_failed}</arg>
<doc>Stops executing the enclosing for loop if the ``condition`` is true.</doc>
<msg timestamp="20210923 20:32:04.317" level="INFO">Exiting for loop altogether.</msg>
<status status="PASS" starttime="20210923 20:32:04.317" endtime="20210923 20:32:04.318"/>
</kw>
<status status="PASS" starttime="20210923 20:32:04.229" endtime="20210923 20:32:04.318"/>
</iter>
<status status="PASS" starttime="20210923 20:32:04.229" endtime="20210923 20:32:04.318"/>
</for>
<status status="PASS" starttime="20210923 20:32:04.219" endtime="20210923 20:32:04.318"/>
</kw>
<kw name="Store the receipt as a PDF file">
<var>${pdf}</var>
<arg>${row}[Order number]</arg>
<kw name="Wait Until Element Is Visible" library="RPA.Browser.Selenium">
<arg>id:order-completion</arg>
<doc>Waits until the element ``locator`` is visible.</doc>
<status status="PASS" starttime="20210923 20:32:04.319" endtime="20210923 20:32:04.340"/>
</kw>
<kw name="Get Element Attribute" library="RPA.Browser.Selenium">
<var>${receipt}</var>
<arg>id:order-completion</arg>
<arg>outerHTML</arg>
<doc>Returns the value of ``attribute`` from the element ``locator``.</doc>
<msg timestamp="20210923 20:32:04.357" level="INFO">${receipt} = &lt;div id="order-completion"&gt;&lt;div id="receipt" class="alert alert-success" role="alert"&gt;&lt;h3&gt;Receipt&lt;/h3&gt;&lt;div&gt;2021-09-23T23:32:04.292Z&lt;/div&gt;&lt;p class="badge badge-success"&gt;RSB-ROBO-ORDER-RVDHSV1T8S&lt;/p&gt;&lt;p&gt;...</msg>
<status status="PASS" starttime="20210923 20:32:04.341" endtime="20210923 20:32:04.357"/>
</kw>
<kw name="Html To Pdf" library="RPA.PDF">
<arg>${receipt}</arg>
<arg>c:\\GitLocalRepo\\RootRobocorp\\course-level-two-certification\\build-a-robot-level-two${/}output${/}receipts${/}${order_number}.pdf</arg>
<doc>Generate a PDF file from HTML content.</doc>
<msg timestamp="20210923 20:32:04.359" level="INFO">Writing output to file C:\GitLocalRepo\RootRobocorp\course-level-two-certification\build-a-robot-level-two\output\receipts\4.pdf</msg>
<status status="PASS" starttime="20210923 20:32:04.358" endtime="20210923 20:32:04.362"/>
</kw>
<msg timestamp="20210923 20:32:04.363" level="INFO">${pdf} = c:\GitLocalRepo\RootRobocorp\course-level-two-certification\build-a-robot-level-two\output\receipts\4.pdf</msg>
<status status="PASS" starttime="20210923 20:32:04.319" endtime="20210923 20:32:04.363"/>
</kw>
<kw name="Take a screenshot of the robot">
<var>${screenshot}</var>
<arg>${row}[Order number]</arg>
<kw name="Capture Element Screenshot" library="RPA.Browser.Selenium">
<arg>id:robot-preview-image</arg>
<arg>c:\\GitLocalRepo\\RootRobocorp\\course-level-two-certification\\build-a-robot-level-two${/}output${/}receipts${/}${order_number}.png</arg>
<doc>Captures a screenshot from the element identified by ``locator`` and embeds it into log file.</doc>
<msg timestamp="20210923 20:32:04.507" level="INFO" html="true">&lt;/td&gt;&lt;/tr&gt;&lt;tr&gt;&lt;td colspan="3"&gt;&lt;a href="output/receipts/4.png"&gt;&lt;img src="output/receipts/4.png" width="400px"&gt;&lt;/a&gt;</msg>
<status status="PASS" starttime="20210923 20:32:04.364" endtime="20210923 20:32:04.507"/>
</kw>
<msg timestamp="20210923 20:32:04.508" level="INFO">${screenshot} = c:\GitLocalRepo\RootRobocorp\course-level-two-certification\build-a-robot-level-two\output\receipts\4.png</msg>
<status status="PASS" starttime="20210923 20:32:04.364" endtime="20210923 20:32:04.508"/>
</kw>
<kw name="Embed the robot screenshot to the receipt PDF file">
<arg>${row}[Order number]</arg>
<arg>${pdf}</arg>
<arg>${screenshot}</arg>
<kw name="Add Watermark Image To Pdf" library="RPA.PDF">
<arg>source_path=${order_pdf}</arg>
<arg>image_path=${order_screenshot}</arg>
<arg>output_path=c:\\GitLocalRepo\\RootRobocorp\\course-level-two-certification\\build-a-robot-level-two${/}output${/}receipts${/}order-${order_number}.pdf</arg>
<doc>Add image to PDF which can be new or existing PDF.</doc>
<status status="PASS" starttime="20210923 20:32:04.510" endtime="20210923 20:32:04.571"/>
</kw>
<kw name="Close Pdf" library="RPA.PDF">
<arg>${order_pdf}</arg>
<doc>Close PDF file descriptor for certain file.</doc>
<msg timestamp="20210923 20:32:04.572" level="INFO">Closing PDF document: c:\GitLocalRepo\RootRobocorp\course-level-two-certification\build-a-robot-level-two\output\receipts\4.pdf</msg>
<status status="PASS" starttime="20210923 20:32:04.571" endtime="20210923 20:32:04.572"/>
</kw>
<kw name="Remove File" library="RPA.FileSystem">
<arg>${order_pdf}</arg>
<doc>Removes the given file.</doc>
<status status="PASS" starttime="20210923 20:32:04.572" endtime="20210923 20:32:04.573"/>
</kw>
<kw name="Remove File" library="RPA.FileSystem">
<arg>${order_screenshot}</arg>
<doc>Removes the given file.</doc>
<status status="PASS" starttime="20210923 20:32:04.573" endtime="20210923 20:32:04.574"/>
</kw>
<status status="PASS" starttime="20210923 20:32:04.508" endtime="20210923 20:32:04.574"/>
</kw>
<kw name="Go to order another robot">
<kw name="Wait Until Keyword Succeeds" library="BuiltIn">
<arg>5x</arg>
<arg>1s</arg>
<arg>Wait Until Page Contains Element</arg>
<arg>id:order-another</arg>
<doc>Runs the specified keyword and retries if it fails.</doc>
<kw name="Wait Until Page Contains Element" library="RPA.Browser.Selenium">
<arg>id:order-another</arg>
<doc>Waits until the element ``locator`` appears on the current page.</doc>
<status status="PASS" starttime="20210923 20:32:04.575" endtime="20210923 20:32:04.584"/>
</kw>
<status status="PASS" starttime="20210923 20:32:04.575" endtime="20210923 20:32:04.584"/>
</kw>
<kw name="Click Button" library="RPA.Browser.Selenium">
<arg>id:order-another</arg>
<doc>Clicks the button identified by ``locator``.</doc>
<msg timestamp="20210923 20:32:04.585" level="INFO">Clicking button 'id:order-another'.</msg>
<status status="PASS" starttime="20210923 20:32:04.584" endtime="20210923 20:32:04.802"/>
</kw>
<status status="PASS" starttime="20210923 20:32:04.574" endtime="20210923 20:32:04.803"/>
</kw>
<status status="PASS" starttime="20210923 20:32:03.689" endtime="20210923 20:32:04.803"/>
</iter>
<iter>
<var name="${row}">{'Order number': '5', 'Head': '3', 'Body': '5', 'Legs': '1', 'Address': 'Address 2'}</var>
<kw name="Close the annoying modal">
<kw name="Set Variable" library="BuiltIn">
<var>${button_danger}</var>
<arg>xpath://button[@class="btn btn-danger"]</arg>
<doc>Returns the given values which can then be assigned to a variables.</doc>
<msg timestamp="20210923 20:32:04.807" level="INFO">${button_danger} = xpath://button[@class="btn btn-danger"]</msg>
<status status="PASS" starttime="20210923 20:32:04.806" endtime="20210923 20:32:04.807"/>
</kw>
<kw name="Wait Until Keyword Succeeds" library="BuiltIn">
<arg>${GLOBAL_RETRY_AMOUNT}</arg>
<arg>${GLOBAL_RETRY_INTERVAL}</arg>
<arg>Wait Until Page Contains Element</arg>
<arg>${button_danger}</arg>
<doc>Runs the specified keyword and retries if it fails.</doc>
<kw name="Wait Until Page Contains Element" library="RPA.Browser.Selenium">
<arg>${button_danger}</arg>
<doc>Waits until the element ``locator`` appears on the current page.</doc>
<status status="PASS" starttime="20210923 20:32:04.808" endtime="20210923 20:32:04.817"/>
</kw>
<status status="PASS" starttime="20210923 20:32:04.808" endtime="20210923 20:32:04.818"/>
</kw>
<kw name="Click Button" library="RPA.Browser.Selenium">
<arg>${button_danger}</arg>
<doc>Clicks the button identified by ``locator``.</doc>
<msg timestamp="20210923 20:32:04.819" level="INFO">Clicking button 'xpath://button[@class="btn btn-danger"]'.</msg>
<status status="PASS" starttime="20210923 20:32:04.818" endtime="20210923 20:32:04.901"/>
</kw>
<status status="PASS" starttime="20210923 20:32:04.804" endtime="20210923 20:32:04.902"/>
</kw>
<kw name="Fill the form">
<arg>${row}</arg>
<kw name="Wait Until Keyword Succeeds" library="BuiltIn">
<arg>${GLOBAL_RETRY_AMOUNT}</arg>
<arg>${GLOBAL_RETRY_INTERVAL}</arg>
<arg>Wait Until Page Contains Element</arg>
<arg>id:address</arg>
<doc>Runs the specified keyword and retries if it fails.</doc>
<kw name="Wait Until Page Contains Element" library="RPA.Browser.Selenium">
<arg>id:address</arg>
<doc>Waits until the element ``locator`` appears on the current page.</doc>
<status status="PASS" starttime="20210923 20:32:04.904" endtime="20210923 20:32:04.919"/>
</kw>
<status status="PASS" starttime="20210923 20:32:04.903" endtime="20210923 20:32:04.919"/>
</kw>
<kw name="Select From List By Value" library="RPA.Browser.Selenium">
<arg>id:head</arg>
<arg>${row}[Head]</arg>
<doc>Selects options from selection list ``locator`` by ``values``.</doc>
<msg timestamp="20210923 20:32:04.920" level="INFO">Selecting options from selection list 'id:head' by value 3.</msg>
<status status="PASS" starttime="20210923 20:32:04.919" endtime="20210923 20:32:05.044"/>
</kw>
<kw name="Click Element" library="RPA.Browser.Selenium">
<arg>id:id-body-${row}[Body]</arg>
<doc>Click the element identified by ``locator``.</doc>
<msg timestamp="20210923 20:32:05.046" level="INFO">Clicking element 'id:id-body-5'.</msg>
<status status="PASS" starttime="20210923 20:32:05.045" endtime="20210923 20:32:05.166"/>
</kw>
<kw name="Set Variable" library="BuiltIn">
<var>${select_legs}</var>
<arg>xpath://input[contains(@id,'16')]</arg>
<doc>Returns the given values which can then be assigned to a variables.</doc>
<msg timestamp="20210923 20:32:05.168" level="INFO">${select_legs} = xpath://input[contains(@id,'16')]</msg>
<status status="PASS" starttime="20210923 20:32:05.167" endtime="20210923 20:32:05.168"/>
</kw>
<kw name="Input Text" library="RPA.Browser.Selenium">
<arg>${select_legs}</arg>
<arg>${row}[Legs]</arg>
<doc>Types the given ``text`` into the text field identified by ``locator``.</doc>
<msg timestamp="20210923 20:32:05.169" level="INFO">Typing text '1' into text field 'xpath://input[contains(@id,'16')]'.</msg>
<status status="PASS" starttime="20210923 20:32:05.168" endtime="20210923 20:32:05.280"/>
</kw>
<kw name="Input Text" library="RPA.Browser.Selenium">
<arg>id:address</arg>
<arg>${row}[Address]</arg>
<doc>Types the given ``text`` into the text field identified by ``locator``.</doc>
<msg timestamp="20210923 20:32:05.282" level="INFO">Typing text 'Address 2' into text field 'id:address'.</msg>
<status status="PASS" starttime="20210923 20:32:05.281" endtime="20210923 20:32:05.401"/>
</kw>
<status status="PASS" starttime="20210923 20:32:04.902" endtime="20210923 20:32:05.401"/>
</kw>
<kw name="Preview the robot">
<kw name="Wait Until Keyword Succeeds" library="BuiltIn">
<arg>${GLOBAL_RETRY_AMOUNT}</arg>
<arg>${GLOBAL_RETRY_INTERVAL}</arg>
<arg>Wait Until Page Contains Element</arg>
<arg>id:preview</arg>
<doc>Runs the specified keyword and retries if it fails.</doc>
<kw name="Wait Until Page Contains Element" library="RPA.Browser.Selenium">
<arg>id:preview</arg>
<doc>Waits until the element ``locator`` appears on the current page.</doc>
<status status="PASS" starttime="20210923 20:32:05.403" endtime="20210923 20:32:05.413"/>
</kw>
<status status="PASS" starttime="20210923 20:32:05.402" endtime="20210923 20:32:05.413"/>
</kw>
<kw name="Click Button" library="RPA.Browser.Selenium">
<arg>id:preview</arg>
<doc>Clicks the button identified by ``locator``.</doc>
<msg timestamp="20210923 20:32:05.414" level="INFO">Clicking button 'id:preview'.</msg>
<status status="PASS" starttime="20210923 20:32:05.413" endtime="20210923 20:32:05.532"/>
</kw>
<status status="PASS" starttime="20210923 20:32:05.402" endtime="20210923 20:32:05.533"/>
</kw>
<kw name="Submit the order">
<kw name="Wait Until Keyword Succeeds" library="BuiltIn">
<arg>${GLOBAL_RETRY_AMOUNT}</arg>
<arg>${GLOBAL_RETRY_INTERVAL}</arg>
<arg>Wait Until Page Contains Element</arg>
<arg>id:order</arg>
<doc>Runs the specified keyword and retries if it fails.</doc>
<kw name="Wait Until Page Contains Element" library="RPA.Browser.Selenium">
<arg>id:order</arg>
<doc>Waits until the element ``locator`` appears on the current page.</doc>
<status status="PASS" starttime="20210923 20:32:05.536" endtime="20210923 20:32:05.553"/>
</kw>
<status status="PASS" starttime="20210923 20:32:05.535" endtime="20210923 20:32:05.554"/>
</kw>
<for flavor="IN RANGE">
<var>${i}</var>
<value>5</value>
<iter>
<var name="${i}">0</var>
<kw name="Click Button" library="RPA.Browser.Selenium">
<arg>id:order</arg>
<doc>Clicks the button identified by ``locator``.</doc>
<msg timestamp="20210923 20:32:05.557" level="INFO">Clicking button 'id:order'.</msg>
<status status="PASS" starttime="20210923 20:32:05.556" endtime="20210923 20:32:05.683"/>
</kw>
<kw name="Does Page Contain" library="RPA.Browser.Selenium">
<var>${submit_failed}</var>
<arg>Receipt</arg>
<doc>Does page contain expected text</doc>
<msg timestamp="20210923 20:32:05.745" level="INFO" html="true">Ran with keyword &lt;b&gt;Page Should Contain&lt;/b&gt; which returned error: &lt;i&gt;Page should have contained text 'Receipt' but did not.&lt;/i&gt;</msg>
<msg timestamp="20210923 20:32:05.745" level="INFO">${submit_failed} = False</msg>
<status status="PASS" starttime="20210923 20:32:05.684" endtime="20210923 20:32:05.745"/>
</kw>
<kw name="Log" library="BuiltIn">
<arg>${submit_failed}</arg>
<doc>Logs the given message with the given level.</doc>
<msg timestamp="20210923 20:32:05.747" level="INFO">False</msg>
<status status="PASS" starttime="20210923 20:32:05.746" endtime="20210923 20:32:05.747"/>
</kw>
<kw name="Exit For Loop If" library="BuiltIn">
<arg>${submit_failed}</arg>
<doc>Stops executing the enclosing for loop if the ``condition`` is true.</doc>
<status status="PASS" starttime="20210923 20:32:05.747" endtime="20210923 20:32:05.748"/>
</kw>
<status status="PASS" starttime="20210923 20:32:05.555" endtime="20210923 20:32:05.748"/>
</iter>
<iter>
<var name="${i}">1</var>
<kw name="Click Button" library="RPA.Browser.Selenium">
<arg>id:order</arg>
<doc>Clicks the button identified by ``locator``.</doc>
<msg timestamp="20210923 20:32:05.750" level="INFO">Clicking button 'id:order'.</msg>
<status status="PASS" starttime="20210923 20:32:05.749" endtime="20210923 20:32:05.852"/>
</kw>
<kw name="Does Page Contain" library="RPA.Browser.Selenium">
<var>${submit_failed}</var>
<arg>Receipt</arg>
<doc>Does page contain expected text</doc>
<msg timestamp="20210923 20:32:05.877" level="INFO">Current page contains text 'Receipt'.</msg>
<msg timestamp="20210923 20:32:05.877" level="INFO">${submit_failed} = True</msg>
<status status="PASS" starttime="20210923 20:32:05.853" endtime="20210923 20:32:05.877"/>
</kw>
<kw name="Log" library="BuiltIn">
<arg>${submit_failed}</arg>
<doc>Logs the given message with the given level.</doc>
<msg timestamp="20210923 20:32:05.879" level="INFO">True</msg>
<status status="PASS" starttime="20210923 20:32:05.878" endtime="20210923 20:32:05.879"/>
</kw>
<kw name="Exit For Loop If" library="BuiltIn">
<arg>${submit_failed}</arg>
<doc>Stops executing the enclosing for loop if the ``condition`` is true.</doc>
<msg timestamp="20210923 20:32:05.880" level="INFO">Exiting for loop altogether.</msg>
<status status="PASS" starttime="20210923 20:32:05.880" endtime="20210923 20:32:05.881"/>
</kw>
<status status="PASS" starttime="20210923 20:32:05.749" endtime="20210923 20:32:05.881"/>
</iter>
<status status="PASS" starttime="20210923 20:32:05.554" endtime="20210923 20:32:05.882"/>
</for>
<status status="PASS" starttime="20210923 20:32:05.533" endtime="20210923 20:32:05.882"/>
</kw>
<kw name="Store the receipt as a PDF file">
<var>${pdf}</var>
<arg>${row}[Order number]</arg>
<kw name="Wait Until Element Is Visible" library="RPA.Browser.Selenium">
<arg>id:order-completion</arg>
<doc>Waits until the element ``locator`` is visible.</doc>
<status status="PASS" starttime="20210923 20:32:05.884" endtime="20210923 20:32:05.920"/>
</kw>
<kw name="Get Element Attribute" library="RPA.Browser.Selenium">
<var>${receipt}</var>
<arg>id:order-completion</arg>
<arg>outerHTML</arg>
<doc>Returns the value of ``attribute`` from the element ``locator``.</doc>
<msg timestamp="20210923 20:32:05.949" level="INFO">${receipt} = &lt;div id="order-completion"&gt;&lt;div id="receipt" class="alert alert-success" role="alert"&gt;&lt;h3&gt;Receipt&lt;/h3&gt;&lt;div&gt;2021-09-23T23:32:05.838Z&lt;/div&gt;&lt;p class="badge badge-success"&gt;RSB-ROBO-ORDER-XBH6O927RE&lt;/p&gt;&lt;p&gt;...</msg>
<status status="PASS" starttime="20210923 20:32:05.920" endtime="20210923 20:32:05.949"/>
</kw>
<kw name="Html To Pdf" library="RPA.PDF">
<arg>${receipt}</arg>
<arg>c:\\GitLocalRepo\\RootRobocorp\\course-level-two-certification\\build-a-robot-level-two${/}output${/}receipts${/}${order_number}.pdf</arg>
<doc>Generate a PDF file from HTML content.</doc>
<msg timestamp="20210923 20:32:05.952" level="INFO">Writing output to file C:\GitLocalRepo\RootRobocorp\course-level-two-certification\build-a-robot-level-two\output\receipts\5.pdf</msg>
<status status="PASS" starttime="20210923 20:32:05.950" endtime="20210923 20:32:05.958"/>
</kw>
<msg timestamp="20210923 20:32:05.960" level="INFO">${pdf} = c:\GitLocalRepo\RootRobocorp\course-level-two-certification\build-a-robot-level-two\output\receipts\5.pdf</msg>
<status status="PASS" starttime="20210923 20:32:05.883" endtime="20210923 20:32:05.960"/>
</kw>
<kw name="Take a screenshot of the robot">
<var>${screenshot}</var>
<arg>${row}[Order number]</arg>
<kw name="Capture Element Screenshot" library="RPA.Browser.Selenium">
<arg>id:robot-preview-image</arg>
<arg>c:\\GitLocalRepo\\RootRobocorp\\course-level-two-certification\\build-a-robot-level-two${/}output${/}receipts${/}${order_number}.png</arg>
<doc>Captures a screenshot from the element identified by ``locator`` and embeds it into log file.</doc>
<msg timestamp="20210923 20:32:06.160" level="INFO" html="true">&lt;/td&gt;&lt;/tr&gt;&lt;tr&gt;&lt;td colspan="3"&gt;&lt;a href="output/receipts/5.png"&gt;&lt;img src="output/receipts/5.png" width="400px"&gt;&lt;/a&gt;</msg>
<status status="PASS" starttime="20210923 20:32:05.962" endtime="20210923 20:32:06.161"/>
</kw>
<msg timestamp="20210923 20:32:06.161" level="INFO">${screenshot} = c:\GitLocalRepo\RootRobocorp\course-level-two-certification\build-a-robot-level-two\output\receipts\5.png</msg>
<status status="PASS" starttime="20210923 20:32:05.961" endtime="20210923 20:32:06.161"/>
</kw>
<kw name="Embed the robot screenshot to the receipt PDF file">
<arg>${row}[Order number]</arg>
<arg>${pdf}</arg>
<arg>${screenshot}</arg>
<kw name="Add Watermark Image To Pdf" library="RPA.PDF">
<arg>source_path=${order_pdf}</arg>
<arg>image_path=${order_screenshot}</arg>
<arg>output_path=c:\\GitLocalRepo\\RootRobocorp\\course-level-two-certification\\build-a-robot-level-two${/}output${/}receipts${/}order-${order_number}.pdf</arg>
<doc>Add image to PDF which can be new or existing PDF.</doc>
<status status="PASS" starttime="20210923 20:32:06.163" endtime="20210923 20:32:06.250"/>
</kw>
<kw name="Close Pdf" library="RPA.PDF">
<arg>${order_pdf}</arg>
<doc>Close PDF file descriptor for certain file.</doc>
<msg timestamp="20210923 20:32:06.252" level="INFO">Closing PDF document: c:\GitLocalRepo\RootRobocorp\course-level-two-certification\build-a-robot-level-two\output\receipts\5.pdf</msg>
<status status="PASS" starttime="20210923 20:32:06.251" endtime="20210923 20:32:06.252"/>
</kw>
<kw name="Remove File" library="RPA.FileSystem">
<arg>${order_pdf}</arg>
<doc>Removes the given file.</doc>
<status status="PASS" starttime="20210923 20:32:06.252" endtime="20210923 20:32:06.253"/>
</kw>
<kw name="Remove File" library="RPA.FileSystem">
<arg>${order_screenshot}</arg>
<doc>Removes the given file.</doc>
<status status="PASS" starttime="20210923 20:32:06.253" endtime="20210923 20:32:06.254"/>
</kw>
<status status="PASS" starttime="20210923 20:32:06.162" endtime="20210923 20:32:06.255"/>
</kw>
<kw name="Go to order another robot">
<kw name="Wait Until Keyword Succeeds" library="BuiltIn">
<arg>5x</arg>
<arg>1s</arg>
<arg>Wait Until Page Contains Element</arg>
<arg>id:order-another</arg>
<doc>Runs the specified keyword and retries if it fails.</doc>
<kw name="Wait Until Page Contains Element" library="RPA.Browser.Selenium">
<arg>id:order-another</arg>
<doc>Waits until the element ``locator`` appears on the current page.</doc>
<status status="PASS" starttime="20210923 20:32:06.256" endtime="20210923 20:32:06.265"/>
</kw>
<status status="PASS" starttime="20210923 20:32:06.255" endtime="20210923 20:32:06.266"/>
</kw>
<kw name="Click Button" library="RPA.Browser.Selenium">
<arg>id:order-another</arg>
<doc>Clicks the button identified by ``locator``.</doc>
<msg timestamp="20210923 20:32:06.266" level="INFO">Clicking button 'id:order-another'.</msg>
<status status="PASS" starttime="20210923 20:32:06.266" endtime="20210923 20:32:06.528"/>
</kw>
<status status="PASS" starttime="20210923 20:32:06.255" endtime="20210923 20:32:06.529"/>
</kw>
<status status="PASS" starttime="20210923 20:32:04.804" endtime="20210923 20:32:06.529"/>
</iter>
<iter>
<var name="${row}">{'Order number': '6', 'Head': '1', 'Body': '6', 'Legs': '6', 'Address': 'Address 3'}</var>
<kw name="Close the annoying modal">
<kw name="Set Variable" library="BuiltIn">
<var>${button_danger}</var>
<arg>xpath://button[@class="btn btn-danger"]</arg>
<doc>Returns the given values which can then be assigned to a variables.</doc>
<msg timestamp="20210923 20:32:06.531" level="INFO">${button_danger} = xpath://button[@class="btn btn-danger"]</msg>
<status status="PASS" starttime="20210923 20:32:06.531" endtime="20210923 20:32:06.532"/>
</kw>
<kw name="Wait Until Keyword Succeeds" library="BuiltIn">
<arg>${GLOBAL_RETRY_AMOUNT}</arg>
<arg>${GLOBAL_RETRY_INTERVAL}</arg>
<arg>Wait Until Page Contains Element</arg>
<arg>${button_danger}</arg>
<doc>Runs the specified keyword and retries if it fails.</doc>
<kw name="Wait Until Page Contains Element" library="RPA.Browser.Selenium">
<arg>${button_danger}</arg>
<doc>Waits until the element ``locator`` appears on the current page.</doc>
<status status="PASS" starttime="20210923 20:32:06.533" endtime="20210923 20:32:06.543"/>
</kw>
<status status="PASS" starttime="20210923 20:32:06.532" endtime="20210923 20:32:06.543"/>
</kw>
<kw name="Click Button" library="RPA.Browser.Selenium">
<arg>${button_danger}</arg>
<doc>Clicks the button identified by ``locator``.</doc>
<msg timestamp="20210923 20:32:06.544" level="INFO">Clicking button 'xpath://button[@class="btn btn-danger"]'.</msg>
<status status="PASS" starttime="20210923 20:32:06.543" endtime="20210923 20:32:06.649"/>
</kw>
<status status="PASS" starttime="20210923 20:32:06.530" endtime="20210923 20:32:06.650"/>
</kw>
<kw name="Fill the form">
<arg>${row}</arg>
<kw name="Wait Until Keyword Succeeds" library="BuiltIn">
<arg>${GLOBAL_RETRY_AMOUNT}</arg>
<arg>${GLOBAL_RETRY_INTERVAL}</arg>
<arg>Wait Until Page Contains Element</arg>
<arg>id:address</arg>
<doc>Runs the specified keyword and retries if it fails.</doc>
<kw name="Wait Until Page Contains Element" library="RPA.Browser.Selenium">
<arg>id:address</arg>
<doc>Waits until the element ``locator`` appears on the current page.</doc>
<status status="PASS" starttime="20210923 20:32:06.653" endtime="20210923 20:32:06.670"/>
</kw>
<status status="PASS" starttime="20210923 20:32:06.652" endtime="20210923 20:32:06.671"/>
</kw>
<kw name="Select From List By Value" library="RPA.Browser.Selenium">
<arg>id:head</arg>
<arg>${row}[Head]</arg>
<doc>Selects options from selection list ``locator`` by ``values``.</doc>
<msg timestamp="20210923 20:32:06.674" level="INFO">Selecting options from selection list 'id:head' by value 1.</msg>
<status status="PASS" starttime="20210923 20:32:06.672" endtime="20210923 20:32:06.836"/>
</kw>
<kw name="Click Element" library="RPA.Browser.Selenium">
<arg>id:id-body-${row}[Body]</arg>
<doc>Click the element identified by ``locator``.</doc>
<msg timestamp="20210923 20:32:06.838" level="INFO">Clicking element 'id:id-body-6'.</msg>
<status status="PASS" starttime="20210923 20:32:06.837" endtime="20210923 20:32:06.952"/>
</kw>
<kw name="Set Variable" library="BuiltIn">
[...]
<arg>id:order-another</arg>
<doc>Waits until the element ``locator`` appears on the current page.</doc>
<status status="PASS" starttime="20210923 20:32:29.421" endtime="20210923 20:32:29.438"/>
</kw>
<status status="PASS" starttime="20210923 20:32:29.420" endtime="20210923 20:32:29.438"/>
</kw>
<kw name="Click Button" library="RPA.Browser.Selenium">
<arg>id:order-another</arg>
<doc>Clicks the button identified by ``locator``.</doc>
<msg timestamp="20210923 20:32:29.440" level="INFO">Clicking button 'id:order-another'.</msg>
<status status="PASS" starttime="20210923 20:32:29.439" endtime="20210923 20:32:29.763"/>
</kw>
<status status="PASS" starttime="20210923 20:32:29.419" endtime="20210923 20:32:29.764"/>
</kw>
<status status="PASS" starttime="20210923 20:32:27.884" endtime="20210923 20:32:29.764"/>
</iter>
<iter>
<var name="${row}">{'Order number': '20', 'Head': '1', 'Body': '1', 'Legs': '5', 'Address': 'Address H'}</var>
<kw name="Close the annoying modal">
<kw name="Set Variable" library="BuiltIn">
<var>${button_danger}</var>
<arg>xpath://button[@class="btn btn-danger"]</arg>
<doc>Returns the given values which can then be assigned to a variables.</doc>
<msg timestamp="20210923 20:32:29.768" level="INFO">${button_danger} = xpath://button[@class="btn btn-danger"]</msg>
<status status="PASS" starttime="20210923 20:32:29.767" endtime="20210923 20:32:29.768"/>
</kw>
<kw name="Wait Until Keyword Succeeds" library="BuiltIn">
<arg>${GLOBAL_RETRY_AMOUNT}</arg>
<arg>${GLOBAL_RETRY_INTERVAL}</arg>
<arg>Wait Until Page Contains Element</arg>
<arg>${button_danger}</arg>
<doc>Runs the specified keyword and retries if it fails.</doc>
<kw name="Wait Until Page Contains Element" library="RPA.Browser.Selenium">
<arg>${button_danger}</arg>
<doc>Waits until the element ``locator`` appears on the current page.</doc>
<status status="PASS" starttime="20210923 20:32:29.769" endtime="20210923 20:32:29.781"/>
</kw>
<status status="PASS" starttime="20210923 20:32:29.768" endtime="20210923 20:32:29.781"/>
</kw>
<kw name="Click Button" library="RPA.Browser.Selenium">
<arg>${button_danger}</arg>
<doc>Clicks the button identified by ``locator``.</doc>
<msg timestamp="20210923 20:32:29.782" level="INFO">Clicking button 'xpath://button[@class="btn btn-danger"]'.</msg>
<status status="PASS" starttime="20210923 20:32:29.782" endtime="20210923 20:32:29.871"/>
</kw>
<status status="PASS" starttime="20210923 20:32:29.765" endtime="20210923 20:32:29.872"/>
</kw>
<kw name="Fill the form">
<arg>${row}</arg>
<kw name="Wait Until Keyword Succeeds" library="BuiltIn">
<arg>${GLOBAL_RETRY_AMOUNT}</arg>
<arg>${GLOBAL_RETRY_INTERVAL}</arg>
<arg>Wait Until Page Contains Element</arg>
<arg>id:address</arg>
<doc>Runs the specified keyword and retries if it fails.</doc>
<kw name="Wait Until Page Contains Element" library="RPA.Browser.Selenium">
<arg>id:address</arg>
<doc>Waits until the element ``locator`` appears on the current page.</doc>
<status status="PASS" starttime="20210923 20:32:29.877" endtime="20210923 20:32:29.896"/>
</kw>
<status status="PASS" starttime="20210923 20:32:29.875" endtime="20210923 20:32:29.897"/>
</kw>
<kw name="Select From List By Value" library="RPA.Browser.Selenium">
<arg>id:head</arg>
<arg>${row}[Head]</arg>
<doc>Selects options from selection list ``locator`` by ``values``.</doc>
<msg timestamp="20210923 20:32:29.898" level="INFO">Selecting options from selection list 'id:head' by value 1.</msg>
<status status="PASS" starttime="20210923 20:32:29.897" endtime="20210923 20:32:30.047"/>
</kw>
<kw name="Click Element" library="RPA.Browser.Selenium">
<arg>id:id-body-${row}[Body]</arg>
<doc>Click the element identified by ``locator``.</doc>
<msg timestamp="20210923 20:32:30.049" level="INFO">Clicking element 'id:id-body-1'.</msg>
<status status="PASS" starttime="20210923 20:32:30.048" endtime="20210923 20:32:30.177"/>
</kw>
<kw name="Set Variable" library="BuiltIn">
<var>${select_legs}</var>
<arg>xpath://input[contains(@id,'16')]</arg>
<doc>Returns the given values which can then be assigned to a variables.</doc>
<msg timestamp="20210923 20:32:30.178" level="INFO">${select_legs} = xpath://input[contains(@id,'16')]</msg>
<status status="PASS" starttime="20210923 20:32:30.177" endtime="20210923 20:32:30.178"/>
</kw>
<kw name="Input Text" library="RPA.Browser.Selenium">
<arg>${select_legs}</arg>
<arg>${row}[Legs]</arg>
<doc>Types the given ``text`` into the text field identified by ``locator``.</doc>
<msg timestamp="20210923 20:32:30.180" level="INFO">Typing text '5' into text field 'xpath://input[contains(@id,'16')]'.</msg>
<status status="PASS" starttime="20210923 20:32:30.179" endtime="20210923 20:32:30.306"/>
</kw>
<kw name="Input Text" library="RPA.Browser.Selenium">
<arg>id:address</arg>
<arg>${row}[Address]</arg>
<doc>Types the given ``text`` into the text field identified by ``locator``.</doc>
<msg timestamp="20210923 20:32:30.309" level="INFO">Typing text 'Address H' into text field 'id:address'.</msg>
<status status="PASS" starttime="20210923 20:32:30.307" endtime="20210923 20:32:30.469"/>
</kw>
<status status="PASS" starttime="20210923 20:32:29.873" endtime="20210923 20:32:30.470"/>
</kw>
<kw name="Preview the robot">
<kw name="Wait Until Keyword Succeeds" library="BuiltIn">
<arg>${GLOBAL_RETRY_AMOUNT}</arg>
<arg>${GLOBAL_RETRY_INTERVAL}</arg>
<arg>Wait Until Page Contains Element</arg>
<arg>id:preview</arg>
<doc>Runs the specified keyword and retries if it fails.</doc>
<kw name="Wait Until Page Contains Element" library="RPA.Browser.Selenium">
<arg>id:preview</arg>
<doc>Waits until the element ``locator`` appears on the current page.</doc>
<status status="PASS" starttime="20210923 20:32:30.474" endtime="20210923 20:32:30.493"/>
</kw>
<status status="PASS" starttime="20210923 20:32:30.472" endtime="20210923 20:32:30.494"/>
</kw>
<kw name="Click Button" library="RPA.Browser.Selenium">
<arg>id:preview</arg>
<doc>Clicks the button identified by ``locator``.</doc>
<msg timestamp="20210923 20:32:30.495" level="INFO">Clicking button 'id:preview'.</msg>
<status status="PASS" starttime="20210923 20:32:30.494" endtime="20210923 20:32:30.631"/>
</kw>
<status status="PASS" starttime="20210923 20:32:30.471" endtime="20210923 20:32:30.632"/>
</kw>
<kw name="Submit the order">
<kw name="Wait Until Keyword Succeeds" library="BuiltIn">
<arg>${GLOBAL_RETRY_AMOUNT}</arg>
<arg>${GLOBAL_RETRY_INTERVAL}</arg>
<arg>Wait Until Page Contains Element</arg>
<arg>id:order</arg>
<doc>Runs the specified keyword and retries if it fails.</doc>
<kw name="Wait Until Page Contains Element" library="RPA.Browser.Selenium">
<arg>id:order</arg>
<doc>Waits until the element ``locator`` appears on the current page.</doc>
<status status="PASS" starttime="20210923 20:32:30.636" endtime="20210923 20:32:30.655"/>
</kw>
<status status="PASS" starttime="20210923 20:32:30.634" endtime="20210923 20:32:30.655"/>
</kw>
<for flavor="IN RANGE">
<var>${i}</var>
<value>5</value>
<iter>
<var name="${i}">0</var>
<kw name="Click Button" library="RPA.Browser.Selenium">
<arg>id:order</arg>
<doc>Clicks the button identified by ``locator``.</doc>
<msg timestamp="20210923 20:32:30.660" level="INFO">Clicking button 'id:order'.</msg>
<status status="PASS" starttime="20210923 20:32:30.658" endtime="20210923 20:32:30.794"/>
</kw>
<kw name="Does Page Contain" library="RPA.Browser.Selenium">
<var>${submit_failed}</var>
<arg>Receipt</arg>
<doc>Does page contain expected text</doc>
<msg timestamp="20210923 20:32:30.858" level="INFO" html="true">Ran with keyword &lt;b&gt;Page Should Contain&lt;/b&gt; which returned error: &lt;i&gt;Page should have contained text 'Receipt' but did not.&lt;/i&gt;</msg>
<msg timestamp="20210923 20:32:30.859" level="INFO">${submit_failed} = False</msg>
<status status="PASS" starttime="20210923 20:32:30.795" endtime="20210923 20:32:30.859"/>
</kw>
<kw name="Log" library="BuiltIn">
<arg>${submit_failed}</arg>
<doc>Logs the given message with the given level.</doc>
<msg timestamp="20210923 20:32:30.861" level="INFO">False</msg>
<status status="PASS" starttime="20210923 20:32:30.860" endtime="20210923 20:32:30.861"/>
</kw>
<kw name="Exit For Loop If" library="BuiltIn">
<arg>${submit_failed}</arg>
<doc>Stops executing the enclosing for loop if the ``condition`` is true.</doc>
<status status="PASS" starttime="20210923 20:32:30.862" endtime="20210923 20:32:30.862"/>
</kw>
<status status="PASS" starttime="20210923 20:32:30.657" endtime="20210923 20:32:30.863"/>
</iter>
<iter>
<var name="${i}">1</var>
<kw name="Click Button" library="RPA.Browser.Selenium">
<arg>id:order</arg>
<doc>Clicks the button identified by ``locator``.</doc>
<msg timestamp="20210923 20:32:30.864" level="INFO">Clicking button 'id:order'.</msg>
<status status="PASS" starttime="20210923 20:32:30.864" endtime="20210923 20:32:30.964"/>
</kw>
<kw name="Does Page Contain" library="RPA.Browser.Selenium">
<var>${submit_failed}</var>
<arg>Receipt</arg>
<doc>Does page contain expected text</doc>
<msg timestamp="20210923 20:32:31.016" level="INFO" html="true">Ran with keyword &lt;b&gt;Page Should Contain&lt;/b&gt; which returned error: &lt;i&gt;Page should have contained text 'Receipt' but did not.&lt;/i&gt;</msg>
<msg timestamp="20210923 20:32:31.017" level="INFO">${submit_failed} = False</msg>
<status status="PASS" starttime="20210923 20:32:30.965" endtime="20210923 20:32:31.017"/>
</kw>
<kw name="Log" library="BuiltIn">
<arg>${submit_failed}</arg>
<doc>Logs the given message with the given level.</doc>
<msg timestamp="20210923 20:32:31.019" level="INFO">False</msg>
<status status="PASS" starttime="20210923 20:32:31.018" endtime="20210923 20:32:31.019"/>
</kw>
<kw name="Exit For Loop If" library="BuiltIn">
<arg>${submit_failed}</arg>
<doc>Stops executing the enclosing for loop if the ``condition`` is true.</doc>
<status status="PASS" starttime="20210923 20:32:31.020" endtime="20210923 20:32:31.020"/>
</kw>
<status status="PASS" starttime="20210923 20:32:30.863" endtime="20210923 20:32:31.021"/>
</iter>
<iter>
<var name="${i}">2</var>
<kw name="Click Button" library="RPA.Browser.Selenium">
<arg>id:order</arg>
<doc>Clicks the button identified by ``locator``.</doc>
<msg timestamp="20210923 20:32:31.024" level="INFO">Clicking button 'id:order'.</msg>
<status status="PASS" starttime="20210923 20:32:31.023" endtime="20210923 20:32:31.120"/>
</kw>
<kw name="Does Page Contain" library="RPA.Browser.Selenium">
<var>${submit_failed}</var>
<arg>Receipt</arg>
<doc>Does page contain expected text</doc>
<msg timestamp="20210923 20:32:31.171" level="INFO" html="true">Ran with keyword &lt;b&gt;Page Should Contain&lt;/b&gt; which returned error: &lt;i&gt;Page should have contained text 'Receipt' but did not.&lt;/i&gt;</msg>
<msg timestamp="20210923 20:32:31.171" level="INFO">${submit_failed} = False</msg>
<status status="PASS" starttime="20210923 20:32:31.121" endtime="20210923 20:32:31.171"/>
</kw>
<kw name="Log" library="BuiltIn">
<arg>${submit_failed}</arg>
<doc>Logs the given message with the given level.</doc>
<msg timestamp="20210923 20:32:31.173" level="INFO">False</msg>
<status status="PASS" starttime="20210923 20:32:31.172" endtime="20210923 20:32:31.173"/>
</kw>
<kw name="Exit For Loop If" library="BuiltIn">
<arg>${submit_failed}</arg>
<doc>Stops executing the enclosing for loop if the ``condition`` is true.</doc>
<status status="PASS" starttime="20210923 20:32:31.174" endtime="20210923 20:32:31.175"/>
</kw>
<status status="PASS" starttime="20210923 20:32:31.022" endtime="20210923 20:32:31.175"/>
</iter>
<iter>
<var name="${i}">3</var>
<kw name="Click Button" library="RPA.Browser.Selenium">
<arg>id:order</arg>
<doc>Clicks the button identified by ``locator``.</doc>
<msg timestamp="20210923 20:32:31.177" level="INFO">Clicking button 'id:order'.</msg>
<status status="PASS" starttime="20210923 20:32:31.176" endtime="20210923 20:32:31.283"/>
</kw>
<kw name="Does Page Contain" library="RPA.Browser.Selenium">
<var>${submit_failed}</var>
<arg>Receipt</arg>
<doc>Does page contain expected text</doc>
<msg timestamp="20210923 20:32:31.308" level="INFO">Current page contains text 'Receipt'.</msg>
<msg timestamp="20210923 20:32:31.309" level="INFO">${submit_failed} = True</msg>
<status status="PASS" starttime="20210923 20:32:31.283" endtime="20210923 20:32:31.309"/>
</kw>
<kw name="Log" library="BuiltIn">
<arg>${submit_failed}</arg>
<doc>Logs the given message with the given level.</doc>
<msg timestamp="20210923 20:32:31.311" level="INFO">True</msg>
<status status="PASS" starttime="20210923 20:32:31.310" endtime="20210923 20:32:31.311"/>
</kw>
<kw name="Exit For Loop If" library="BuiltIn">
<arg>${submit_failed}</arg>
<doc>Stops executing the enclosing for loop if the ``condition`` is true.</doc>
<msg timestamp="20210923 20:32:31.312" level="INFO">Exiting for loop altogether.</msg>
<status status="PASS" starttime="20210923 20:32:31.311" endtime="20210923 20:32:31.313"/>
</kw>
<status status="PASS" starttime="20210923 20:32:31.175" endtime="20210923 20:32:31.313"/>
</iter>
<status status="PASS" starttime="20210923 20:32:30.656" endtime="20210923 20:32:31.314"/>
</for>
<status status="PASS" starttime="20210923 20:32:30.632" endtime="20210923 20:32:31.314"/>
</kw>
<kw name="Store the receipt as a PDF file">
<var>${pdf}</var>
<arg>${row}[Order number]</arg>
<kw name="Wait Until Element Is Visible" library="RPA.Browser.Selenium">
<arg>id:order-completion</arg>
<doc>Waits until the element ``locator`` is visible.</doc>
<status status="PASS" starttime="20210923 20:32:31.316" endtime="20210923 20:32:31.357"/>
</kw>
<kw name="Get Element Attribute" library="RPA.Browser.Selenium">
<var>${receipt}</var>
<arg>id:order-completion</arg>
<arg>outerHTML</arg>
<doc>Returns the value of ``attribute`` from the element ``locator``.</doc>
<msg timestamp="20210923 20:32:31.389" level="INFO">${receipt} = &lt;div id="order-completion"&gt;&lt;div id="receipt" class="alert alert-success" role="alert"&gt;&lt;h3&gt;Receipt&lt;/h3&gt;&lt;div&gt;2021-09-23T23:32:31.268Z&lt;/div&gt;&lt;p class="badge badge-success"&gt;RSB-ROBO-ORDER-2V313B9RUO&lt;/p&gt;&lt;p&gt;...</msg>
<status status="PASS" starttime="20210923 20:32:31.357" endtime="20210923 20:32:31.389"/>
</kw>
<kw name="Html To Pdf" library="RPA.PDF">
<arg>${receipt}</arg>
<arg>c:\\GitLocalRepo\\RootRobocorp\\course-level-two-certification\\build-a-robot-level-two${/}output${/}receipts${/}${order_number}.pdf</arg>
<doc>Generate a PDF file from HTML content.</doc>
<msg timestamp="20210923 20:32:31.394" level="INFO">Writing output to file C:\GitLocalRepo\RootRobocorp\course-level-two-certification\build-a-robot-level-two\output\receipts\20.pdf</msg>
<status status="PASS" starttime="20210923 20:32:31.391" endtime="20210923 20:32:31.400"/>
</kw>
<msg timestamp="20210923 20:32:31.401" level="INFO">${pdf} = c:\GitLocalRepo\RootRobocorp\course-level-two-certification\build-a-robot-level-two\output\receipts\20.pdf</msg>
<status status="PASS" starttime="20210923 20:32:31.315" endtime="20210923 20:32:31.401"/>
</kw>
<kw name="Take a screenshot of the robot">
<var>${screenshot}</var>
<arg>${row}[Order number]</arg>
<kw name="Capture Element Screenshot" library="RPA.Browser.Selenium">
<arg>id:robot-preview-image</arg>
<arg>c:\\GitLocalRepo\\RootRobocorp\\course-level-two-certification\\build-a-robot-level-two${/}output${/}receipts${/}${order_number}.png</arg>
<doc>Captures a screenshot from the element identified by ``locator`` and embeds it into log file.</doc>
<msg timestamp="20210923 20:32:31.593" level="INFO" html="true">&lt;/td&gt;&lt;/tr&gt;&lt;tr&gt;&lt;td colspan="3"&gt;&lt;a href="output/receipts/20.png"&gt;&lt;img src="output/receipts/20.png" width="400px"&gt;&lt;/a&gt;</msg>
<status status="PASS" starttime="20210923 20:32:31.403" endtime="20210923 20:32:31.594"/>
</kw>
<msg timestamp="20210923 20:32:31.595" level="INFO">${screenshot} = c:\GitLocalRepo\RootRobocorp\course-level-two-certification\build-a-robot-level-two\output\receipts\20.png</msg>
<status status="PASS" starttime="20210923 20:32:31.402" endtime="20210923 20:32:31.595"/>
</kw>
<kw name="Embed the robot screenshot to the receipt PDF file">
<arg>${row}[Order number]</arg>
<arg>${pdf}</arg>
<arg>${screenshot}</arg>
<kw name="Add Watermark Image To Pdf" library="RPA.PDF">
<arg>source_path=${order_pdf}</arg>
<arg>image_path=${order_screenshot}</arg>
<arg>output_path=c:\\GitLocalRepo\\RootRobocorp\\course-level-two-certification\\build-a-robot-level-two${/}output${/}receipts${/}order-${order_number}.pdf</arg>
<doc>Add image to PDF which can be new or existing PDF.</doc>
<status status="PASS" starttime="20210923 20:32:31.598" endtime="20210923 20:32:31.699"/>
</kw>
<kw name="Close Pdf" library="RPA.PDF">
<arg>${order_pdf}</arg>
<doc>Close PDF file descriptor for certain file.</doc>
<msg timestamp="20210923 20:32:31.701" level="INFO">Closing PDF document: c:\GitLocalRepo\RootRobocorp\course-level-two-certification\build-a-robot-level-two\output\receipts\20.pdf</msg>
<status status="PASS" starttime="20210923 20:32:31.700" endtime="20210923 20:32:31.701"/>
</kw>
<kw name="Remove File" library="RPA.FileSystem">
<arg>${order_pdf}</arg>
<doc>Removes the given file.</doc>
<status status="PASS" starttime="20210923 20:32:31.701" endtime="20210923 20:32:31.702"/>
</kw>
<kw name="Remove File" library="RPA.FileSystem">
<arg>${order_screenshot}</arg>
<doc>Removes the given file.</doc>
<status status="PASS" starttime="20210923 20:32:31.703" endtime="20210923 20:32:31.704"/>
</kw>
<status status="PASS" starttime="20210923 20:32:31.596" endtime="20210923 20:32:31.705"/>
</kw>
<kw name="Go to order another robot">
<kw name="Wait Until Keyword Succeeds" library="BuiltIn">
<arg>5x</arg>
<arg>1s</arg>
<arg>Wait Until Page Contains Element</arg>
<arg>id:order-another</arg>
<doc>Runs the specified keyword and retries if it fails.</doc>
<kw name="Wait Until Page Contains Element" library="RPA.Browser.Selenium">
<arg>id:order-another</arg>
<doc>Waits until the element ``locator`` appears on the current page.</doc>
<status status="PASS" starttime="20210923 20:32:31.707" endtime="20210923 20:32:31.718"/>
</kw>
<status status="PASS" starttime="20210923 20:32:31.706" endtime="20210923 20:32:31.719"/>
</kw>
<kw name="Click Button" library="RPA.Browser.Selenium">
<arg>id:order-another</arg>
<doc>Clicks the button identified by ``locator``.</doc>
<msg timestamp="20210923 20:32:31.720" level="INFO">Clicking button 'id:order-another'.</msg>
<status status="PASS" starttime="20210923 20:32:31.719" endtime="20210923 20:32:32.059"/>
</kw>
<status status="PASS" starttime="20210923 20:32:31.705" endtime="20210923 20:32:32.060"/>
</kw>
<status status="PASS" starttime="20210923 20:32:29.765" endtime="20210923 20:32:32.061"/>
</iter>
<status status="PASS" starttime="20210923 20:31:59.277" endtime="20210923 20:32:32.061"/>
</for>
<kw name="Create a ZIP file of the receipts">
<kw name="Archive Folder With Zip" library="RPA.Archive">
<arg>c:\\GitLocalRepo\\RootRobocorp\\course-level-two-certification\\build-a-robot-level-two${/}output${/}receipts${/}</arg>
<arg>output${/}receipts.zip</arg>
<doc>Create a zip archive of a folder</doc>
<status status="PASS" starttime="20210923 20:32:32.063" endtime="20210923 20:32:32.289"/>
</kw>
<status status="PASS" starttime="20210923 20:32:32.062" endtime="20210923 20:32:32.289"/>
</kw>
<status status="PASS" starttime="20210923 20:31:41.423" endtime="20210923 20:32:32.290"/>
</test>
<doc>Orders robots from RobotSpareBin Industries Inc.
Saves the order HTML receipt as a PDF file.
Saves the screenshot of the ordered robot.
Embeds the screenshot of the robot to the PDF receipt.
Creates ZIP archive of the receipts and the images.</doc>
<status status="PASS" starttime="20210923 20:31:39.985" endtime="20210923 20:32:32.291"/>
</suite>
<statistics>
<total>
<stat pass="1" fail="0" skip="0">All Tasks</stat>
</total>
<tag>
</tag>
<suite>
<stat pass="1" fail="0" skip="0" id="s1" name="Tasks">Tasks</stat>
</suite>
</statistics>
<errors>
</errors>
</robot>
