<?xml version="1.0" encoding="UTF-8"?>
<robot generator="Robot 4.1.1 (Python 3.7.5 on win32)" generated="20210924 19:52:07.388" rpa="true" schemaversion="2">
<suite id="s1" name="Tasks" source="c:\GitLocalRepo\RootRobocorp\course-level-two-certification\build-a-robot-level-two\tasks.robot">
<test id="s1-t1" name="Order robots from RobotSpareBin Industries Inc">
<kw name="Collect orders url from user">
<var>${orders_fileurl}</var>
<kw name="Add text input" library="RPA.Dialogs">
<arg>csvfileurl</arg>
<tag>input</tag>
<doc>Add a text input element</doc>
<status status="PASS" starttime="20210924 19:52:08.924" endtime="20210924 19:52:08.924"/>
</kw>
<kw name="Add text" library="RPA.Dialogs">
<arg>If yo don't know the url, use the link below this line:</arg>
<doc>Add a text paragraph element, for larger bodies of text</doc>
<status status="PASS" starttime="20210924 19:52:08.924" endtime="20210924 19:52:08.924"/>
</kw>
<kw name="Add link" library="RPA.Dialogs">
<arg>${ROBOT_ORDERS_FILE}</arg>
<doc>Add an external URL link element</doc>
<status status="PASS" starttime="20210924 19:52:08.924" endtime="20210924 19:52:08.925"/>
</kw>
<kw name="Run dialog" library="RPA.Dialogs">
<var>${response}</var>
<arg>title=Insert url</arg>
<arg>height=300</arg>
<tag>dialog</tag>
<doc>Create a dialog from all the defined elements and block
until the user has handled it.</doc>
<msg timestamp="20210924 19:52:08.925" level="INFO">Protecting keyword: RPA.Dialogs.Run dialog</msg>
<msg timestamp="20210924 19:52:19.224" level="INFO">Log level changed from NONE to INFO.</msg>
<status status="PASS" starttime="20210924 19:52:08.925" endtime="20210924 19:52:19.223"/>
</kw>
<msg timestamp="20210924 19:52:19.225" level="INFO">${orders_fileurl} = https://robotsparebinindustries.com/orders.csv</msg>
<status status="PASS" starttime="20210924 19:52:08.923" endtime="20210924 19:52:19.225"/>
</kw>
<kw name="Open the robot order website">
<kw name="Get Secret" library="RPA.Robocorp.Vault">
<var>${robots_order_site}</var>
<arg>website</arg>
<doc>Read a secret from the configured source, e.g. Robocorp Vault,
and return it as a ``Secret`` object.</doc>
<msg timestamp="20210924 19:52:19.227" level="INFO">Protecting keyword: RPA.Robocorp.Vault.Get Secret</msg>
<msg timestamp="20210924 19:52:19.228" level="INFO">Log level changed from NONE to INFO.</msg>
<status status="PASS" starttime="20210924 19:52:19.226" endtime="20210924 19:52:19.228"/>
</kw>
<kw name="Open Available Browser" library="RPA.Browser.Selenium">
<arg>${robots_order_site}[url]</arg>
<doc>Attempts to open a browser on the user's device from a set of
supported browsers. Automatically downloads a corresponding webdriver
if none is already installed.</doc>
<msg timestamp="20210924 19:52:19.229" level="INFO">Creating an instance of the Chrome WebDriver.</msg>
<msg timestamp="20210924 19:52:19.248" level="INFO">Created download root directory: C:\Users\JuanPabloMartinezOnt\AppData\Local\robocorp\webdrivers</msg>
<msg timestamp="20210924 19:52:19.249" level="INFO">Created symlink directory: C:\Users\JuanPabloMartinezOnt\AppData\Local\robocorp\webdrivers</msg>
<msg timestamp="20210924 19:52:19.249" level="INFO">Creating an instance of the Chrome WebDriver.</msg>
<msg timestamp="20210924 19:52:20.663" level="INFO">Created Chrome browser with arguments: --disable-dev-shm-usage --disable-web-security --allow-running-insecure-content --no-sandbox</msg>
<msg timestamp="20210924 19:52:20.664" level="INFO" html="true">&lt;p&gt;Attempted combinations:&lt;/p&gt;&lt;div class="doc"&gt;&lt;table&gt;&lt;tr&gt;&lt;th&gt;Browser&lt;/th&gt;&lt;th&gt;Download&lt;/th&gt;&lt;th&gt;Error&lt;/th&gt;&lt;/tr&gt;&lt;tr&gt;&lt;td&gt;Chrome&lt;/td&gt;&lt;td&gt;False&lt;/td&gt;&lt;td&gt;Message: 'chromedriver' executable needs to be in PATH. Please see https://sites.google.com/a/chromium.org/chromedriver/home
&lt;/td&gt;&lt;/tr&gt;&lt;tr&gt;&lt;td&gt;Chrome&lt;/td&gt;&lt;td&gt;True&lt;/td&gt;&lt;td&gt;&lt;/td&gt;&lt;/tr&gt;&lt;/table&gt;&lt;/div&gt;</msg>
<msg timestamp="20210924 19:52:20.664" level="INFO">Opening url 'https://robotsparebinindustries.com/#/robot-order'</msg>
<status status="PASS" starttime="20210924 19:52:19.229" endtime="20210924 19:52:23.260"/>
</kw>
<status status="PASS" starttime="20210924 19:52:19.226" endtime="20210924 19:52:23.261"/>
</kw>
<kw name="Get orders data">
<var>${orders}</var>
<arg>${orders_fileurl}</arg>
<kw name="Download" library="RPA.HTTP">
<arg>${orders_fileurl}</arg>
<arg>target_file=c:\\GitLocalRepo\\RootRobocorp\\course-level-two-certification\\build-a-robot-level-two${/}input${/}new_orders.csv</arg>
<arg>overwrite=True</arg>
<doc>An alias for the ``HTTP Get`` keyword.</doc>
<msg timestamp="20210924 19:52:23.264" level="INFO">Creating a new HTTP session</msg>
<msg timestamp="20210924 19:52:23.264" level="INFO">Creating Session using : alias=rpasession_alias.httpsrobotsparebinindustries.com, url=https://robotsparebinindustries.com, headers={},                     cookies={}, auth=None, timeout=None, proxies=None, verify=True,                     debug=0 </msg>
<msg timestamp="20210924 19:52:23.808" level="INFO">GET Request : url=https://robotsparebinindustries.com/orders.csv 
 path_url=/orders.csv 
 headers={'User-Agent': 'python-requests/2.26.0', 'Accept-Encoding': 'gzip, deflate', 'Accept': '*/*', 'Connection': 'keep-alive'} 
 body=None 
 </msg>
<msg timestamp="20210924 19:52:23.809" level="INFO">GET Response : url=https://robotsparebinindustries.com/orders.csv 
 status=200, reason=OK 
 headers={'Connection': 'keep-alive', 'Content-Length': '199', 'Server': 'GitHub.com', 'Content-Type': 'text/csv; charset=utf-8', 'Strict-Transport-Security': 'max-age=31556952', 'Last-Modified': 'Fri, 13 Aug 2021 11:27:04 GMT', 'Access-Control-Allow-Origin': '*', 'ETag': 'W/"61165708-19c"', 'expires': 'Fri, 24 Sep 2021 21:49:27 GMT', 'Cache-Control': 'max-age=600', 'Content-Encoding': 'gzip', 'x-proxy-cache': 'MISS', 'X-GitHub-Request-Id': '4B94:68F6:65FCBD:6F8944:614E458F', 'Accept-Ranges': 'bytes', 'Date': 'Fri, 24 Sep 2021 22:52:23 GMT', 'Via': '1.1 varnish', 'Age': '0', 'X-Served-By': 'cache-cwb20520-CWB', 'X-Cache': 'HIT', 'X-Cache-Hits': '1', 'X-Timer': 'S1632523944.785438,VS0,VE139', 'Vary': 'Accept-Encoding', 'X-Fastly-Request-ID': '586dccc0e61a567bd4d9aa6ee7510fe6d8c6ce54'} 
 body=Order number,Head,Body,Legs,Address
1,1,2,3,Address 123
2,4,1,5,Address 456
3,6,2,3,Address 789
4,2,3,2,Address 1
5,3,5,1,Address 2
6,1,6,6,Address 3
7,5,1,5,Address 4
8,2,3,3,Address 5
9,3,2,2,Address 6
10,4,4,2,Address 7
11,6,6,1,Address 8
12,1,3,3,Address 9
13,1,5,4,Address A
14,3,1,5,Address B
15,3,2,6,Address C
16,6,3,6,Address D
17,5,4,1,Address E
18,2,5,1,Address F
19,4,6,2,Address G
20,1,1,5,Address H 
 </msg>
<status status="PASS" starttime="20210924 19:52:23.262" endtime="20210924 19:52:23.811"/>
</kw>
<kw name="Read table from CSV" library="RPA.Tables">
<var>${data}</var>
<arg>c:\\GitLocalRepo\\RootRobocorp\\course-level-two-certification\\build-a-robot-level-two${/}input${/}new_orders.csv</arg>
<doc>Read a CSV file as a table.</doc>
<msg timestamp="20210924 19:52:23.842" level="INFO">${data} = Table(columns=['Order number', 'Head', 'Body', 'Legs', 'Address'], rows=20)</msg>
<status status="PASS" starttime="20210924 19:52:23.812" endtime="20210924 19:52:23.842"/>
</kw>
<kw name="Log" library="BuiltIn">
<arg>Found columns: ${data.columns}</arg>
<doc>Logs the given message with the given level.</doc>
<msg timestamp="20210924 19:52:23.845" level="INFO">Found columns: ['Order number', 'Head', 'Body', 'Legs', 'Address']</msg>
<status status="PASS" starttime="20210924 19:52:23.843" endtime="20210924 19:52:23.845"/>
</kw>
<msg timestamp="20210924 19:52:23.846" level="INFO">${orders} = Table(columns=['Order number', 'Head', 'Body', 'Legs', 'Address'], rows=20)</msg>
<status status="PASS" starttime="20210924 19:52:23.261" endtime="20210924 19:52:23.846"/>
</kw>
<for flavor="IN">
<var>${row}</var>
<value>@{orders}</value>
<iter>
<var name="${row}">{'Order number': '1', 'Head': '1', 'Body': '2', 'Legs': '3', 'Address': 'Address 123'}</var>
<kw name="Close the annoying modal">
<kw name="Set Variable" library="BuiltIn">
<var>${button_danger}</var>
<arg>xpath://button[@class="btn btn-danger"]</arg>
<doc>Returns the given values which can then be assigned to a variables.</doc>
<msg timestamp="20210924 19:52:23.850" level="INFO">${button_danger} = xpath://button[@class="btn btn-danger"]</msg>
<status status="PASS" starttime="20210924 19:52:23.849" endtime="20210924 19:52:23.850"/>
</kw>
<kw name="Wait Until Keyword Succeeds" library="BuiltIn">
<arg>${GLOBAL_RETRY_AMOUNT}</arg>
<arg>${GLOBAL_RETRY_INTERVAL}</arg>
<arg>Wait Until Page Contains Element</arg>
<arg>${button_danger}</arg>
<doc>Runs the specified keyword and retries if it fails.</doc>
<kw name="Wait Until Page Contains Element" library="RPA.Browser.Selenium">
<arg>${button_danger}</arg>
<doc>Waits until the element ``locator`` appears on the current page.</doc>
<status status="PASS" starttime="20210924 19:52:23.852" endtime="20210924 19:52:23.874"/>
</kw>
<status status="PASS" starttime="20210924 19:52:23.851" endtime="20210924 19:52:23.874"/>
</kw>
<kw name="Click Button" library="RPA.Browser.Selenium">
<arg>${button_danger}</arg>
<doc>Clicks the button identified by ``locator``.</doc>
<msg timestamp="20210924 19:52:23.875" level="INFO">Clicking button 'xpath://button[@class="btn btn-danger"]'.</msg>
<status status="PASS" starttime="20210924 19:52:23.874" endtime="20210924 19:52:23.968"/>
</kw>
<status status="PASS" starttime="20210924 19:52:23.849" endtime="20210924 19:52:23.969"/>
</kw>
<kw name="Fill the form">
<arg>${row}</arg>
<kw name="Wait Until Keyword Succeeds" library="BuiltIn">
<arg>${GLOBAL_RETRY_AMOUNT}</arg>
<arg>${GLOBAL_RETRY_INTERVAL}</arg>
<arg>Wait Until Page Contains Element</arg>
<arg>id:address</arg>
<doc>Runs the specified keyword and retries if it fails.</doc>
<kw name="Wait Until Page Contains Element" library="RPA.Browser.Selenium">
<arg>id:address</arg>
<doc>Waits until the element ``locator`` appears on the current page.</doc>
<status status="PASS" starttime="20210924 19:52:23.971" endtime="20210924 19:52:23.996"/>
</kw>
<status status="PASS" starttime="20210924 19:52:23.970" endtime="20210924 19:52:23.997"/>
</kw>
<kw name="Select From List By Value" library="RPA.Browser.Selenium">
<arg>id:head</arg>
<arg>${row}[Head]</arg>
<doc>Selects options from selection list ``locator`` by ``values``.</doc>
<msg timestamp="20210924 19:52:23.999" level="INFO">Selecting options from selection list 'id:head' by value 1.</msg>
<status status="PASS" starttime="20210924 19:52:23.997" endtime="20210924 19:52:24.161"/>
</kw>
<kw name="Click Element" library="RPA.Browser.Selenium">
<arg>id:id-body-${row}[Body]</arg>
<doc>Click the element identified by ``locator``.</doc>
<msg timestamp="20210924 19:52:24.163" level="INFO">Clicking element 'id:id-body-2'.</msg>
<status status="PASS" starttime="20210924 19:52:24.162" endtime="20210924 19:52:24.286"/>
</kw>
<kw name="Set Variable" library="BuiltIn">
<var>${input_legs}</var>
<arg>xpath://input[contains(@id,'16')]</arg>
<doc>Returns the given values which can then be assigned to a variables.</doc>
<msg timestamp="20210924 19:52:24.288" level="INFO">${input_legs} = xpath://input[contains(@id,'16')]</msg>
<status status="PASS" starttime="20210924 19:52:24.287" endtime="20210924 19:52:24.288"/>
</kw>
<kw name="Input Text" library="RPA.Browser.Selenium">
<arg>${input_legs}</arg>
<arg>${row}[Legs]</arg>
<doc>Types the given ``text`` into the text field identified by ``locator``.</doc>
<msg timestamp="20210924 19:52:24.290" level="INFO">Typing text '3' into text field 'xpath://input[contains(@id,'16')]'.</msg>
<status status="PASS" starttime="20210924 19:52:24.289" endtime="20210924 19:52:24.444"/>
</kw>
<kw name="Input Text" library="RPA.Browser.Selenium">
<arg>id:address</arg>
<arg>${row}[Address]</arg>
<doc>Types the given ``text`` into the text field identified by ``locator``.</doc>
<msg timestamp="20210924 19:52:24.445" level="INFO">Typing text 'Address 123' into text field 'id:address'.</msg>
<status status="PASS" starttime="20210924 19:52:24.444" endtime="20210924 19:52:24.556"/>
</kw>
<status status="PASS" starttime="20210924 19:52:23.969" endtime="20210924 19:52:24.556"/>
</kw>
<kw name="Preview the robot">
<kw name="Wait Until Keyword Succeeds" library="BuiltIn">
<arg>${GLOBAL_RETRY_AMOUNT}</arg>
<arg>${GLOBAL_RETRY_INTERVAL}</arg>
<arg>Wait Until Page Contains Element</arg>
<arg>id:preview</arg>
<doc>Runs the specified keyword and retries if it fails.</doc>
<kw name="Wait Until Page Contains Element" library="RPA.Browser.Selenium">
<arg>id:preview</arg>
<doc>Waits until the element ``locator`` appears on the current page.</doc>
<status status="PASS" starttime="20210924 19:52:24.558" endtime="20210924 19:52:24.570"/>
</kw>
<status status="PASS" starttime="20210924 19:52:24.557" endtime="20210924 19:52:24.571"/>
</kw>
<kw name="Click Button" library="RPA.Browser.Selenium">
<arg>id:preview</arg>
<doc>Clicks the button identified by ``locator``.</doc>
<msg timestamp="20210924 19:52:24.571" level="INFO">Clicking button 'id:preview'.</msg>
<status status="PASS" starttime="20210924 19:52:24.571" endtime="20210924 19:52:24.657"/>
</kw>
<status status="PASS" starttime="20210924 19:52:24.556" endtime="20210924 19:52:24.657"/>
</kw>
<kw name="Take a screenshot of the robot">
<var>${screenshot}</var>
<arg>${row}[Order number]</arg>
<kw name="Wait Until Element Is Visible" library="RPA.Browser.Selenium">
<arg>id:robot-preview-image</arg>
<doc>Waits until the element ``locator`` is visible.</doc>
<status status="PASS" starttime="20210924 19:52:24.659" endtime="20210924 19:52:24.693"/>
</kw>
<kw name="Set Variable" library="BuiltIn">
<var>${img_head}</var>
<arg>xpath://img[contains(@alt,'Head')]</arg>
<doc>Returns the given values which can then be assigned to a variables.</doc>
<msg timestamp="20210924 19:52:24.694" level="INFO">${img_head} = xpath://img[contains(@alt,'Head')]</msg>
<status status="PASS" starttime="20210924 19:52:24.693" endtime="20210924 19:52:24.694"/>
</kw>
<kw name="Wait Until Element Is Visible" library="RPA.Browser.Selenium">
<arg>${img_head}</arg>
<doc>Waits until the element ``locator`` is visible.</doc>
<status status="PASS" starttime="20210924 19:52:24.694" endtime="20210924 19:52:24.971"/>
</kw>
<kw name="Set Variable" library="BuiltIn">
<var>${img_body}</var>
<arg>xpath://img[contains(@alt,'Body')]</arg>
<doc>Returns the given values which can then be assigned to a variables.</doc>
<msg timestamp="20210924 19:52:24.973" level="INFO">${img_body} = xpath://img[contains(@alt,'Body')]</msg>
<status status="PASS" starttime="20210924 19:52:24.972" endtime="20210924 19:52:24.973"/>
</kw>
<kw name="Wait Until Element Is Visible" library="RPA.Browser.Selenium">
<arg>${img_body}</arg>
<doc>Waits until the element ``locator`` is visible.</doc>
<status status="PASS" starttime="20210924 19:52:24.973" endtime="20210924 19:52:25.022"/>
</kw>
<kw name="Set Variable" library="BuiltIn">
<var>${img_legs}</var>
<arg>xpath://img[contains(@alt,'Legs')]</arg>
<doc>Returns the given values which can then be assigned to a variables.</doc>
<msg timestamp="20210924 19:52:25.024" level="INFO">${img_legs} = xpath://img[contains(@alt,'Legs')]</msg>
<status status="PASS" starttime="20210924 19:52:25.023" endtime="20210924 19:52:25.024"/>
</kw>
<kw name="Wait Until Element Is Visible" library="RPA.Browser.Selenium">
<arg>${img_legs}</arg>
<doc>Waits until the element ``locator`` is visible.</doc>
<status status="PASS" starttime="20210924 19:52:25.025" endtime="20210924 19:52:25.072"/>
</kw>
<kw name="Capture Element Screenshot" library="RPA.Browser.Selenium">
<arg>id:robot-preview-image</arg>
<arg>c:\\GitLocalRepo\\RootRobocorp\\course-level-two-certification\\build-a-robot-level-two${/}output${/}receipts${/}${order_number}.png</arg>
<doc>Captures a screenshot from the element identified by ``locator`` and embeds it into log file.</doc>
<msg timestamp="20210924 19:52:25.383" level="INFO" html="true">&lt;/td&gt;&lt;/tr&gt;&lt;tr&gt;&lt;td colspan="3"&gt;&lt;a href="output/receipts/1.png"&gt;&lt;img src="output/receipts/1.png" width="400px"&gt;&lt;/a&gt;</msg>
<status status="PASS" starttime="20210924 19:52:25.073" endtime="20210924 19:52:25.384"/>
</kw>
<msg timestamp="20210924 19:52:25.385" level="INFO">${screenshot} = c:\GitLocalRepo\RootRobocorp\course-level-two-certification\build-a-robot-level-two\output\receipts\1.png</msg>
<status status="PASS" starttime="20210924 19:52:24.658" endtime="20210924 19:52:25.385"/>
</kw>
<kw name="Submit the order">
<kw name="Wait Until Keyword Succeeds" library="BuiltIn">
<arg>${GLOBAL_RETRY_AMOUNT}</arg>
<arg>${GLOBAL_RETRY_INTERVAL}</arg>
<arg>Wait Until Page Contains Element</arg>
<arg>id:order</arg>
<doc>Runs the specified keyword and retries if it fails.</doc>
<kw name="Wait Until Page Contains Element" library="RPA.Browser.Selenium">
<arg>id:order</arg>
<doc>Waits until the element ``locator`` appears on the current page.</doc>
<status status="PASS" starttime="20210924 19:52:25.388" endtime="20210924 19:52:25.400"/>
</kw>
<status status="PASS" starttime="20210924 19:52:25.387" endtime="20210924 19:52:25.401"/>
</kw>
<for flavor="IN RANGE">
<var>${i}</var>
<value>5</value>
<iter>
<var name="${i}">0</var>
<kw name="Click Button" library="RPA.Browser.Selenium">
<arg>id:order</arg>
<doc>Clicks the button identified by ``locator``.</doc>
<msg timestamp="20210924 19:52:25.402" level="INFO">Clicking button 'id:order'.</msg>
<status status="PASS" starttime="20210924 19:52:25.402" endtime="20210924 19:52:25.477"/>
</kw>
<kw name="Does Page Contain" library="RPA.Browser.Selenium">
<var>${submit_Ok}</var>
<arg>Receipt</arg>
<doc>Does page contain expected text</doc>
<msg timestamp="20210924 19:52:25.496" level="INFO">Current page contains text 'Receipt'.</msg>
<msg timestamp="20210924 19:52:25.496" level="INFO">${submit_Ok} = True</msg>
<status status="PASS" starttime="20210924 19:52:25.478" endtime="20210924 19:52:25.496"/>
</kw>
<kw name="Exit For Loop If" library="BuiltIn">
<arg>${submit_Ok}</arg>
<doc>Stops executing the enclosing for loop if the ``condition`` is true.</doc>
<msg timestamp="20210924 19:52:25.497" level="INFO">Exiting for loop altogether.</msg>
<status status="PASS" starttime="20210924 19:52:25.496" endtime="20210924 19:52:25.498"/>
</kw>
<status status="PASS" starttime="20210924 19:52:25.402" endtime="20210924 19:52:25.498"/>
</iter>
<status status="PASS" starttime="20210924 19:52:25.401" endtime="20210924 19:52:25.498"/>
</for>
<status status="PASS" starttime="20210924 19:52:25.386" endtime="20210924 19:52:25.498"/>
</kw>
<kw name="Store the receipt as a PDF file">
<var>${pdf}</var>
<arg>${row}[Order number]</arg>
<kw name="Wait Until Element Is Visible" library="RPA.Browser.Selenium">
<arg>id:order-completion</arg>
<doc>Waits until the element ``locator`` is visible.</doc>
<status status="PASS" starttime="20210924 19:52:25.499" endtime="20210924 19:52:25.522"/>
</kw>
<kw name="Get Element Attribute" library="RPA.Browser.Selenium">
<var>${receipt}</var>
<arg>id:order-completion</arg>
<arg>outerHTML</arg>
<doc>Returns the value of ``attribute`` from the element ``locator``.</doc>
<msg timestamp="20210924 19:52:25.540" level="INFO">${receipt} = &lt;div id="order-completion"&gt;&lt;div id="receipt" class="alert alert-success" role="alert"&gt;&lt;h3&gt;Receipt&lt;/h3&gt;&lt;div&gt;2021-09-24T22:52:25.465Z&lt;/div&gt;&lt;p class="badge badge-success"&gt;RSB-ROBO-ORDER-ZBLUKJ5M8Q&lt;/p&gt;&lt;p&gt;...</msg>
<status status="PASS" starttime="20210924 19:52:25.522" endtime="20210924 19:52:25.540"/>
</kw>
<kw name="Html To Pdf" library="RPA.PDF">
<arg>${receipt}</arg>
<arg>c:\\GitLocalRepo\\RootRobocorp\\course-level-two-certification\\build-a-robot-level-two${/}output${/}receipts${/}${order_number}.pdf</arg>
<doc>Generate a PDF file from HTML content.</doc>
<msg timestamp="20210924 19:52:25.542" level="INFO">Writing output to file C:\GitLocalRepo\RootRobocorp\course-level-two-certification\build-a-robot-level-two\output\receipts\1.pdf</msg>
<status status="PASS" starttime="20210924 19:52:25.540" endtime="20210924 19:52:25.545"/>
</kw>
<msg timestamp="20210924 19:52:25.546" level="INFO">${pdf} = c:\GitLocalRepo\RootRobocorp\course-level-two-certification\build-a-robot-level-two\output\receipts\1.pdf</msg>
<status status="PASS" starttime="20210924 19:52:25.498" endtime="20210924 19:52:25.546"/>
</kw>
<kw name="Embed the robot screenshot to the receipt PDF file">
<arg>${row}[Order number]</arg>
<arg>${pdf}</arg>
<arg>${screenshot}</arg>
<kw name="Create List" library="BuiltIn">
<var>${files}</var>
<arg>${order_pdf}</arg>
<arg>${order_screenshot}:align=center</arg>
<doc>Returns a list containing given items.</doc>
<msg timestamp="20210924 19:52:25.547" level="INFO">${files} = ['c:\\GitLocalRepo\\RootRobocorp\\course-level-two-certification\\build-a-robot-level-two\\output\\receipts\\1.pdf', 'c:\\GitLocalRepo\\RootRobocorp\\course-level-two-certification\\build-a-robot-leve...</msg>
<status status="PASS" starttime="20210924 19:52:25.547" endtime="20210924 19:52:25.547"/>
</kw>
<kw name="Add Files To Pdf" library="RPA.PDF">
<arg>${files}</arg>
<arg>c:\\GitLocalRepo\\RootRobocorp\\course-level-two-certification\\build-a-robot-level-two${/}output${/}receipts${/}order_a-1.pdf</arg>
<doc>Add images and/or pdfs to new PDF document</doc>
<msg timestamp="20210924 19:52:25.557" level="INFO">File c:\GitLocalRepo\RootRobocorp\course-level-two-certification\build-a-robot-level-two\output\receipts\1.pdf type: None</msg>
<msg timestamp="20210924 19:52:25.564" level="INFO">File c:\GitLocalRepo\RootRobocorp\course-level-two-certification\build-a-robot-level-two\output\receipts\1.png type: png</msg>
<msg timestamp="20210924 19:52:25.564" level="INFO">Image parameters: {'align': 'center'}</msg>
<status status="PASS" starttime="20210924 19:52:25.547" endtime="20210924 19:52:25.674"/>
</kw>
<kw name="Log" library="BuiltIn">
<arg>${files}</arg>
<doc>Logs the given message with the given level.</doc>
<msg timestamp="20210924 19:52:25.675" level="INFO">['c:\\GitLocalRepo\\RootRobocorp\\course-level-two-certification\\build-a-robot-level-two\\output\\receipts\\1.pdf', 'c:\\GitLocalRepo\\RootRobocorp\\course-level-two-certification\\build-a-robot-level-two\\output\\receipts\\1.png:align=center']</msg>
<status status="PASS" starttime="20210924 19:52:25.674" endtime="20210924 19:52:25.675"/>
</kw>
<kw name="Add Watermark Image To Pdf" library="RPA.PDF">
<arg>source_path=${order_pdf}</arg>
<arg>image_path=${order_screenshot}</arg>
<arg>output_path=c:\\GitLocalRepo\\RootRobocorp\\course-level-two-certification\\build-a-robot-level-two${/}output${/}receipts${/}order_w-${order_number}.pdf</arg>
<doc>Add image to PDF which can be new or existing PDF.</doc>
<status status="PASS" starttime="20210924 19:52:25.675" endtime="20210924 19:52:25.727"/>
</kw>
<kw name="Close Pdf" library="RPA.PDF">
<arg>${order_pdf}</arg>
<doc>Close PDF file descriptor for certain file.</doc>
<msg timestamp="20210924 19:52:25.728" level="INFO">Closing PDF document: c:\GitLocalRepo\RootRobocorp\course-level-two-certification\build-a-robot-level-two\output\receipts\1.pdf</msg>
<status status="PASS" starttime="20210924 19:52:25.727" endtime="20210924 19:52:25.728"/>
</kw>
<kw name="Remove File" library="RPA.FileSystem">
<arg>${order_pdf}</arg>
<doc>Removes the given file.</doc>
<status status="PASS" starttime="20210924 19:52:25.728" endtime="20210924 19:52:25.730"/>
</kw>
<status status="PASS" starttime="20210924 19:52:25.546" endtime="20210924 19:52:25.730"/>
</kw>
<kw name="Go to order another robot">
<kw name="Wait Until Keyword Succeeds" library="BuiltIn">
<arg>${GLOBAL_RETRY_AMOUNT}</arg>
<arg>${GLOBAL_RETRY_INTERVAL}</arg>
<arg>Wait Until Page Contains Element</arg>
<arg>id:order-another</arg>
<doc>Runs the specified keyword and retries if it fails.</doc>
<kw name="Wait Until Page Contains Element" library="RPA.Browser.Selenium">
<arg>id:order-another</arg>
<doc>Waits until the element ``locator`` appears on the current page.</doc>
<status status="PASS" starttime="20210924 19:52:25.732" endtime="20210924 19:52:25.748"/>
</kw>
<status status="PASS" starttime="20210924 19:52:25.731" endtime="20210924 19:52:25.748"/>
</kw>
<kw name="Click Button" library="RPA.Browser.Selenium">
<arg>id:order-another</arg>
<doc>Clicks the button identified by ``locator``.</doc>
<msg timestamp="20210924 19:52:25.749" level="INFO">Clicking button 'id:order-another'.</msg>
<status status="PASS" starttime="20210924 19:52:25.748" endtime="20210924 19:52:25.969"/>
</kw>
<status status="PASS" starttime="20210924 19:52:25.730" endtime="20210924 19:52:25.969"/>
</kw>
<status status="PASS" starttime="20210924 19:52:23.848" endtime="20210924 19:52:25.970"/>
</iter>
<iter>
<var name="${row}">{'Order number': '2', 'Head': '4', 'Body': '1', 'Legs': '5', 'Address': 'Address 456'}</var>
<kw name="Close the annoying modal">
<kw name="Set Variable" library="BuiltIn">
<var>${button_danger}</var>
<arg>xpath://button[@class="btn btn-danger"]</arg>
<doc>Returns the given values which can then be assigned to a variables.</doc>
<msg timestamp="20210924 19:52:25.972" level="INFO">${button_danger} = xpath://button[@class="btn btn-danger"]</msg>
<status status="PASS" starttime="20210924 19:52:25.971" endtime="20210924 19:52:25.972"/>
</kw>
<kw name="Wait Until Keyword Succeeds" library="BuiltIn">
<arg>${GLOBAL_RETRY_AMOUNT}</arg>
<arg>${GLOBAL_RETRY_INTERVAL}</arg>
<arg>Wait Until Page Contains Element</arg>
<arg>${button_danger}</arg>
<doc>Runs the specified keyword and retries if it fails.</doc>
<kw name="Wait Until Page Contains Element" library="RPA.Browser.Selenium">
<arg>${button_danger}</arg>
<doc>Waits until the element ``locator`` appears on the current page.</doc>
<status status="PASS" starttime="20210924 19:52:25.974" endtime="20210924 19:52:25.984"/>
</kw>
<status status="PASS" starttime="20210924 19:52:25.973" endtime="20210924 19:52:25.984"/>
</kw>
<kw name="Click Button" library="RPA.Browser.Selenium">
<arg>${button_danger}</arg>
<doc>Clicks the button identified by ``locator``.</doc>
<msg timestamp="20210924 19:52:25.985" level="INFO">Clicking button 'xpath://button[@class="btn btn-danger"]'.</msg>
<status status="PASS" starttime="20210924 19:52:25.984" endtime="20210924 19:52:26.053"/>
</kw>
<status status="PASS" starttime="20210924 19:52:25.971" endtime="20210924 19:52:26.053"/>
</kw>
<kw name="Fill the form">
<arg>${row}</arg>
<kw name="Wait Until Keyword Succeeds" library="BuiltIn">
<arg>${GLOBAL_RETRY_AMOUNT}</arg>
<arg>${GLOBAL_RETRY_INTERVAL}</arg>
<arg>Wait Until Page Contains Element</arg>
<arg>id:address</arg>
<doc>Runs the specified keyword and retries if it fails.</doc>
<kw name="Wait Until Page Contains Element" library="RPA.Browser.Selenium">
<arg>id:address</arg>
<doc>Waits until the element ``locator`` appears on the current page.</doc>
<status status="PASS" starttime="20210924 19:52:26.055" endtime="20210924 19:52:26.062"/>
</kw>
<status status="PASS" starttime="20210924 19:52:26.054" endtime="20210924 19:52:26.063"/>
</kw>
<kw name="Select From List By Value" library="RPA.Browser.Selenium">
<arg>id:head</arg>
<arg>${row}[Head]</arg>
<doc>Selects options from selection list ``locator`` by ``values``.</doc>
<msg timestamp="20210924 19:52:26.064" level="INFO">Selecting options from selection list 'id:head' by value 4.</msg>
<status status="PASS" starttime="20210924 19:52:26.064" endtime="20210924 19:52:26.128"/>
</kw>
<kw name="Click Element" library="RPA.Browser.Selenium">
<arg>id:id-body-${row}[Body]</arg>
<doc>Click the element identified by ``locator``.</doc>
<msg timestamp="20210924 19:52:26.129" level="INFO">Clicking element 'id:id-body-1'.</msg>
<status status="PASS" starttime="20210924 19:52:26.129" endtime="20210924 19:52:26.179"/>
</kw>
<kw name="Set Variable" library="BuiltIn">
<var>${input_legs}</var>
<arg>xpath://input[contains(@id,'16')]</arg>
<doc>Returns the given values which can then be assigned to a variables.</doc>
<msg timestamp="20210924 19:52:26.179" level="INFO">${input_legs} = xpath://input[contains(@id,'16')]</msg>
<status status="PASS" starttime="20210924 19:52:26.179" endtime="20210924 19:52:26.179"/>
</kw>
<kw name="Input Text" library="RPA.Browser.Selenium">
<arg>${input_legs}</arg>
<arg>${row}[Legs]</arg>
<doc>Types the given ``text`` into the text field identified by ``locator``.</doc>
<msg timestamp="20210924 19:52:26.180" level="INFO">Typing text '5' into text field 'xpath://input[contains(@id,'16')]'.</msg>
<status status="PASS" starttime="20210924 19:52:26.180" endtime="20210924 19:52:26.258"/>
</kw>
<kw name="Input Text" library="RPA.Browser.Selenium">
<arg>id:address</arg>
<arg>${row}[Address]</arg>
<doc>Types the given ``text`` into the text field identified by ``locator``.</doc>
<msg timestamp="20210924 19:52:26.259" level="INFO">Typing text 'Address 456' into text field 'id:address'.</msg>
<status status="PASS" starttime="20210924 19:52:26.259" endtime="20210924 19:52:26.361"/>
</kw>
<status status="PASS" starttime="20210924 19:52:26.054" endtime="20210924 19:52:26.361"/>
</kw>
<kw name="Preview the robot">
<kw name="Wait Until Keyword Succeeds" library="BuiltIn">
<arg>${GLOBAL_RETRY_AMOUNT}</arg>
<arg>${GLOBAL_RETRY_INTERVAL}</arg>
<arg>Wait Until Page Contains Element</arg>
<arg>id:preview</arg>
<doc>Runs the specified keyword and retries if it fails.</doc>
<kw name="Wait Until Page Contains Element" library="RPA.Browser.Selenium">
<arg>id:preview</arg>
<doc>Waits until the element ``locator`` appears on the current page.</doc>
<status status="PASS" starttime="20210924 19:52:26.362" endtime="20210924 19:52:26.370"/>
</kw>
<status status="PASS" starttime="20210924 19:52:26.362" endtime="20210924 19:52:26.371"/>
</kw>
<kw name="Click Button" library="RPA.Browser.Selenium">
<arg>id:preview</arg>
<doc>Clicks the button identified by ``locator``.</doc>
<msg timestamp="20210924 19:52:26.371" level="INFO">Clicking button 'id:preview'.</msg>
<status status="PASS" starttime="20210924 19:52:26.371" endtime="20210924 19:52:26.436"/>
</kw>
<status status="PASS" starttime="20210924 19:52:26.361" endtime="20210924 19:52:26.437"/>
</kw>
<kw name="Take a screenshot of the robot">
<var>${screenshot}</var>
<arg>${row}[Order number]</arg>
<kw name="Wait Until Element Is Visible" library="RPA.Browser.Selenium">
<arg>id:robot-preview-image</arg>
<doc>Waits until the element ``locator`` is visible.</doc>
<status status="PASS" starttime="20210924 19:52:26.439" endtime="20210924 19:52:26.459"/>
</kw>
<kw name="Set Variable" library="BuiltIn">
<var>${img_head}</var>
<arg>xpath://img[contains(@alt,'Head')]</arg>
<doc>Returns the given values which can then be assigned to a variables.</doc>
<msg timestamp="20210924 19:52:26.460" level="INFO">${img_head} = xpath://img[contains(@alt,'Head')]</msg>
<status status="PASS" starttime="20210924 19:52:26.460" endtime="20210924 19:52:26.461"/>
</kw>
<kw name="Wait Until Element Is Visible" library="RPA.Browser.Selenium">
<arg>${img_head}</arg>
<doc>Waits until the element ``locator`` is visible.</doc>
<status status="PASS" starttime="20210924 19:52:26.461" endtime="20210924 19:52:26.709"/>
</kw>
<kw name="Set Variable" library="BuiltIn">
<var>${img_body}</var>
<arg>xpath://img[contains(@alt,'Body')]</arg>
<doc>Returns the given values which can then be assigned to a variables.</doc>
<msg timestamp="20210924 19:52:26.710" level="INFO">${img_body} = xpath://img[contains(@alt,'Body')]</msg>
<status status="PASS" starttime="20210924 19:52:26.709" endtime="20210924 19:52:26.710"/>
</kw>
<kw name="Wait Until Element Is Visible" library="RPA.Browser.Selenium">
<arg>${img_body}</arg>
<doc>Waits until the element ``locator`` is visible.</doc>
<status status="PASS" starttime="20210924 19:52:26.710" endtime="20210924 19:52:26.733"/>
</kw>
<kw name="Set Variable" library="BuiltIn">
<var>${img_legs}</var>
<arg>xpath://img[contains(@alt,'Legs')]</arg>
<doc>Returns the given values which can then be assigned to a variables.</doc>
<msg timestamp="20210924 19:52:26.734" level="INFO">${img_legs} = xpath://img[contains(@alt,'Legs')]</msg>
<status status="PASS" starttime="20210924 19:52:26.733" endtime="20210924 19:52:26.734"/>
</kw>
<kw name="Wait Until Element Is Visible" library="RPA.Browser.Selenium">
<arg>${img_legs}</arg>
<doc>Waits until the element ``locator`` is visible.</doc>
<status status="PASS" starttime="20210924 19:52:26.734" endtime="20210924 19:52:26.759"/>
</kw>
<kw name="Capture Element Screenshot" library="RPA.Browser.Selenium">
<arg>id:robot-preview-image</arg>
<arg>c:\\GitLocalRepo\\RootRobocorp\\course-level-two-certification\\build-a-robot-level-two${/}output${/}receipts${/}${order_number}.png</arg>
<doc>Captures a screenshot from the element identified by ``locator`` and embeds it into log file.</doc>
<msg timestamp="20210924 19:52:26.894" level="INFO" html="true">&lt;/td&gt;&lt;/tr&gt;&lt;tr&gt;&lt;td colspan="3"&gt;&lt;a href="output/receipts/2.png"&gt;&lt;img src="output/receipts/2.png" width="400px"&gt;&lt;/a&gt;</msg>
<status status="PASS" starttime="20210924 19:52:26.759" endtime="20210924 19:52:26.894"/>
</kw>
<msg timestamp="20210924 19:52:26.895" level="INFO">${screenshot} = c:\GitLocalRepo\RootRobocorp\course-level-two-certification\build-a-robot-level-two\output\receipts\2.png</msg>
<status status="PASS" starttime="20210924 19:52:26.437" endtime="20210924 19:52:26.895"/>
</kw>
<kw name="Submit the order">
<kw name="Wait Until Keyword Succeeds" library="BuiltIn">
<arg>${GLOBAL_RETRY_AMOUNT}</arg>
<arg>${GLOBAL_RETRY_INTERVAL}</arg>
<arg>Wait Until Page Contains Element</arg>
<arg>id:order</arg>
<doc>Runs the specified keyword and retries if it fails.</doc>
<kw name="Wait Until Page Contains Element" library="RPA.Browser.Selenium">
<arg>id:order</arg>
<doc>Waits until the element ``locator`` appears on the current page.</doc>
<status status="PASS" starttime="20210924 19:52:26.896" endtime="20210924 19:52:26.907"/>
</kw>
<status status="PASS" starttime="20210924 19:52:26.896" endtime="20210924 19:52:26.907"/>
</kw>
<for flavor="IN RANGE">
<var>${i}</var>
<value>5</value>
<iter>
<var name="${i}">0</var>
<kw name="Click Button" library="RPA.Browser.Selenium">
<arg>id:order</arg>
<doc>Clicks the button identified by ``locator``.</doc>
<msg timestamp="20210924 19:52:26.908" level="INFO">Clicking button 'id:order'.</msg>
<status status="PASS" starttime="20210924 19:52:26.908" endtime="20210924 19:52:26.985"/>
</kw>
<kw name="Does Page Contain" library="RPA.Browser.Selenium">
<var>${submit_Ok}</var>
<arg>Receipt</arg>
<doc>Does page contain expected text</doc>
<msg timestamp="20210924 19:52:27.002" level="INFO">Current page contains text 'Receipt'.</msg>
<msg timestamp="20210924 19:52:27.002" level="INFO">${submit_Ok} = True</msg>
<status status="PASS" starttime="20210924 19:52:26.986" endtime="20210924 19:52:27.002"/>
</kw>
<kw name="Exit For Loop If" library="BuiltIn">
<arg>${submit_Ok}</arg>
<doc>Stops executing the enclosing for loop if the ``condition`` is true.</doc>
<msg timestamp="20210924 19:52:27.003" level="INFO">Exiting for loop altogether.</msg>
<status status="PASS" starttime="20210924 19:52:27.003" endtime="20210924 19:52:27.003"/>
</kw>
<status status="PASS" starttime="20210924 19:52:26.908" endtime="20210924 19:52:27.004"/>
</iter>
<status status="PASS" starttime="20210924 19:52:26.907" endtime="20210924 19:52:27.004"/>
</for>
<status status="PASS" starttime="20210924 19:52:26.895" endtime="20210924 19:52:27.004"/>
</kw>
<kw name="Store the receipt as a PDF file">
<var>${pdf}</var>
<arg>${row}[Order number]</arg>
<kw name="Wait Until Element Is Visible" library="RPA.Browser.Selenium">
<arg>id:order-completion</arg>
<doc>Waits until the element ``locator`` is visible.</doc>
<status status="PASS" starttime="20210924 19:52:27.005" endtime="20210924 19:52:27.028"/>
</kw>
<kw name="Get Element Attribute" library="RPA.Browser.Selenium">
<var>${receipt}</var>
<arg>id:order-completion</arg>
<arg>outerHTML</arg>
<doc>Returns the value of ``attribute`` from the element ``locator``.</doc>
<msg timestamp="20210924 19:52:27.047" level="INFO">${receipt} = &lt;div id="order-completion"&gt;&lt;div id="receipt" class="alert alert-success" role="alert"&gt;&lt;h3&gt;Receipt&lt;/h3&gt;&lt;div&gt;2021-09-24T22:52:26.977Z&lt;/div&gt;&lt;p class="badge badge-success"&gt;RSB-ROBO-ORDER-OJ75KO8UAT&lt;/p&gt;&lt;p&gt;...</msg>
<status status="PASS" starttime="20210924 19:52:27.028" endtime="20210924 19:52:27.047"/>
</kw>
<kw name="Html To Pdf" library="RPA.PDF">
<arg>${receipt}</arg>
<arg>c:\\GitLocalRepo\\RootRobocorp\\course-level-two-certification\\build-a-robot-level-two${/}output${/}receipts${/}${order_number}.pdf</arg>
<doc>Generate a PDF file from HTML content.</doc>
<msg timestamp="20210924 19:52:27.048" level="INFO">Writing output to file C:\GitLocalRepo\RootRobocorp\course-level-two-certification\build-a-robot-level-two\output\receipts\2.pdf</msg>
<status status="PASS" starttime="20210924 19:52:27.047" endtime="20210924 19:52:27.051"/>
</kw>
<msg timestamp="20210924 19:52:27.052" level="INFO">${pdf} = c:\GitLocalRepo\RootRobocorp\course-level-two-certification\build-a-robot-level-two\output\receipts\2.pdf</msg>
<status status="PASS" starttime="20210924 19:52:27.004" endtime="20210924 19:52:27.052"/>
</kw>
<kw name="Embed the robot screenshot to the receipt PDF file">
<arg>${row}[Order number]</arg>
<arg>${pdf}</arg>
<arg>${screenshot}</arg>
<kw name="Create List" library="BuiltIn">
<var>${files}</var>
<arg>${order_pdf}</arg>
<arg>${order_screenshot}:align=center</arg>
<doc>Returns a list containing given items.</doc>
<msg timestamp="20210924 19:52:27.053" level="INFO">${files} = ['c:\\GitLocalRepo\\RootRobocorp\\course-level-two-certification\\build-a-robot-level-two\\output\\receipts\\2.pdf', 'c:\\GitLocalRepo\\RootRobocorp\\course-level-two-certification\\build-a-robot-leve...</msg>
<status status="PASS" starttime="20210924 19:52:27.053" endtime="20210924 19:52:27.053"/>
</kw>
<kw name="Add Files To Pdf" library="RPA.PDF">
<arg>${files}</arg>
<arg>c:\\GitLocalRepo\\RootRobocorp\\course-level-two-certification\\build-a-robot-level-two${/}output${/}receipts${/}order_a-1.pdf</arg>
<doc>Add images and/or pdfs to new PDF document</doc>
<msg timestamp="20210924 19:52:27.063" level="INFO">File c:\GitLocalRepo\RootRobocorp\course-level-two-certification\build-a-robot-level-two\output\receipts\2.pdf type: None</msg>
<msg timestamp="20210924 19:52:27.070" level="INFO">File c:\GitLocalRepo\RootRobocorp\course-level-two-certification\build-a-robot-level-two\output\receipts\2.png type: png</msg>
<msg timestamp="20210924 19:52:27.070" level="INFO">Image parameters: {'align': 'center'}</msg>
<status status="PASS" starttime="20210924 19:52:27.054" endtime="20210924 19:52:27.104"/>
</kw>
<kw name="Log" library="BuiltIn">
<arg>${files}</arg>
<doc>Logs the given message with the given level.</doc>
<msg timestamp="20210924 19:52:27.105" level="INFO">['c:\\GitLocalRepo\\RootRobocorp\\course-level-two-certification\\build-a-robot-level-two\\output\\receipts\\2.pdf', 'c:\\GitLocalRepo\\RootRobocorp\\course-level-two-certification\\build-a-robot-level-two\\output\\receipts\\2.png:align=center']</msg>
<status status="PASS" starttime="20210924 19:52:27.105" endtime="20210924 19:52:27.105"/>
</kw>
<kw name="Add Watermark Image To Pdf" library="RPA.PDF">
<arg>source_path=${order_pdf}</arg>
<arg>image_path=${order_screenshot}</arg>
<arg>output_path=c:\\GitLocalRepo\\RootRobocorp\\course-level-two-certification\\build-a-robot-level-two${/}output${/}receipts${/}order_w-${order_number}.pdf</arg>
<doc>Add image to PDF which can be new or existing PDF.</doc>
<status status="PASS" starttime="20210924 19:52:27.106" endtime="20210924 19:52:27.147"/>
</kw>
<kw name="Close Pdf" library="RPA.PDF">
<arg>${order_pdf}</arg>
<doc>Close PDF file descriptor for certain file.</doc>
<msg timestamp="20210924 19:52:27.148" level="INFO">Closing PDF document: c:\GitLocalRepo\RootRobocorp\course-level-two-certification\build-a-robot-level-two\output\receipts\2.pdf</msg>
<status status="PASS" starttime="20210924 19:52:27.147" endtime="20210924 19:52:27.148"/>
</kw>
<kw name="Remove File" library="RPA.FileSystem">
<arg>${order_pdf}</arg>
<doc>Removes the given file.</doc>
<status status="PASS" starttime="20210924 19:52:27.149" endtime="20210924 19:52:27.150"/>
</kw>
<status status="PASS" starttime="20210924 19:52:27.052" endtime="20210924 19:52:27.150"/>
</kw>
<kw name="Go to order another robot">
<kw name="Wait Until Keyword Succeeds" library="BuiltIn">
<arg>${GLOBAL_RETRY_AMOUNT}</arg>
<arg>${GLOBAL_RETRY_INTERVAL}</arg>
<arg>Wait Until Page Contains Element</arg>
<arg>id:order-another</arg>
<doc>Runs the specified keyword and retries if it fails.</doc>
<kw name="Wait Until Page Contains Element" library="RPA.Browser.Selenium">
<arg>id:order-another</arg>
<doc>Waits until the element ``locator`` appears on the current page.</doc>
<status status="PASS" starttime="20210924 19:52:27.151" endtime="20210924 19:52:27.159"/>
</kw>
<status status="PASS" starttime="20210924 19:52:27.151" endtime="20210924 19:52:27.159"/>
</kw>
<kw name="Click Button" library="RPA.Browser.Selenium">
<arg>id:order-another</arg>
<doc>Clicks the button identified by ``locator``.</doc>
<msg timestamp="20210924 19:52:27.160" level="INFO">Clicking button 'id:order-another'.</msg>
<status status="PASS" starttime="20210924 19:52:27.159" endtime="20210924 19:52:27.355"/>
</kw>
<status status="PASS" starttime="20210924 19:52:27.150" endtime="20210924 19:52:27.356"/>
</kw>
<status status="PASS" starttime="20210924 19:52:25.970" endtime="20210924 19:52:27.356"/>
</iter>
<iter>
<var name="${row}">{'Order number': '3', 'Head': '6', 'Body': '2', 'Legs': '3', 'Address': 'Address 789'}</var>
<kw name="Close the annoying modal">
<kw name="Set Variable" library="BuiltIn">
<var>${button_danger}</var>
<arg>xpath://button[@class="btn btn-danger"]</arg>
<doc>Returns the given values which can then be assigned to a variables.</doc>
<msg timestamp="20210924 19:52:27.359" level="INFO">${button_danger} = xpath://button[@class="btn btn-danger"]</msg>
<status status="PASS" starttime="20210924 19:52:27.358" endtime="20210924 19:52:27.359"/>
</kw>
<kw name="Wait Until Keyword Succeeds" library="BuiltIn">
<arg>${GLOBAL_RETRY_AMOUNT}</arg>
<arg>${GLOBAL_RETRY_INTERVAL}</arg>
<arg>Wait Until Page Contains Element</arg>
<arg>${button_danger}</arg>
<doc>Runs the specified keyword and retries if it fails.</doc>
<kw name="Wait Until Page Contains Element" library="RPA.Browser.Selenium">
<arg>${button_danger}</arg>
<doc>Waits until the element ``locator`` appears on the current page.</doc>
<status status="PASS" starttime="20210924 19:52:27.360" endtime="20210924 19:52:27.368"/>
</kw>
<status status="PASS" starttime="20210924 19:52:27.359" endtime="20210924 19:52:27.368"/>
</kw>
<kw name="Click Button" library="RPA.Browser.Selenium">
<arg>${button_danger}</arg>
<doc>Clicks the button identified by ``locator``.</doc>
<msg timestamp="20210924 19:52:27.369" level="INFO">Clicking button 'xpath://button[@class="btn btn-danger"]'.</msg>
<status status="PASS" starttime="20210924 19:52:27.369" endtime="20210924 19:52:27.430"/>
</kw>
<status status="PASS" starttime="20210924 19:52:27.357" endtime="20210924 19:52:27.430"/>
</kw>
<kw name="Fill the form">
<arg>${row}</arg>
<kw name="Wait Until Keyword Succeeds" library="BuiltIn">
<arg>${GLOBAL_RETRY_AMOUNT}</arg>
<arg>${GLOBAL_RETRY_INTERVAL}</arg>
<arg>Wait Until Page Contains Element</arg>
<arg>id:address</arg>
<doc>Runs the specified keyword and retries if it fails.</doc>
<kw name="Wait Until Page Contains Element" library="RPA.Browser.Selenium">
<arg>id:address</arg>
<doc>Waits until the element ``locator`` appears on the current page.</doc>
<status status="PASS" starttime="20210924 19:52:27.433" endtime="20210924 19:52:27.442"/>
</kw>
<status status="PASS" starttime="20210924 19:52:27.432" endtime="20210924 19:52:27.442"/>
</kw>
<kw name="Select From List By Value" library="RPA.Browser.Selenium">
<arg>id:head</arg>
<arg>${row}[Head]</arg>
<doc>Selects options from selection list ``locator`` by ``values``.</doc>
<msg timestamp="20210924 19:52:27.443" level="INFO">Selecting options from selection list 'id:head' by value 6.</msg>
<status status="PASS" starttime="20210924 19:52:27.442" endtime="20210924 19:52:27.506"/>
</kw>
<kw name="Click Element" library="RPA.Browser.Selenium">
<arg>id:id-body-${row}[Body]</arg>
<doc>Click the element identified by ``locator``.</doc>
<msg timestamp="20210924 19:52:27.506" level="INFO">Clicking element 'id:id-body-2'.</msg>
<status status="PASS" starttime="20210924 19:52:27.506" endtime="20210924 19:52:27.551"/>
</kw>
<kw name="Set Variable" library="BuiltIn">
<var>${input_legs}</var>
<arg>xpath://input[contains(@id,'16')]</arg>
<doc>Returns the given values which can then be assigned to a variables.</doc>
<msg timestamp="20210924 19:52:27.551" level="INFO">${input_legs} = xpath://input[contains(@id,'16')]</msg>
<status status="PASS" starttime="20210924 19:52:27.551" endtime="20210924 19:52:27.551"/>
</kw>
<kw name="Input Text" library="RPA.Browser.Selenium">
<arg>${input_legs}</arg>
<arg>${row}[Legs]</arg>
<doc>Types the given ``text`` into the text field identified by ``locator``.</doc>
<msg timestamp="20210924 19:52:27.552" level="INFO">Typing text '3' into text field 'xpath://input[contains(@id,'16')]'.</msg>
<status status="PASS" starttime="20210924 19:52:27.552" endtime="20210924 19:52:27.625"/>
</kw>
<kw name="Input Text" library="RPA.Browser.Selenium">
<arg>id:address</arg>
<arg>${row}[Address]</arg>
<doc>Types the given ``text`` into the text field identified by ``locator``.</doc>
<msg timestamp="20210924 19:52:27.625" level="INFO">Typing text 'Address 789' into text field 'id:address'.</msg>
<status status="PASS" starttime="20210924 19:52:27.625" endtime="20210924 19:52:27.713"/>
</kw>
<status status="PASS" starttime="20210924 19:52:27.431" endtime="20210924 19:52:27.713"/>
</kw>
<kw name="Preview the robot">
<kw name="Wait Until Keyword Succeeds" library="BuiltIn">
<arg>${GLOBAL_RETRY_AMOUNT}</arg>
<arg>${GLOBAL_RETRY_INTERVAL}</arg>
<arg>Wait Until Page Contains Element</arg>
<arg>id:preview</arg>
<doc>Runs the specified keyword and retries if it fails.</doc>
<kw name="Wait Until Page Contains Element" library="RPA.Browser.Selenium">
<arg>id:preview</arg>
<doc>Waits until the element ``locator`` appears on the current page.</doc>
<status status="PASS" starttime="20210924 19:52:27.715" endtime="20210924 19:52:27.723"/>
</kw>
<status status="PASS" starttime="20210924 19:52:27.714" endtime="20210924 19:52:27.723"/>
</kw>
<kw name="Click Button" library="RPA.Browser.Selenium">
<arg>id:preview</arg>
<doc>Clicks the button identified by ``locator``.</doc>
<msg timestamp="20210924 19:52:27.724" level="INFO">Clicking button 'id:preview'.</msg>
<status status="PASS" starttime="20210924 19:52:27.723" endtime="20210924 19:52:27.789"/>
</kw>
<status status="PASS" starttime="20210924 19:52:27.713" endtime="20210924 19:52:27.790"/>
</kw>
<kw name="Take a screenshot of the robot">
<var>${screenshot}</var>
<arg>${row}[Order number]</arg>
<kw name="Wait Until Element Is Visible" library="RPA.Browser.Selenium">
<arg>id:robot-preview-image</arg>
<doc>Waits until the element ``locator`` is visible.</doc>
<status status="PASS" starttime="20210924 19:52:27.791" endtime="20210924 19:52:27.810"/>
</kw>
<kw name="Set Variable" library="BuiltIn">
<var>${img_head}</var>
<arg>xpath://img[contains(@alt,'Head')]</arg>
<doc>Returns the given values which can then be assigned to a variables.</doc>
<msg timestamp="20210924 19:52:27.811" level="INFO">${img_head} = xpath://img[contains(@alt,'Head')]</msg>
<status status="PASS" starttime="20210924 19:52:27.810" endtime="20210924 19:52:27.811"/>
</kw>
<kw name="Wait Until Element Is Visible" library="RPA.Browser.Selenium">
<arg>${img_head}</arg>
<doc>Waits until the element ``locator`` is visible.</doc>
<status status="PASS" starttime="20210924 19:52:27.811" endtime="20210924 19:52:28.051"/>
</kw>
<kw name="Set Variable" library="BuiltIn">
<var>${img_body}</var>
<arg>xpath://img[contains(@alt,'Body')]</arg>
<doc>Returns the given values which can then be assigned to a variables.</doc>
<msg timestamp="20210924 19:52:28.052" level="INFO">${img_body} = xpath://img[contains(@alt,'Body')]</msg>
<status status="PASS" starttime="20210924 19:52:28.051" endtime="20210924 19:52:28.052"/>
</kw>
<kw name="Wait Until Element Is Visible" library="RPA.Browser.Selenium">
<arg>${img_body}</arg>
<doc>Waits until the element ``locator`` is visible.</doc>
<status status="PASS" starttime="20210924 19:52:28.053" endtime="20210924 19:52:28.070"/>
</kw>
<kw name="Set Variable" library="BuiltIn">
<var>${img_legs}</var>
<arg>xpath://img[contains(@alt,'Legs')]</arg>
<doc>Returns the given values which can then be assigned to a variables.</doc>
<msg timestamp="20210924 19:52:28.071" level="INFO">${img_legs} = xpath://img[contains(@alt,'Legs')]</msg>
<status status="PASS" starttime="20210924 19:52:28.070" endtime="20210924 19:52:28.071"/>
</kw>
<kw name="Wait Until Element Is Visible" library="RPA.Browser.Selenium">
<arg>${img_legs}</arg>
<doc>Waits until the element ``locator`` is visible.</doc>
<status status="PASS" starttime="20210924 19:52:28.071" endtime="20210924 19:52:28.088"/>
</kw>
<kw name="Capture Element Screenshot" library="RPA.Browser.Selenium">
<arg>id:robot-preview-image</arg>
<arg>c:\\GitLocalRepo\\RootRobocorp\\course-level-two-certification\\build-a-robot-level-two${/}output${/}receipts${/}${order_number}.png</arg>
<doc>Captures a screenshot from the element identified by ``locator`` and embeds it into log file.</doc>
<msg timestamp="20210924 19:52:28.212" level="INFO" html="true">&lt;/td&gt;&lt;/tr&gt;&lt;tr&gt;&lt;td colspan="3"&gt;&lt;a href="output/receipts/3.png"&gt;&lt;img src="output/receipts/3.png" width="400px"&gt;&lt;/a&gt;</msg>
<status status="PASS" starttime="20210924 19:52:28.088" endtime="20210924 19:52:28.212"/>
</kw>
<msg timestamp="20210924 19:52:28.213" level="INFO">${screenshot} = c:\GitLocalRepo\RootRobocorp\course-level-two-certification\build-a-robot-level-two\output\receipts\3.png</msg>
<status status="PASS" starttime="20210924 19:52:27.790" endtime="20210924 19:52:28.213"/>
</kw>
<kw name="Submit the order">
<kw name="Wait Until Keyword Succeeds" library="BuiltIn">
<arg>${GLOBAL_RETRY_AMOUNT}</arg>
<arg>${GLOBAL_RETRY_INTERVAL}</arg>
<arg>Wait Until Page Contains Element</arg>
<arg>id:order</arg>
<doc>Runs the specified keyword and retries if it fails.</doc>
<kw name="Wait Until Page Contains Element" library="RPA.Browser.Selenium">
<arg>id:order</arg>
<doc>Waits until the element ``locator`` appears on the current page.</doc>
<status status="PASS" starttime="20210924 19:52:28.214" endtime="20210924 19:52:28.222"/>
</kw>
<status status="PASS" starttime="20210924 19:52:28.214" endtime="20210924 19:52:28.222"/>
</kw>
<for flavor="IN RANGE">
<var>${i}</var>
<value>5</value>
<iter>
<var name="${i}">0</var>
<kw name="Click Button" library="RPA.Browser.Selenium">
<arg>id:order</arg>
<doc>Clicks the button identified by ``locator``.</doc>
<msg timestamp="20210924 19:52:28.223" level="INFO">Clicking button 'id:order'.</msg>
<status status="PASS" starttime="20210924 19:52:28.223" endtime="20210924 19:52:28.299"/>
</kw>
<kw name="Does Page Contain" library="RPA.Browser.Selenium">
<var>${submit_Ok}</var>
<arg>Receipt</arg>
<doc>Does page contain expected text</doc>
<msg timestamp="20210924 19:52:28.314" level="INFO">Current page contains text 'Receipt'.</msg>
<msg timestamp="20210924 19:52:28.315" level="INFO">${submit_Ok} = True</msg>
<status status="PASS" starttime="20210924 19:52:28.300" endtime="20210924 19:52:28.315"/>
</kw>
<kw name="Exit For Loop If" library="BuiltIn">
<arg>${submit_Ok}</arg>
<doc>Stops executing the enclosing for loop if the ``condition`` is true.</doc>
<msg timestamp="20210924 19:52:28.315" level="INFO">Exiting for loop altogether.</msg>
<status status="PASS" starttime="20210924 19:52:28.315" endtime="20210924 19:52:28.316"/>
</kw>
<status status="PASS" starttime="20210924 19:52:28.223" endtime="20210924 19:52:28.316"/>
</iter>
<status status="PASS" starttime="20210924 19:52:28.222" endtime="20210924 19:52:28.316"/>
</for>
<status status="PASS" starttime="20210924 19:52:28.213" endtime="20210924 19:52:28.317"/>
</kw>
<kw name="Store the receipt as a PDF file">
<var>${pdf}</var>
<arg>${row}[Order number]</arg>
<kw name="Wait Until Element Is Visible" library="RPA.Browser.Selenium">
<arg>id:order-completion</arg>
<doc>Waits until the element ``locator`` is visible.</doc>
<status status="PASS" starttime="20210924 19:52:28.318" endtime="20210924 19:52:28.339"/>
</kw>
<kw name="Get Element Attribute" library="RPA.Browser.Selenium">
<var>${receipt}</var>
<arg>id:order-completion</arg>
<arg>outerHTML</arg>
<doc>Returns the value of ``attribute`` from the element ``locator``.</doc>
<msg timestamp="20210924 19:52:28.354" level="INFO">${receipt} = &lt;div id="order-completion"&gt;&lt;div id="receipt" class="alert alert-success" role="alert"&gt;&lt;h3&gt;Receipt&lt;/h3&gt;&lt;div&gt;2021-09-24T22:52:28.287Z&lt;/div&gt;&lt;p class="badge badge-success"&gt;RSB-ROBO-ORDER-1R3VGGO0OA&lt;/p&gt;&lt;p&gt;...</msg>
<status status="PASS" starttime="20210924 19:52:28.339" endtime="20210924 19:52:28.354"/>
</kw>
<kw name="Html To Pdf" library="RPA.PDF">
<arg>${receipt}</arg>
<arg>c:\\GitLocalRepo\\RootRobocorp\\course-level-two-certification\\build-a-robot-level-two${/}output${/}receipts${/}${order_number}.pdf</arg>
<doc>Generate a PDF file from HTML content.</doc>
<msg timestamp="20210924 19:52:28.356" level="INFO">Writing output to file C:\GitLocalRepo\RootRobocorp\course-level-two-certification\build-a-robot-level-two\output\receipts\3.pdf</msg>
<status status="PASS" starttime="20210924 19:52:28.355" endtime="20210924 19:52:28.360"/>
</kw>
<msg timestamp="20210924 19:52:28.361" level="INFO">${pdf} = c:\GitLocalRepo\RootRobocorp\course-level-two-certification\build-a-robot-level-two\output\receipts\3.pdf</msg>
<status status="PASS" starttime="20210924 19:52:28.317" endtime="20210924 19:52:28.361"/>
</kw>
<kw name="Embed the robot screenshot to the receipt PDF file">
<arg>${row}[Order number]</arg>
<arg>${pdf}</arg>
<arg>${screenshot}</arg>
<kw name="Create List" library="BuiltIn">
<var>${files}</var>
<arg>${order_pdf}</arg>
<arg>${order_screenshot}:align=center</arg>
<doc>Returns a list containing given items.</doc>
<msg timestamp="20210924 19:52:28.362" level="INFO">${files} = ['c:\\GitLocalRepo\\RootRobocorp\\course-level-two-certification\\build-a-robot-level-two\\output\\receipts\\3.pdf', 'c:\\GitLocalRepo\\RootRobocorp\\course-level-two-certification\\build-a-robot-leve...</msg>
<status status="PASS" starttime="20210924 19:52:28.362" endtime="20210924 19:52:28.362"/>
</kw>
<kw name="Add Files To Pdf" library="RPA.PDF">
<arg>${files}</arg>
<arg>c:\\GitLocalRepo\\RootRobocorp\\course-level-two-certification\\build-a-robot-level-two${/}output${/}receipts${/}order_a-1.pdf</arg>
<doc>Add images and/or pdfs to new PDF document</doc>
<msg timestamp="20210924 19:52:28.374" level="INFO">File c:\GitLocalRepo\RootRobocorp\course-level-two-certification\build-a-robot-level-two\output\receipts\3.pdf type: None</msg>
<msg timestamp="20210924 19:52:28.380" level="INFO">File c:\GitLocalRepo\RootRobocorp\course-level-two-certification\build-a-robot-level-two\output\receipts\3.png type: png</msg>
<msg timestamp="20210924 19:52:28.380" level="INFO">Image parameters: {'align': 'center'}</msg>
<status status="PASS" starttime="20210924 19:52:28.363" endtime="20210924 19:52:28.423"/>
</kw>
<kw name="Log" library="BuiltIn">
<arg>${files}</arg>
<doc>Logs the given message with the given level.</doc>
<msg timestamp="20210924 19:52:28.424" level="INFO">['c:\\GitLocalRepo\\RootRobocorp\\course-level-two-certification\\build-a-robot-level-two\\output\\receipts\\3.pdf', 'c:\\GitLocalRepo\\RootRobocorp\\course-level-two-certification\\build-a-robot-level-two\\output\\receipts\\3.png:align=center']</msg>
<status status="PASS" starttime="20210924 19:52:28.424" endtime="20210924 19:52:28.425"/>
</kw>
<kw name="Add Watermark Image To Pdf" library="RPA.PDF">
<arg>source_path=${order_pdf}</arg>
<arg>image_path=${order_screenshot}</arg>
<arg>output_path=c:\\GitLocalRepo\\RootRobocorp\\course-level-two-certification\\build-a-robot-level-two${/}output${/}receipts${/}order_w-${order_number}.pdf</arg>
<doc>Add image to PDF which can be new or existing PDF.</doc>
<status status="PASS" starttime="20210924 19:52:28.425" endtime="20210924 19:52:28.467"/>
</kw>
<kw name="Close Pdf" library="RPA.PDF">
<arg>${order_pdf}</arg>
<doc>Close PDF file descriptor for certain file.</doc>
<msg timestamp="20210924 19:52:28.468" level="INFO">Closing PDF document: c:\GitLocalRepo\RootRobocorp\course-level-two-certification\build-a-robot-level-two\output\receipts\3.pdf</msg>
<status status="PASS" starttime="20210924 19:52:28.467" endtime="20210924 19:52:28.468"/>
</kw>
<kw name="Remove File" library="RPA.FileSystem">
<arg>${order_pdf}</arg>
<doc>Removes the given file.</doc>
<status status="PASS" starttime="20210924 19:52:28.469" endtime="20210924 19:52:28.469"/>
</kw>
<status status="PASS" starttime="20210924 19:52:28.361" endtime="20210924 19:52:28.470"/>
</kw>
<kw name="Go to order another robot">
<kw name="Wait Until Keyword Succeeds" library="BuiltIn">
<arg>${GLOBAL_RETRY_AMOUNT}</arg>
<arg>${GLOBAL_RETRY_INTERVAL}</arg>
<arg>Wait Until Page Contains Element</arg>
<arg>id:order-another</arg>
<doc>Runs the specified keyword and retries if it fails.</doc>
<kw name="Wait Until Page Contains Element" library="RPA.Browser.Selenium">
<arg>id:order-another</arg>
<doc>Waits until the element ``locator`` appears on the current page.</doc>
<status status="PASS" starttime="20210924 19:52:28.471" endtime="20210924 19:52:28.481"/>
</kw>
<status status="PASS" starttime="20210924 19:52:28.471" endtime="20210924 19:52:28.481"/>
</kw>
<kw name="Click Button" library="RPA.Browser.Selenium">
<arg>id:order-another</arg>
<doc>Clicks the button identified by ``locator``.</doc>
<msg timestamp="20210924 19:52:28.482" level="INFO">Clicking button 'id:order-another'.</msg>
<status status="PASS" starttime="20210924 19:52:28.481" endtime="20210924 19:52:28.734"/>
</kw>
<status status="PASS" starttime="20210924 19:52:28.470" endtime="20210924 19:52:28.735"/>
</kw>
<status status="PASS" starttime="20210924 19:52:27.357" endtime="20210924 19:52:28.735"/>
</iter>
<iter>
<var name="${row}">{'Order number': '4', 'Head': '2', 'Body': '3', 'Legs': '2', 'Address': 'Address 1'}</var>
<kw name="Close the annoying modal">
<kw name="Set Variable" library="BuiltIn">
<var>${button_danger}</var>
<arg>xpath://button[@class="btn btn-danger"]</arg>
<doc>Returns the given values which can then be assigned to a variables.</doc>
<msg timestamp="20210924 19:52:28.738" level="INFO">${button_danger} = xpath://button[@class="btn btn-danger"]</msg>
<status status="PASS" starttime="20210924 19:52:28.737" endtime="20210924 19:52:28.738"/>
</kw>
<kw name="Wait Until Keyword Succeeds" library="BuiltIn">
<arg>${GLOBAL_RETRY_AMOUNT}</arg>
<arg>${GLOBAL_RETRY_INTERVAL}</arg>
<arg>Wait Until Page Contains Element</arg>
<arg>${button_danger}</arg>
<doc>Runs the specified keyword and retries if it fails.</doc>
<kw name="Wait Until Page Contains Element" library="RPA.Browser.Selenium">
<arg>${button_danger}</arg>
<doc>Waits until the element ``locator`` appears on the current page.</doc>
<status status="PASS" starttime="20210924 19:52:28.739" endtime="20210924 19:52:28.750"/>
</kw>
<status status="PASS" starttime="20210924 19:52:28.738" endtime="20210924 19:52:28.751"/>
</kw>
<kw name="Click Button" library="RPA.Browser.Selenium">
<arg>${button_danger}</arg>
<doc>Clicks the button identified by ``locator``.</doc>
<msg timestamp="20210924 19:52:28.752" level="INFO">Clicking button 'xpath://button[@class="btn btn-danger"]'.</msg>
<status status="PASS" starttime="20210924 19:52:28.751" endtime="20210924 19:52:28.834"/>
</kw>
<status status="PASS" starttime="20210924 19:52:28.736" endtime="20210924 19:52:28.835"/>
</kw>
<kw name="Fill the form">
<arg>${row}</arg>
<kw name="Wait Until Keyword Succeeds" library="BuiltIn">
<arg>${GLOBAL_RETRY_AMOUNT}</arg>
<arg>${GLOBAL_RETRY_INTERVAL}</arg>
<arg>Wait Until Page Contains Element</arg>
<arg>id:address</arg>
<doc>Runs the specified keyword and retries if it fails.</doc>
<kw name="Wait Until Page Contains Element" library="RPA.Browser.Selenium">
<arg>id:address</arg>
<doc>Waits until the element ``locator`` appears on the current page.</doc>
<status status="PASS" starttime="20210924 19:52:28.837" endtime="20210924 19:52:28.847"/>
</kw>
<status status="PASS" starttime="20210924 19:52:28.836" endtime="20210924 19:52:28.848"/>
</kw>
<kw name="Select From List By Value" library="RPA.Browser.Selenium">
<arg>id:head</arg>
<arg>${row}[Head]</arg>
<doc>Selects options from selection list ``locator`` by ``values``.</doc>
<msg timestamp="20210924 19:52:28.849" level="INFO">Selecting options from selection list 'id:head' by value 2.</msg>
<status status="PASS" starttime="20210924 19:52:28.848" endtime="20210924 19:52:28.942"/>
</kw>
<kw name="Click Element" library="RPA.Browser.Selenium">
<arg>id:id-body-${row}[Body]</arg>
<doc>Click the element identified by ``locator``.</doc>
<msg timestamp="20210924 19:52:28.944" level="INFO">Clicking element 'id:id-body-3'.</msg>
<status status="PASS" starttime="20210924 19:52:28.943" endtime="20210924 19:52:29.020"/>
</kw>
<kw name="Set Variable" library="BuiltIn">
<var>${input_legs}</var>
<arg>xpath://input[contains(@id,'16')]</arg>
<doc>Returns the given values which can then be assigned to a variables.</doc>
<msg timestamp="20210924 19:52:29.021" level="INFO">${input_legs} = xpath://input[contains(@id,'16')]</msg>
<status status="PASS" starttime="20210924 19:52:29.020" endtime="20210924 19:52:29.021"/>
</kw>
<kw name="Input Text" library="RPA.Browser.Selenium">
<arg>${input_legs}</arg>
<arg>${row}[Legs]</arg>
<doc>Types the given ``text`` into the text field identified by ``locator``.</doc>
<msg timestamp="20210924 19:52:29.022" level="INFO">Typing text '2' into text field 'xpath://input[contains(@id,'16')]'.</msg>
<status status="PASS" starttime="20210924 19:52:29.021" endtime="20210924 19:52:29.123"/>
</kw>
<kw name="Input Text" library="RPA.Browser.Selenium">
<arg>id:address</arg>
<arg>${row}[Address]</arg>
<doc>Types the given ``text`` into the text field identified by ``locator``.</doc>
<msg timestamp="20210924 19:52:29.125" level="INFO">Typing text 'Address 1' into text field 'id:address'.</msg>
<status status="PASS" starttime="20210924 19:52:29.124" endtime="20210924 19:52:29.237"/>
</kw>
<status status="PASS" starttime="20210924 19:52:28.835" endtime="20210924 19:52:29.238"/>
</kw>
<kw name="Preview the robot">
<kw name="Wait Until Keyword Succeeds" library="BuiltIn">
<arg>${GLOBAL_RETRY_AMOUNT}</arg>
<arg>${GLOBAL_RETRY_INTERVAL}</arg>
<arg>Wait Until Page Contains Element</arg>
<arg>id:preview</arg>
<doc>Runs the specified keyword and retries if it fails.</doc>
<kw name="Wait Until Page Contains Element" library="RPA.Browser.Selenium">
<arg>id:preview</arg>
<doc>Waits until the element ``locator`` appears on the current page.</doc>
<status status="PASS" starttime="20210924 19:52:29.239" endtime="20210924 19:52:29.249"/>
</kw>
<status status="PASS" starttime="20210924 19:52:29.239" endtime="20210924 19:52:29.249"/>
</kw>
<kw name="Click Button" library="RPA.Browser.Selenium">
<arg>id:preview</arg>
<doc>Clicks the button identified by ``locator``.</doc>
<msg timestamp="20210924 19:52:29.249" level="INFO">Clicking button 'id:preview'.</msg>
<status status="PASS" starttime="20210924 19:52:29.249" endtime="20210924 19:52:29.331"/>
</kw>
<status status="PASS" starttime="20210924 19:52:29.238" endtime="20210924 19:52:29.331"/>
</kw>
<kw name="Take a screenshot of the robot">
<var>${screenshot}</var>
<arg>${row}[Order number]</arg>
<kw name="Wait Until Element Is Visible" library="RPA.Browser.Selenium">
<arg>id:robot-preview-image</arg>
<doc>Waits until the element ``locator`` is visible.</doc>
<status status="PASS" starttime="20210924 19:52:29.332" endtime="20210924 19:52:29.353"/>
</kw>
<kw name="Set Variable" library="BuiltIn">
<var>${img_head}</var>
<arg>xpath://img[contains(@alt,'Head')]</arg>
<doc>Returns the given values which can then be assigned to a variables.</doc>
<msg timestamp="20210924 19:52:29.354" level="INFO">${img_head} = xpath://img[contains(@alt,'Head')]</msg>
<status status="PASS" starttime="20210924 19:52:29.354" endtime="20210924 19:52:29.354"/>
</kw>
<kw name="Wait Until Element Is Visible" library="RPA.Browser.Selenium">
<arg>${img_head}</arg>
<doc>Waits until the element ``locator`` is visible.</doc>
<status status="PASS" starttime="20210924 19:52:29.355" endtime="20210924 19:52:29.596"/>
</kw>
<kw name="Set Variable" library="BuiltIn">
<var>${img_body}</var>
<arg>xpath://img[contains(@alt,'Body')]</arg>
<doc>Returns the given values which can then be assigned to a variables.</doc>
<msg timestamp="20210924 19:52:29.598" level="INFO">${img_body} = xpath://img[contains(@alt,'Body')]</msg>
<status status="PASS" starttime="20210924 19:52:29.597" endtime="20210924 19:52:29.598"/>
</kw>
<kw name="Wait Until Element Is Visible" library="RPA.Browser.Selenium">
<arg>${img_body}</arg>
<doc>Waits until the element ``locator`` is visible.</doc>
<status status="PASS" starttime="20210924 19:52:29.598" endtime="20210924 19:52:29.625"/>
</kw>
<kw name="Set Variable" library="BuiltIn">
<var>${img_legs}</var>
<arg>xpath://img[contains(@alt,'Legs')]</arg>
<doc>Returns the given values which can then be assigned to a variables.</doc>
<msg timestamp="20210924 19:52:29.626" level="INFO">${img_legs} = xpath://img[contains(@alt,'Legs')]</msg>
<status status="PASS" starttime="20210924 19:52:29.625" endtime="20210924 19:52:29.626"/>
</kw>
<kw name="Wait Until Element Is Visible" library="RPA.Browser.Selenium">
<arg>${img_legs}</arg>
<doc>Waits until the element ``locator`` is visible.</doc>
<status status="PASS" starttime="20210924 19:52:29.626" endtime="20210924 19:52:29.651"/>
</kw>
<kw name="Capture Element Screenshot" library="RPA.Browser.Selenium">
<arg>id:robot-preview-image</arg>
<arg>c:\\GitLocalRepo\\RootRobocorp\\course-level-two-certification\\build-a-robot-level-two${/}output${/}receipts${/}${order_number}.png</arg>
<doc>Captures a screenshot from the element identified by ``locator`` and embeds it into log file.</doc>
<msg timestamp="20210924 19:52:29.860" level="INFO" html="true">&lt;/td&gt;&lt;/tr&gt;&lt;tr&gt;&lt;td colspan="3"&gt;&lt;a href="output/receipts/4.png"&gt;&lt;img src="output/receipts/4.png" width="400px"&gt;&lt;/a&gt;</msg>
<status status="PASS" starttime="20210924 19:52:29.652" endtime="20210924 19:52:29.860"/>
</kw>
<msg timestamp="20210924 19:52:29.861" level="INFO">${screenshot} = c:\GitLocalRepo\RootRobocorp\course-level-two-certification\build-a-robot-level-two\output\receipts\4.png</msg>
<status status="PASS" starttime="20210924 19:52:29.331" endtime="20210924 19:52:29.861"/>
</kw>
<kw name="Submit the order">
<kw name="Wait Until Keyword Succeeds" library="BuiltIn">
<arg>${GLOBAL_RETRY_AMOUNT}</arg>
<arg>${GLOBAL_RETRY_INTERVAL}</arg>
<arg>Wait Until Page Contains Element</arg>
<arg>id:order</arg>
<doc>Runs the specified keyword and retries if it fails.</doc>
<kw name="Wait Until Page Contains Element" library="RPA.Browser.Selenium">
<arg>id:order</arg>
<doc>Waits until the element ``locator`` appears on the current page.</doc>
<status status="PASS" starttime="20210924 19:52:29.863" endtime="20210924 19:52:29.874"/>
</kw>
<status status="PASS" starttime="20210924 19:52:29.862" endtime="20210924 19:52:29.874"/>
</kw>
<for flavor="IN RANGE">
<var>${i}</var>
<value>5</value>
<iter>
<var name="${i}">0</var>
<kw name="Click Button" library="RPA.Browser.Selenium">
<arg>id:order</arg>
<doc>Clicks the button identified by ``locator``.</doc>
<msg timestamp="20210924 19:52:29.876" level="INFO">Clicking button 'id:order'.</msg>
<status status="PASS" starttime="20210924 19:52:29.875" endtime="20210924 19:52:29.975"/>
</kw>
<kw name="Does Page Contain" library="RPA.Browser.Selenium">
<var>${submit_Ok}</var>
<arg>Receipt</arg>
<doc>Does page contain expected text</doc>
<msg timestamp="20210924 19:52:30.000" level="INFO">Current page contains text 'Receipt'.</msg>
<msg timestamp="20210924 19:52:30.001" level="INFO">${submit_Ok} = True</msg>
<status status="PASS" starttime="20210924 19:52:29.976" endtime="20210924 19:52:30.001"/>
</kw>
<kw name="Exit For Loop If" library="BuiltIn">
<arg>${submit_Ok}</arg>
<doc>Stops executing the enclosing for loop if the ``condition`` is true.</doc>
<msg timestamp="20210924 19:52:30.003" level="INFO">Exiting for loop altogether.</msg>
<status status="PASS" starttime="20210924 19:52:30.002" endtime="20210924 19:52:30.004"/>
</kw>
<status status="PASS" starttime="20210924 19:52:29.875" endtime="20210924 19:52:30.004"/>
</iter>
<status status="PASS" starttime="20210924 19:52:29.874" endtime="20210924 19:52:30.005"/>
</for>
<status status="PASS" starttime="20210924 19:52:29.862" endtime="20210924 19:52:30.006"/>
</kw>
<kw name="Store the receipt as a PDF file">
<var>${pdf}</var>
<arg>${row}[Order number]</arg>
<kw name="Wait Until Element Is Visible" library="RPA.Browser.Selenium">
<arg>id:order-completion</arg>
<doc>Waits until the element ``locator`` is visible.</doc>
<status status="PASS" starttime="20210924 19:52:30.008" endtime="20210924 19:52:30.046"/>
</kw>
<kw name="Get Element Attribute" library="RPA.Browser.Selenium">
<var>${receipt}</var>
<arg>id:order-completion</arg>
<arg>outerHTML</arg>
<doc>Returns the value of ``attribute`` from the element ``locator``.</doc>
<msg timestamp="20210924 19:52:30.077" level="INFO">${receipt} = &lt;div id="order-completion"&gt;&lt;div id="receipt" class="alert alert-success" role="alert"&gt;&lt;h3&gt;Receipt&lt;/h3&gt;&lt;div&gt;2021-09-24T22:52:29.960Z&lt;/div&gt;&lt;p class="badge badge-success"&gt;RSB-ROBO-ORDER-7TKOKF0CS&lt;/p&gt;&lt;p&gt;A...</msg>
<status status="PASS" starttime="20210924 19:52:30.046" endtime="20210924 19:52:30.077"/>
</kw>
<kw name="Html To Pdf" library="RPA.PDF">
<arg>${receipt}</arg>
<arg>c:\\GitLocalRepo\\RootRobocorp\\course-level-two-certification\\build-a-robot-level-two${/}output${/}receipts${/}${order_number}.pdf</arg>
<doc>Generate a PDF file from HTML content.</doc>
<msg timestamp="20210924 19:52:30.081" level="INFO">Writing output to file C:\GitLocalRepo\RootRobocorp\course-level-two-certification\build-a-robot-level-two\output\receipts\4.pdf</msg>
<status status="PASS" starttime="20210924 19:52:30.078" endtime="20210924 19:52:30.088"/>
</kw>
<msg timestamp="20210924 19:52:30.090" level="INFO">${pdf} = c:\GitLocalRepo\RootRobocorp\course-level-two-certification\build-a-robot-level-two\output\receipts\4.pdf</msg>
<status status="PASS" starttime="20210924 19:52:30.006" endtime="20210924 19:52:30.090"/>
</kw>
<kw name="Embed the robot screenshot to the receipt PDF file">
<arg>${row}[Order number]</arg>
<arg>${pdf}</arg>
<arg>${screenshot}</arg>
<kw name="Create List" library="BuiltIn">
<var>${files}</var>
<arg>${order_pdf}</arg>
<arg>${order_screenshot}:align=center</arg>
<doc>Returns a list containing given items.</doc>
<msg timestamp="20210924 19:52:30.094" level="INFO">${files} = ['c:\\GitLocalRepo\\RootRobocorp\\course-level-two-certification\\build-a-robot-level-two\\output\\receipts\\4.pdf', 'c:\\GitLocalRepo\\RootRobocorp\\course-level-two-certification\\build-a-robot-leve...</msg>
<status status="PASS" starttime="20210924 19:52:30.093" endtime="20210924 19:52:30.094"/>
</kw>
<kw name="Add Files To Pdf" library="RPA.PDF">
<arg>${files}</arg>
<arg>c:\\GitLocalRepo\\RootRobocorp\\course-level-two-certification\\build-a-robot-level-two${/}output${/}receipts${/}order_a-1.pdf</arg>
<doc>Add images and/or pdfs to new PDF document</doc>
<msg timestamp="20210924 19:52:30.114" level="INFO">File c:\GitLocalRepo\RootRobocorp\course-level-two-certification\build-a-robot-level-two\output\receipts\4.pdf type: None</msg>
<msg timestamp="20210924 19:52:30.128" level="INFO">File c:\GitLocalRepo\RootRobocorp\course-level-two-certification\build-a-robot-level-two\output\receipts\4.png type: png</msg>
<msg timestamp="20210924 19:52:30.128" level="INFO">Image parameters: {'align': 'center'}</msg>
<status status="PASS" starttime="20210924 19:52:30.095" endtime="20210924 19:52:30.203"/>
</kw>
<kw name="Log" library="BuiltIn">
<arg>${files}</arg>
<doc>Logs the given message with the given level.</doc>
<msg timestamp="20210924 19:52:30.204" level="INFO">['c:\\GitLocalRepo\\RootRobocorp\\course-level-two-certification\\build-a-robot-level-two\\output\\receipts\\4.pdf', 'c:\\GitLocalRepo\\RootRobocorp\\course-level-two-certification\\build-a-robot-level-two\\output\\receipts\\4.png:align=center']</msg>
<status status="PASS" starttime="20210924 19:52:30.203" endtime="20210924 19:52:30.204"/>
</kw>
<kw name="Add Watermark Image To Pdf" library="RPA.PDF">
<arg>source_path=${order_pdf}</arg>
<arg>image_path=${order_screenshot}</arg>
<arg>output_path=c:\\GitLocalRepo\\RootRobocorp\\course-level-two-certification\\build-a-robot-level-two${/}output${/}receipts${/}order_w-${order_number}.pdf</arg>
<doc>Add image to PDF which can be new or existing PDF.</doc>
<status status="PASS" starttime="20210924 19:52:30.205" endtime="20210924 19:52:30.262"/>
</kw>
<kw name="Close Pdf" library="RPA.PDF">
<arg>${order_pdf}</arg>
<doc>Close PDF file descriptor for certain file.</doc>
<msg timestamp="20210924 19:52:30.263" level="INFO">Closing PDF document: c:\GitLocalRepo\RootRobocorp\course-level-two-certification\build-a-robot-level-two\output\receipts\4.pdf</msg>
<status status="PASS" starttime="20210924 19:52:30.262" endtime="20210924 19:52:30.263"/>
</kw>
<kw name="Remove File" library="RPA.FileSystem">
<arg>${order_pdf}</arg>
<doc>Removes the given file.</doc>
<status status="PASS" starttime="20210924 19:52:30.264" endtime="20210924 19:52:30.265"/>
</kw>
<status status="PASS" starttime="20210924 19:52:30.091" endtime="20210924 19:52:30.265"/>
</kw>
<kw name="Go to order another robot">
<kw name="Wait Until Keyword Succeeds" library="BuiltIn">
<arg>${GLOBAL_RETRY_AMOUNT}</arg>
<arg>${GLOBAL_RETRY_INTERVAL}</arg>
<arg>Wait Until Page Contains Element</arg>
<arg>id:order-another</arg>
<doc>Runs the specified keyword and retries if it fails.</doc>
<kw name="Wait Until Page Contains Element" library="RPA.Browser.Selenium">
<arg>id:order-another</arg>
<doc>Waits until the element ``locator`` appears on the current page.</doc>
<status status="PASS" starttime="20210924 19:52:30.266" endtime="20210924 19:52:30.275"/>
</kw>
<status status="PASS" starttime="20210924 19:52:30.266" endtime="20210924 19:52:30.275"/>
</kw>
<kw name="Click Button" library="RPA.Browser.Selenium">
<arg>id:order-another</arg>
<doc>Clicks the button identified by ``locator``.</doc>
<msg timestamp="20210924 19:52:30.275" level="INFO">Clicking button 'id:order-another'.</msg>
<status status="PASS" starttime="20210924 19:52:30.275" endtime="20210924 19:52:30.555"/>
</kw>
<status status="PASS" starttime="20210924 19:52:30.265" endtime="20210924 19:52:30.556"/>
</kw>
<status status="PASS" starttime="20210924 19:52:28.736" endtime="20210924 19:52:30.557"/>
</iter>
<iter>
<var name="${row}">{'Order number': '5', 'Head': '3', 'Body': '5', 'Legs': '1', 'Address': 'Address 2'}</var>
<kw name="Close the annoying modal">
<kw name="Set Variable" library="BuiltIn">
<var>${button_danger}</var>
<arg>xpath://button[@class="btn btn-danger"]</arg>
<doc>Returns the given values which can then be assigned to a variables.</doc>
<msg timestamp="20210924 19:52:30.561" level="INFO">${button_danger} = xpath://button[@class="btn btn-danger"]</msg>
<status status="PASS" starttime="20210924 19:52:30.560" endtime="20210924 19:52:30.561"/>
</kw>
<kw name="Wait Until Keyword Succeeds" library="BuiltIn">
<arg>${GLOBAL_RETRY_AMOUNT}</arg>
<arg>${GLOBAL_RETRY_INTERVAL}</arg>
<arg>Wait Until Page Contains Element</arg>
<arg>${button_danger}</arg>
<doc>Runs the specified keyword and retries if it fails.</doc>
<kw name="Wait Until Page Contains Element" library="RPA.Browser.Selenium">
<arg>${button_danger}</arg>
<doc>Waits until the element ``locator`` appears on the current page.</doc>
<status status="PASS" starttime="20210924 19:52:30.563" endtime="20210924 19:52:30.580"/>
</kw>
<status status="PASS" starttime="20210924 19:52:30.562" endtime="20210924 19:52:30.580"/>
</kw>
<kw name="Click Button" library="RPA.Browser.Selenium">
<arg>${button_danger}</arg>
<doc>Clicks the button identified by ``locator``.</doc>
<msg timestamp="20210924 19:52:30.581" level="INFO">Clicking button 'xpath://button[@class="btn btn-danger"]'.</msg>
<status status="PASS" starttime="20210924 19:52:30.581" endtime="20210924 19:52:30.697"/>
</kw>
<status status="PASS" starttime="20210924 19:52:30.559" endtime="20210924 19:52:30.698"/>
</kw>
<kw name="Fill the form">
<arg>${row}</arg>
<kw name="Wait Until Keyword Succeeds" library="BuiltIn">
<arg>${GLOBAL_RETRY_AMOUNT}</arg>
<arg>${GLOBAL_RETRY_INTERVAL}</arg>
<arg>Wait Until Page Contains Element</arg>
<arg>id:address</arg>
<doc>Runs the specified keyword and retries if it fails.</doc>
<kw name="Wait Until Page Contains Element" library="RPA.Browser.Selenium">
<arg>id:address</arg>
<doc>Waits until the element ``locator`` appears on the current page.</doc>
<status status="PASS" starttime="20210924 19:52:30.702" endtime="20210924 19:52:30.722"/>
</kw>
<status status="PASS" starttime="20210924 19:52:30.700" endtime="20210924 19:52:30.722"/>
</kw>
<kw name="Select From List By Value" library="RPA.Browser.Selenium">
<arg>id:head</arg>
<arg>${row}[Head]</arg>
<doc>Selects options from selection list ``locator`` by ``values``.</doc>
<msg timestamp="20210924 19:52:30.724" level="INFO">Selecting options from selection list 'id:head' by value 3.</msg>
<status status="PASS" starttime="20210924 19:52:30.723" endtime="20210924 19:52:30.880"/>
</kw>
<kw name="Click Element" library="RPA.Browser.Selenium">
<arg>id:id-body-${row}[Body]</arg>
<doc>Click the element identified by ``locator``.</doc>
<msg timestamp="20210924 19:52:30.881" level="INFO">Clicking element 'id:id-body-5'.</msg>
<status status="PASS" starttime="20210924 19:52:30.880" endtime="20210924 19:52:30.967"/>
</kw>
<kw name="Set Variable" library="BuiltIn">
<var>${input_legs}</var>
<arg>xpath://input[contains(@id,'16')]</arg>
<doc>Returns the given values which can then be assigned to a variables.</doc>
<msg timestamp="20210924 19:52:30.969" level="INFO">${input_legs} = xpath://input[contains(@id,'16')]</msg>
<status status="PASS" starttime="20210924 19:52:30.968" endtime="20210924 19:52:30.969"/>
</kw>
<kw name="Input Text" library="RPA.Browser.Selenium">
<arg>${input_legs}</arg>
<arg>${row}[Legs]</arg>
<doc>Types the given ``text`` into the text field identified by ``locator``.</doc>
<msg timestamp="20210924 19:52:30.970" level="INFO">Typing text '1' into text field 'xpath://input[contains(@id,'16')]'.</msg>
<status status="PASS" starttime="20210924 19:52:30.970" endtime="20210924 19:52:31.098"/>
</kw>
<kw name="Input Text" library="RPA.Browser.Selenium">
<arg>id:address</arg>
<arg>${row}[Address]</arg>
<doc>Types the given ``text`` into the text field identified by ``locator``.</doc>
<msg timestamp="20210924 19:52:31.099" level="INFO">Typing text 'Address 2' into text field 'id:address'.</msg>
<status status="PASS" starttime="20210924 19:52:31.098" endtime="20210924 19:52:31.241"/>
</kw>
[...]
<msg timestamp="20210924 19:53:01.431" level="INFO">Closing PDF document: c:\GitLocalRepo\RootRobocorp\course-level-two-certification\build-a-robot-level-two\output\receipts\19.pdf</msg>
<status status="PASS" starttime="20210924 19:53:01.430" endtime="20210924 19:53:01.432"/>
</kw>
<kw name="Remove File" library="RPA.FileSystem">
<arg>${order_pdf}</arg>
<doc>Removes the given file.</doc>
<status status="PASS" starttime="20210924 19:53:01.432" endtime="20210924 19:53:01.434"/>
</kw>
<status status="PASS" starttime="20210924 19:53:01.281" endtime="20210924 19:53:01.435"/>
</kw>
<kw name="Go to order another robot">
<kw name="Wait Until Keyword Succeeds" library="BuiltIn">
<arg>${GLOBAL_RETRY_AMOUNT}</arg>
<arg>${GLOBAL_RETRY_INTERVAL}</arg>
<arg>Wait Until Page Contains Element</arg>
<arg>id:order-another</arg>
<doc>Runs the specified keyword and retries if it fails.</doc>
<kw name="Wait Until Page Contains Element" library="RPA.Browser.Selenium">
<arg>id:order-another</arg>
<doc>Waits until the element ``locator`` appears on the current page.</doc>
<status status="PASS" starttime="20210924 19:53:01.438" endtime="20210924 19:53:01.456"/>
</kw>
<status status="PASS" starttime="20210924 19:53:01.437" endtime="20210924 19:53:01.457"/>
</kw>
<kw name="Click Button" library="RPA.Browser.Selenium">
<arg>id:order-another</arg>
<doc>Clicks the button identified by ``locator``.</doc>
<msg timestamp="20210924 19:53:01.459" level="INFO">Clicking button 'id:order-another'.</msg>
<status status="PASS" starttime="20210924 19:53:01.458" endtime="20210924 19:53:01.799"/>
</kw>
<status status="PASS" starttime="20210924 19:53:01.436" endtime="20210924 19:53:01.802"/>
</kw>
<status status="PASS" starttime="20210924 19:52:59.812" endtime="20210924 19:53:01.802"/>
</iter>
<iter>
<var name="${row}">{'Order number': '20', 'Head': '1', 'Body': '1', 'Legs': '5', 'Address': 'Address H'}</var>
<kw name="Close the annoying modal">
<kw name="Set Variable" library="BuiltIn">
<var>${button_danger}</var>
<arg>xpath://button[@class="btn btn-danger"]</arg>
<doc>Returns the given values which can then be assigned to a variables.</doc>
<msg timestamp="20210924 19:53:01.809" level="INFO">${button_danger} = xpath://button[@class="btn btn-danger"]</msg>
<status status="PASS" starttime="20210924 19:53:01.807" endtime="20210924 19:53:01.809"/>
</kw>
<kw name="Wait Until Keyword Succeeds" library="BuiltIn">
<arg>${GLOBAL_RETRY_AMOUNT}</arg>
<arg>${GLOBAL_RETRY_INTERVAL}</arg>
<arg>Wait Until Page Contains Element</arg>
<arg>${button_danger}</arg>
<doc>Runs the specified keyword and retries if it fails.</doc>
<kw name="Wait Until Page Contains Element" library="RPA.Browser.Selenium">
<arg>${button_danger}</arg>
<doc>Waits until the element ``locator`` appears on the current page.</doc>
<status status="PASS" starttime="20210924 19:53:01.812" endtime="20210924 19:53:01.831"/>
</kw>
<status status="PASS" starttime="20210924 19:53:01.810" endtime="20210924 19:53:01.831"/>
</kw>
<kw name="Click Button" library="RPA.Browser.Selenium">
<arg>${button_danger}</arg>
<doc>Clicks the button identified by ``locator``.</doc>
<msg timestamp="20210924 19:53:01.834" level="INFO">Clicking button 'xpath://button[@class="btn btn-danger"]'.</msg>
<status status="PASS" starttime="20210924 19:53:01.832" endtime="20210924 19:53:01.956"/>
</kw>
<status status="PASS" starttime="20210924 19:53:01.805" endtime="20210924 19:53:01.957"/>
</kw>
<kw name="Fill the form">
<arg>${row}</arg>
<kw name="Wait Until Keyword Succeeds" library="BuiltIn">
<arg>${GLOBAL_RETRY_AMOUNT}</arg>
<arg>${GLOBAL_RETRY_INTERVAL}</arg>
<arg>Wait Until Page Contains Element</arg>
<arg>id:address</arg>
<doc>Runs the specified keyword and retries if it fails.</doc>
<kw name="Wait Until Page Contains Element" library="RPA.Browser.Selenium">
<arg>id:address</arg>
<doc>Waits until the element ``locator`` appears on the current page.</doc>
<status status="PASS" starttime="20210924 19:53:01.960" endtime="20210924 19:53:01.977"/>
</kw>
<status status="PASS" starttime="20210924 19:53:01.959" endtime="20210924 19:53:01.978"/>
</kw>
<kw name="Select From List By Value" library="RPA.Browser.Selenium">
<arg>id:head</arg>
<arg>${row}[Head]</arg>
<doc>Selects options from selection list ``locator`` by ``values``.</doc>
<msg timestamp="20210924 19:53:01.980" level="INFO">Selecting options from selection list 'id:head' by value 1.</msg>
<status status="PASS" starttime="20210924 19:53:01.979" endtime="20210924 19:53:02.137"/>
</kw>
<kw name="Click Element" library="RPA.Browser.Selenium">
<arg>id:id-body-${row}[Body]</arg>
<doc>Click the element identified by ``locator``.</doc>
<msg timestamp="20210924 19:53:02.140" level="INFO">Clicking element 'id:id-body-1'.</msg>
<status status="PASS" starttime="20210924 19:53:02.139" endtime="20210924 19:53:02.271"/>
</kw>
<kw name="Set Variable" library="BuiltIn">
<var>${input_legs}</var>
<arg>xpath://input[contains(@id,'16')]</arg>
<doc>Returns the given values which can then be assigned to a variables.</doc>
<msg timestamp="20210924 19:53:02.273" level="INFO">${input_legs} = xpath://input[contains(@id,'16')]</msg>
<status status="PASS" starttime="20210924 19:53:02.272" endtime="20210924 19:53:02.273"/>
</kw>
<kw name="Input Text" library="RPA.Browser.Selenium">
<arg>${input_legs}</arg>
<arg>${row}[Legs]</arg>
<doc>Types the given ``text`` into the text field identified by ``locator``.</doc>
<msg timestamp="20210924 19:53:02.275" level="INFO">Typing text '5' into text field 'xpath://input[contains(@id,'16')]'.</msg>
<status status="PASS" starttime="20210924 19:53:02.274" endtime="20210924 19:53:02.465"/>
</kw>
<kw name="Input Text" library="RPA.Browser.Selenium">
<arg>id:address</arg>
<arg>${row}[Address]</arg>
<doc>Types the given ``text`` into the text field identified by ``locator``.</doc>
<msg timestamp="20210924 19:53:02.467" level="INFO">Typing text 'Address H' into text field 'id:address'.</msg>
<status status="PASS" starttime="20210924 19:53:02.466" endtime="20210924 19:53:02.673"/>
</kw>
<status status="PASS" starttime="20210924 19:53:01.958" endtime="20210924 19:53:02.673"/>
</kw>
<kw name="Preview the robot">
<kw name="Wait Until Keyword Succeeds" library="BuiltIn">
<arg>${GLOBAL_RETRY_AMOUNT}</arg>
<arg>${GLOBAL_RETRY_INTERVAL}</arg>
<arg>Wait Until Page Contains Element</arg>
<arg>id:preview</arg>
<doc>Runs the specified keyword and retries if it fails.</doc>
<kw name="Wait Until Page Contains Element" library="RPA.Browser.Selenium">
<arg>id:preview</arg>
<doc>Waits until the element ``locator`` appears on the current page.</doc>
<status status="PASS" starttime="20210924 19:53:02.677" endtime="20210924 19:53:02.695"/>
</kw>
<status status="PASS" starttime="20210924 19:53:02.675" endtime="20210924 19:53:02.696"/>
</kw>
<kw name="Click Button" library="RPA.Browser.Selenium">
<arg>id:preview</arg>
<doc>Clicks the button identified by ``locator``.</doc>
<msg timestamp="20210924 19:53:02.697" level="INFO">Clicking button 'id:preview'.</msg>
<status status="PASS" starttime="20210924 19:53:02.697" endtime="20210924 19:53:02.839"/>
</kw>
<status status="PASS" starttime="20210924 19:53:02.674" endtime="20210924 19:53:02.840"/>
</kw>
<kw name="Take a screenshot of the robot">
<var>${screenshot}</var>
<arg>${row}[Order number]</arg>
<kw name="Wait Until Element Is Visible" library="RPA.Browser.Selenium">
<arg>id:robot-preview-image</arg>
<doc>Waits until the element ``locator`` is visible.</doc>
<status status="PASS" starttime="20210924 19:53:02.842" endtime="20210924 19:53:02.881"/>
</kw>
<kw name="Set Variable" library="BuiltIn">
<var>${img_head}</var>
<arg>xpath://img[contains(@alt,'Head')]</arg>
<doc>Returns the given values which can then be assigned to a variables.</doc>
<msg timestamp="20210924 19:53:02.883" level="INFO">${img_head} = xpath://img[contains(@alt,'Head')]</msg>
<status status="PASS" starttime="20210924 19:53:02.882" endtime="20210924 19:53:02.884"/>
</kw>
<kw name="Wait Until Element Is Visible" library="RPA.Browser.Selenium">
<arg>${img_head}</arg>
<doc>Waits until the element ``locator`` is visible.</doc>
<status status="PASS" starttime="20210924 19:53:02.885" endtime="20210924 19:53:02.926"/>
</kw>
<kw name="Set Variable" library="BuiltIn">
<var>${img_body}</var>
<arg>xpath://img[contains(@alt,'Body')]</arg>
<doc>Returns the given values which can then be assigned to a variables.</doc>
<msg timestamp="20210924 19:53:02.928" level="INFO">${img_body} = xpath://img[contains(@alt,'Body')]</msg>
<status status="PASS" starttime="20210924 19:53:02.927" endtime="20210924 19:53:02.928"/>
</kw>
<kw name="Wait Until Element Is Visible" library="RPA.Browser.Selenium">
<arg>${img_body}</arg>
<doc>Waits until the element ``locator`` is visible.</doc>
<status status="PASS" starttime="20210924 19:53:02.929" endtime="20210924 19:53:02.970"/>
</kw>
<kw name="Set Variable" library="BuiltIn">
<var>${img_legs}</var>
<arg>xpath://img[contains(@alt,'Legs')]</arg>
<doc>Returns the given values which can then be assigned to a variables.</doc>
<msg timestamp="20210924 19:53:02.972" level="INFO">${img_legs} = xpath://img[contains(@alt,'Legs')]</msg>
<status status="PASS" starttime="20210924 19:53:02.971" endtime="20210924 19:53:02.972"/>
</kw>
<kw name="Wait Until Element Is Visible" library="RPA.Browser.Selenium">
<arg>${img_legs}</arg>
<doc>Waits until the element ``locator`` is visible.</doc>
<status status="PASS" starttime="20210924 19:53:02.972" endtime="20210924 19:53:03.014"/>
</kw>
<kw name="Capture Element Screenshot" library="RPA.Browser.Selenium">
<arg>id:robot-preview-image</arg>
<arg>c:\\GitLocalRepo\\RootRobocorp\\course-level-two-certification\\build-a-robot-level-two${/}output${/}receipts${/}${order_number}.png</arg>
<doc>Captures a screenshot from the element identified by ``locator`` and embeds it into log file.</doc>
<msg timestamp="20210924 19:53:03.205" level="INFO" html="true">&lt;/td&gt;&lt;/tr&gt;&lt;tr&gt;&lt;td colspan="3"&gt;&lt;a href="output/receipts/20.png"&gt;&lt;img src="output/receipts/20.png" width="400px"&gt;&lt;/a&gt;</msg>
<status status="PASS" starttime="20210924 19:53:03.015" endtime="20210924 19:53:03.205"/>
</kw>
<msg timestamp="20210924 19:53:03.206" level="INFO">${screenshot} = c:\GitLocalRepo\RootRobocorp\course-level-two-certification\build-a-robot-level-two\output\receipts\20.png</msg>
<status status="PASS" starttime="20210924 19:53:02.840" endtime="20210924 19:53:03.206"/>
</kw>
<kw name="Submit the order">
<kw name="Wait Until Keyword Succeeds" library="BuiltIn">
<arg>${GLOBAL_RETRY_AMOUNT}</arg>
<arg>${GLOBAL_RETRY_INTERVAL}</arg>
<arg>Wait Until Page Contains Element</arg>
<arg>id:order</arg>
<doc>Runs the specified keyword and retries if it fails.</doc>
<kw name="Wait Until Page Contains Element" library="RPA.Browser.Selenium">
<arg>id:order</arg>
<doc>Waits until the element ``locator`` appears on the current page.</doc>
<status status="PASS" starttime="20210924 19:53:03.210" endtime="20210924 19:53:03.227"/>
</kw>
<status status="PASS" starttime="20210924 19:53:03.208" endtime="20210924 19:53:03.228"/>
</kw>
<for flavor="IN RANGE">
<var>${i}</var>
<value>5</value>
<iter>
<var name="${i}">0</var>
<kw name="Click Button" library="RPA.Browser.Selenium">
<arg>id:order</arg>
<doc>Clicks the button identified by ``locator``.</doc>
<msg timestamp="20210924 19:53:03.230" level="INFO">Clicking button 'id:order'.</msg>
<status status="PASS" starttime="20210924 19:53:03.230" endtime="20210924 19:53:03.364"/>
</kw>
<kw name="Does Page Contain" library="RPA.Browser.Selenium">
<var>${submit_Ok}</var>
<arg>Receipt</arg>
<doc>Does page contain expected text</doc>
<msg timestamp="20210924 19:53:03.389" level="INFO">Current page contains text 'Receipt'.</msg>
<msg timestamp="20210924 19:53:03.390" level="INFO">${submit_Ok} = True</msg>
<status status="PASS" starttime="20210924 19:53:03.364" endtime="20210924 19:53:03.390"/>
</kw>
<kw name="Exit For Loop If" library="BuiltIn">
<arg>${submit_Ok}</arg>
<doc>Stops executing the enclosing for loop if the ``condition`` is true.</doc>
<msg timestamp="20210924 19:53:03.392" level="INFO">Exiting for loop altogether.</msg>
<status status="PASS" starttime="20210924 19:53:03.391" endtime="20210924 19:53:03.392"/>
</kw>
<status status="PASS" starttime="20210924 19:53:03.229" endtime="20210924 19:53:03.393"/>
</iter>
<status status="PASS" starttime="20210924 19:53:03.228" endtime="20210924 19:53:03.393"/>
</for>
<status status="PASS" starttime="20210924 19:53:03.207" endtime="20210924 19:53:03.394"/>
</kw>
<kw name="Store the receipt as a PDF file">
<var>${pdf}</var>
<arg>${row}[Order number]</arg>
<kw name="Wait Until Element Is Visible" library="RPA.Browser.Selenium">
<arg>id:order-completion</arg>
<doc>Waits until the element ``locator`` is visible.</doc>
<status status="PASS" starttime="20210924 19:53:03.396" endtime="20210924 19:53:03.433"/>
</kw>
<kw name="Get Element Attribute" library="RPA.Browser.Selenium">
<var>${receipt}</var>
<arg>id:order-completion</arg>
<arg>outerHTML</arg>
<doc>Returns the value of ``attribute`` from the element ``locator``.</doc>
<msg timestamp="20210924 19:53:03.466" level="INFO">${receipt} = &lt;div id="order-completion"&gt;&lt;div id="receipt" class="alert alert-success" role="alert"&gt;&lt;h3&gt;Receipt&lt;/h3&gt;&lt;div&gt;2021-09-24T22:53:03.349Z&lt;/div&gt;&lt;p class="badge badge-success"&gt;RSB-ROBO-ORDER-22CCXF5BE4&lt;/p&gt;&lt;p&gt;...</msg>
<status status="PASS" starttime="20210924 19:53:03.434" endtime="20210924 19:53:03.466"/>
</kw>
<kw name="Html To Pdf" library="RPA.PDF">
<arg>${receipt}</arg>
<arg>c:\\GitLocalRepo\\RootRobocorp\\course-level-two-certification\\build-a-robot-level-two${/}output${/}receipts${/}${order_number}.pdf</arg>
<doc>Generate a PDF file from HTML content.</doc>
<msg timestamp="20210924 19:53:03.470" level="INFO">Writing output to file C:\GitLocalRepo\RootRobocorp\course-level-two-certification\build-a-robot-level-two\output\receipts\20.pdf</msg>
<status status="PASS" starttime="20210924 19:53:03.467" endtime="20210924 19:53:03.476"/>
</kw>
<msg timestamp="20210924 19:53:03.478" level="INFO">${pdf} = c:\GitLocalRepo\RootRobocorp\course-level-two-certification\build-a-robot-level-two\output\receipts\20.pdf</msg>
<status status="PASS" starttime="20210924 19:53:03.394" endtime="20210924 19:53:03.478"/>
</kw>
<kw name="Embed the robot screenshot to the receipt PDF file">
<arg>${row}[Order number]</arg>
<arg>${pdf}</arg>
<arg>${screenshot}</arg>
<kw name="Create List" library="BuiltIn">
<var>${files}</var>
<arg>${order_pdf}</arg>
<arg>${order_screenshot}:align=center</arg>
<doc>Returns a list containing given items.</doc>
<msg timestamp="20210924 19:53:03.482" level="INFO">${files} = ['c:\\GitLocalRepo\\RootRobocorp\\course-level-two-certification\\build-a-robot-level-two\\output\\receipts\\20.pdf', 'c:\\GitLocalRepo\\RootRobocorp\\course-level-two-certification\\build-a-robot-lev...</msg>
<status status="PASS" starttime="20210924 19:53:03.481" endtime="20210924 19:53:03.482"/>
</kw>
<kw name="Add Files To Pdf" library="RPA.PDF">
<arg>${files}</arg>
<arg>c:\\GitLocalRepo\\RootRobocorp\\course-level-two-certification\\build-a-robot-level-two${/}output${/}receipts${/}order_a-1.pdf</arg>
<doc>Add images and/or pdfs to new PDF document</doc>
<msg timestamp="20210924 19:53:03.502" level="INFO">File c:\GitLocalRepo\RootRobocorp\course-level-two-certification\build-a-robot-level-two\output\receipts\20.pdf type: None</msg>
<msg timestamp="20210924 19:53:03.515" level="INFO">File c:\GitLocalRepo\RootRobocorp\course-level-two-certification\build-a-robot-level-two\output\receipts\20.png type: png</msg>
<msg timestamp="20210924 19:53:03.516" level="INFO">Image parameters: {'align': 'center'}</msg>
<status status="PASS" starttime="20210924 19:53:03.484" endtime="20210924 19:53:03.570"/>
</kw>
<kw name="Log" library="BuiltIn">
<arg>${files}</arg>
<doc>Logs the given message with the given level.</doc>
<msg timestamp="20210924 19:53:03.571" level="INFO">['c:\\GitLocalRepo\\RootRobocorp\\course-level-two-certification\\build-a-robot-level-two\\output\\receipts\\20.pdf', 'c:\\GitLocalRepo\\RootRobocorp\\course-level-two-certification\\build-a-robot-level-two\\output\\receipts\\20.png:align=center']</msg>
<status status="PASS" starttime="20210924 19:53:03.571" endtime="20210924 19:53:03.571"/>
</kw>
<kw name="Add Watermark Image To Pdf" library="RPA.PDF">
<arg>source_path=${order_pdf}</arg>
<arg>image_path=${order_screenshot}</arg>
<arg>output_path=c:\\GitLocalRepo\\RootRobocorp\\course-level-two-certification\\build-a-robot-level-two${/}output${/}receipts${/}order_w-${order_number}.pdf</arg>
<doc>Add image to PDF which can be new or existing PDF.</doc>
<status status="PASS" starttime="20210924 19:53:03.572" endtime="20210924 19:53:03.618"/>
</kw>
<kw name="Close Pdf" library="RPA.PDF">
<arg>${order_pdf}</arg>
<doc>Close PDF file descriptor for certain file.</doc>
<msg timestamp="20210924 19:53:03.619" level="INFO">Closing PDF document: c:\GitLocalRepo\RootRobocorp\course-level-two-certification\build-a-robot-level-two\output\receipts\20.pdf</msg>
<status status="PASS" starttime="20210924 19:53:03.619" endtime="20210924 19:53:03.620"/>
</kw>
<kw name="Remove File" library="RPA.FileSystem">
<arg>${order_pdf}</arg>
<doc>Removes the given file.</doc>
<status status="PASS" starttime="20210924 19:53:03.620" endtime="20210924 19:53:03.621"/>
</kw>
<status status="PASS" starttime="20210924 19:53:03.479" endtime="20210924 19:53:03.621"/>
</kw>
<kw name="Go to order another robot">
<kw name="Wait Until Keyword Succeeds" library="BuiltIn">
<arg>${GLOBAL_RETRY_AMOUNT}</arg>
<arg>${GLOBAL_RETRY_INTERVAL}</arg>
<arg>Wait Until Page Contains Element</arg>
<arg>id:order-another</arg>
<doc>Runs the specified keyword and retries if it fails.</doc>
<kw name="Wait Until Page Contains Element" library="RPA.Browser.Selenium">
<arg>id:order-another</arg>
<doc>Waits until the element ``locator`` appears on the current page.</doc>
<status status="PASS" starttime="20210924 19:53:03.623" endtime="20210924 19:53:03.632"/>
</kw>
<status status="PASS" starttime="20210924 19:53:03.622" endtime="20210924 19:53:03.633"/>
</kw>
<kw name="Click Button" library="RPA.Browser.Selenium">
<arg>id:order-another</arg>
<doc>Clicks the button identified by ``locator``.</doc>
<msg timestamp="20210924 19:53:03.633" level="INFO">Clicking button 'id:order-another'.</msg>
<status status="PASS" starttime="20210924 19:53:03.633" endtime="20210924 19:53:03.934"/>
</kw>
<status status="PASS" starttime="20210924 19:53:03.622" endtime="20210924 19:53:03.935"/>
</kw>
<status status="PASS" starttime="20210924 19:53:01.804" endtime="20210924 19:53:03.935"/>
</iter>
<status status="PASS" starttime="20210924 19:52:23.847" endtime="20210924 19:53:03.936"/>
</for>
<kw name="Create a ZIP file of the receipts">
<kw name="Archive Folder With Zip" library="RPA.Archive">
<arg>c:\\GitLocalRepo\\RootRobocorp\\course-level-two-certification\\build-a-robot-level-two${/}output${/}receipts${/}</arg>
<arg>output${/}receipts.zip</arg>
<doc>Create a zip archive of a folder</doc>
<status status="PASS" starttime="20210924 19:53:03.938" endtime="20210924 19:53:04.306"/>
</kw>
<status status="PASS" starttime="20210924 19:53:03.937" endtime="20210924 19:53:04.307"/>
</kw>
<status status="PASS" starttime="20210924 19:52:08.922" endtime="20210924 19:53:04.307"/>
</test>
<doc>Orders robots from RobotSpareBin Industries Inc.
Saves the order HTML receipt as a PDF file.
Saves the screenshot of the ordered robot.
Embeds the screenshot of the robot to the PDF receipt.
Creates ZIP archive of the receipts and the images.</doc>
<status status="PASS" starttime="20210924 19:52:07.391" endtime="20210924 19:53:04.309"/>
</suite>
<statistics>
<total>
<stat pass="1" fail="0" skip="0">All Tasks</stat>
</total>
<tag>
</tag>
<suite>
<stat pass="1" fail="0" skip="0" id="s1" name="Tasks">Tasks</stat>
</suite>
</statistics>
<errors>
</errors>
</robot>
